        .org 0
0000 - 524000C8 - ADDI s0 zero 200
0001 - 526000CC - ADDI s1 zero 204
0002 - 528000D0 - ADDI s2 zero 208
0003 - D0120000 - VLD V0 [s0+0]
0004 - D0330000 - VLD V1 [s1+0]
0005 - C0400800 - VADD V2 V0 V1
0006 - D4540000 - VST V2 [s2+0]
0007 - 52A00000 - ADDI s3 zero 0
0008 - 51800004 - ADDI t0 zero 4
0009 - 9415600D - BGE s3 t0 done
000A - 19B4A800 - ADD t1 s2 s3
000B - 05CD0000 - LW t2 t1 0
000C - 51E0000A - ADDI t3 zero 10
000D - 260E7800 - DIV t4 t2 t3
000E - 2A2E7800 - REM t5 t2 t3
000F - 52100030 - ADDI t4 t4 48
0010 - 0A0007F4 - SW t4 zero 0xFFF4
0011 - 52310030 - ADDI t5 t5 48
0012 - 0A2007F4 - SW t5 zero 0xFFF4
0013 - 51800020 - ADDI t0 zero 32
0014 - 098007F4 - SW t0 zero 0xFFF4
0015 - 52B50001 - ADDI s3 s3 1
0016 - A0000008 - J print_vec
0017 - 5180000A - ADDI t0 zero 10
0018 - 098007F4 - SW t0 zero 0xFFF4
0019 - FC000000 - HALT 
        .org 200
        .word 10
        .word 20
        .word 30
        .word 40
        .org 204
        .word 1
        .word 2
        .word 3
        .word 4
        .org 208
        .word 0
        .word 0
        .word 0
        .word 0