        .org 0
0000 - 16400000 - LUI s0 0
0001 - 525200C8 - ADDI s0 s0 200
0002 - 06720000 - LW s1 s0 0
0003 - 52800000 - ADDI s2 zero 0
0004 - 94149806 - BGE s2 s1 read_name
0005 - 51920001 - ADDI t0 s0 1
0006 - 19ACA000 - ADD t1 t0 s2
0007 - 05CD0000 - LW t2 t1 0
0008 - 09C007F4 - SW t2 zero 0xFFF4
0009 - 52940001 - ADDI s2 s2 1
000A - A0000004 - J print_prompt
000B - 52A000F0 - ADDI s3 zero 240
000C - 52C00000 - ADDI s4 zero 0
000D - 058007F0 - LW t0 zero 0xFFF0
000E - 800C0007 - BEQ t0 zero print_hello
000F - 51A0000A - ADDI t1 zero 10
0010 - 800C6805 - BEQ t0 t1 print_hello
0011 - 51D50001 - ADDI t2 s3 1
0012 - 19EEB000 - ADD t3 t2 s4
0013 - 098F0000 - SW t0 t3 0
0014 - 52D60001 - ADDI s4 s4 1
0015 - A000000D - J read_loop
0016 - 0AD50000 - SW s4 s3 0
0017 - 524000DC - ADDI s0 zero 220
0018 - 06720000 - LW s1 s0 0
0019 - 52800000 - ADDI s2 zero 0
001A - 94149806 - BGE s2 s1 print_name_chars
001B - 51920001 - ADDI t0 s0 1
001C - 19ACA000 - ADD t1 t0 s2
001D - 05CD0000 - LW t2 t1 0
001E - 09C007F4 - SW t2 zero 0xFFF4
001F - 52940001 - ADDI s2 s2 1
0020 - A000001A - J print_hello_str
0021 - 52800000 - ADDI s2 zero 0
0022 - 9414B006 - BGE s2 s4 print_end
0023 - 51950001 - ADDI t0 s3 1
0024 - 19ACA000 - ADD t1 t0 s2
0025 - 05CD0000 - LW t2 t1 0
0026 - 09C007F4 - SW t2 zero 0xFFF4
0027 - 52940001 - ADDI s2 s2 1
0028 - A0000022 - J print_name_loop
0029 - 51800021 - ADDI t0 zero 33
002A - 098007F4 - SW t0 zero 0xFFF4
002B - 5180000A - ADDI t0 zero 10
002C - 098007F4 - SW t0 zero 0xFFF4
002D - FC000000 - HALT 
        .org 200
        .string "What is your name?\n"
        .org 220
        .string "Hello, "