        .org 0
0000 - A0000010 - J main
        .org 1
0001 - 0000000E - .STRING_LEN 14
0002 - 00000048 - .CHAR 'H'
0003 - 00000065 - .CHAR 'e'
0004 - 0000006C - .CHAR 'l'
0005 - 0000006C - .CHAR 'l'
0006 - 0000006F - .CHAR 'o'
0007 - 0000002C - .CHAR ','
0008 - 00000020 - .CHAR ' '
0009 - 00000057 - .CHAR 'W'
000A - 0000006F - .CHAR 'o'
000B - 00000072 - .CHAR 'r'
000C - 0000006C - .CHAR 'l'
000D - 00000064 - .CHAR 'd'
000E - 00000021 - .CHAR '!'
000F - 0000000A - .CHAR '\n'
        .org 16
0010 - 50600001 - ADDI gp zero data_start
0011 - 16000000 - LUI t4 0
0012 - 521007F4 - ADDI t4 t4 -12
0013 - 51830000 - ADDI t0 gp 0
0014 - 05AC0000 - LW t1 t0 0
0015 - 518C0001 - ADDI t0 t0 1
0016 - 51C00000 - ADDI t2 zero 0
0017 - 940E6805 - BGE t2 t1 pe_2
0018 - 19EC7000 - ADD t3 t0 t2
0019 - 05EF0000 - LW t3 t3 0
001A - 08107800 - SW t3 t4 0
001B - 51CE0001 - ADDI t2 t2 1
001C - A0000017 - J ps_1
001D - FC000000 - HALT 