        .org 0
0000 - A0000034 - J main
        .org 4
0004 - 00000001 - .WORD 1
0008 - 00000002 - .WORD 2
000C - 00000003 - .WORD 3
0010 - 00000004 - .WORD 4
0014 - 0000000A - .WORD 10
0018 - 00000014 - .WORD 20
001C - 0000001E - .WORD 30
0020 - 00000028 - .WORD 40
0024 - 00000000 - .WORD 0
0028 - 00000000 - .WORD 0
002C - 00000000 - .WORD 0
0030 - 00000000 - .WORD 0
        .org 52
0034 - 50600004 - ADDI gp zero data_start
0038 - 1AA00000 - ADD s3 zero zero
003C - 51800004 - ADDI t0 zero 4
0040 - 9415609C - BGE s3 t0 en_2
0044 - 61B50002 - SLLI t1 s3 2
0048 - 51AD0000 - ADDI t1 t1 0
004C - 19AD1800 - ADD t1 t1 gp
0050 - 05CD0000 - LW t2 t1 0
0054 - 61F50002 - SLLI t3 s3 2
0058 - 51EF0010 - ADDI t3 t3 16
005C - 19EF1800 - ADD t3 t3 gp
0060 - 060F0000 - LW t4 t3 0
0064 - 1A2E8000 - ADD t5 t2 t4
0068 - 63D50002 - SLLI t6 s3 2
006C - 53DE0020 - ADDI t6 t6 32
0070 - 1BDE1800 - ADD t6 t6 gp
0074 - 081E8800 - SW t5 t6 0
0078 - 61950002 - SLLI t0 s3 2
007C - 518C0020 - ADDI t0 t0 32
0080 - 198C1800 - ADD t0 t0 gp
0084 - 05AC0000 - LW t1 t0 0
0088 - 51C0000A - ADDI t2 zero 10
008C - 26CD7000 - DIV s4 t1 t2
0090 - 61F50002 - SLLI t3 s3 2
0094 - 51EF0020 - ADDI t3 t3 32
0098 - 19EF1800 - ADD t3 t3 gp
009C - 060F0000 - LW t4 t3 0
00A0 - 5220000A - ADDI t5 zero 10
00A4 - 2AF08800 - REM s5 t4 t5
00A8 - 17C00000 - LUI t6 0
00AC - 53DE0FF4 - ADDI t6 t6 -12
00B0 - 51960030 - ADDI t0 s4 48
00B4 - 081E6000 - SW t0 t6 0
00B8 - 15A00000 - LUI t1 0
00BC - 51AD0FF4 - ADDI t1 t1 -12
00C0 - 51D70030 - ADDI t2 s5 48
00C4 - 080D7000 - SW t2 t1 0
00C8 - 15E00000 - LUI t3 0
00CC - 51EF0FF4 - ADDI t3 t3 -12
00D0 - 52000020 - ADDI t4 zero 32
00D4 - 080F8000 - SW t4 t3 0
00D8 - 52B50001 - ADDI s3 s3 1
00DC - A000003C - J wc_1
00E0 - 16200000 - LUI t5 0
00E4 - 52310FF4 - ADDI t5 t5 -12
00E8 - 53C0000A - ADDI t6 zero 10
00EC - 0811F000 - SW t6 t5 0
00F0 - FC000000 - HALT 