        .org 0
0000 - A0000034 - J main
        .org 4
0004 - 00000001 - .WORD 1
0008 - 00000002 - .WORD 2
000C - 00000003 - .WORD 3
0010 - 00000004 - .WORD 4
0014 - 0000000A - .WORD 10
0018 - 00000014 - .WORD 20
001C - 0000001E - .WORD 30
0020 - 00000028 - .WORD 40
0024 - 00000000 - .WORD 0
0028 - 00000000 - .WORD 0
002C - 00000000 - .WORD 0
0030 - 00000000 - .WORD 0
        .org 52
0034 - 50600004 - ADDI gp zero data_start
0038 - 51830000 - ADDI t0 gp 0
003C - 51A30010 - ADDI t1 gp 16
0040 - 51C30020 - ADDI t2 gp 32
0044 - 51E00001 - ADDI t3 zero 1
0048 - D00C0000 - VLD V0 [t0+0]
004C - D02D0000 - VLD V1 [t1+0]
0050 - C0400800 - VADD V2 V0 V1
0054 - D44E0000 - VST V2 [t2+0]
0058 - 518C0010 - ADDI t0 t0 16
005C - 51AD0010 - ADDI t1 t1 16
0060 - 51CE0010 - ADDI t2 t2 16
0064 - 51EF0FFF - ADDI t3 t3 -1
0068 - 840F07DC - BNE t3 zero vh_1
006C - 1AA00000 - ADD s3 zero zero
0070 - 52000004 - ADDI t4 zero 4
0074 - 94158068 - BGE s3 t4 en_3
0078 - 62350002 - SLLI t5 s3 2
007C - 52310020 - ADDI t5 t5 32
0080 - 1A311800 - ADD t5 t5 gp
0084 - 07D10000 - LW t6 t5 0
0088 - 5180000A - ADDI t0 zero 10
008C - 26DE6000 - DIV s4 t6 t0
0090 - 61B50002 - SLLI t1 s3 2
0094 - 51AD0020 - ADDI t1 t1 32
0098 - 19AD1800 - ADD t1 t1 gp
009C - 05CD0000 - LW t2 t1 0
00A0 - 51E0000A - ADDI t3 zero 10
00A4 - 2AEE7800 - REM s5 t2 t3
00A8 - 16000000 - LUI t4 0
00AC - 52100FF4 - ADDI t4 t4 -12
00B0 - 52360030 - ADDI t5 s4 48
00B4 - 08108800 - SW t5 t4 0
00B8 - 17C00000 - LUI t6 0
00BC - 53DE0FF4 - ADDI t6 t6 -12
00C0 - 51970030 - ADDI t0 s5 48
00C4 - 081E6000 - SW t0 t6 0
00C8 - 15A00000 - LUI t1 0
00CC - 51AD0FF4 - ADDI t1 t1 -12
00D0 - 51C00020 - ADDI t2 zero 32
00D4 - 080D7000 - SW t2 t1 0
00D8 - 52B50001 - ADDI s3 s3 1
00DC - A0000070 - J wc_2
00E0 - 15E00000 - LUI t3 0
00E4 - 51EF0FF4 - ADDI t3 t3 -12
00E8 - 5200000A - ADDI t4 zero 10
00EC - 080F8000 - SW t4 t3 0
00F0 - FC000000 - HALT 