TICK:      1  UPC:  3  PHASE: FETCH     PC: 0001  IR: 058007F0  CMD:    LW
TICK:      2  UPC:  4  PHASE: L_EX1     PC: 0001  IR: 058007F0  CMD:    LW  A: 00000000  B: -0000010  ALU: FFFFFFF0
TICK:      3  UPC: 17  PHASE: L_EX2     PC: 0001  IR: 058007F0  CMD:    LW  A: 00000000  B: -0000010  MDR: 00000048
TICK:      4  UPC:  0  PHASE: L_EX3     PC: 0001  IR: 058007F0  CMD:    LW  A: 00000000  B: -0000010
TICK:      5  UPC:  6  PHASE: FETCH     PC: 0002  IR: 800C0002  CMD:   BEQ
TICK:      6  UPC:  0  PHASE: B_EX      PC: 0002  IR: 800C0002  CMD:   BEQ  A: 00000048  B: 00000000
TICK:      7  UPC:  5  PHASE: FETCH     PC: 0003  IR: 098007F4  CMD:    SW
TICK:      8  UPC: 18  PHASE: S_EX1     PC: 0003  IR: 098007F4  CMD:    SW  A: 00000000  B: -000000C
TICK:      9  UPC:  0  PHASE: S_EX2     PC: 0003  IR: 098007F4  CMD:    SW  A: 00000000  B: -000000C
TICK:     10  UPC:  7  PHASE: FETCH     PC: 0004  IR: A0000000  CMD:     J
TICK:     11  UPC:  0  PHASE: J_EX      PC: 0000  IR: A0000000  CMD:     J
TICK:     12  UPC:  3  PHASE: FETCH     PC: 0001  IR: 058007F0  CMD:    LW
TICK:     13  UPC:  4  PHASE: L_EX1     PC: 0001  IR: 058007F0  CMD:    LW  A: 00000000  B: -0000010  ALU: FFFFFFF0
TICK:     14  UPC: 17  PHASE: L_EX2     PC: 0001  IR: 058007F0  CMD:    LW  A: 00000000  B: -0000010  MDR: 00000065
TICK:     15  UPC:  0  PHASE: L_EX3     PC: 0001  IR: 058007F0  CMD:    LW  A: 00000000  B: -0000010
TICK:     16  UPC:  6  PHASE: FETCH     PC: 0002  IR: 800C0002  CMD:   BEQ
TICK:     17  UPC:  0  PHASE: B_EX      PC: 0002  IR: 800C0002  CMD:   BEQ  A: 00000065  B: 00000000
TICK:     18  UPC:  5  PHASE: FETCH     PC: 0003  IR: 098007F4  CMD:    SW
TICK:     19  UPC: 18  PHASE: S_EX1     PC: 0003  IR: 098007F4  CMD:    SW  A: 00000000  B: -000000C
TICK:     20  UPC:  0  PHASE: S_EX2     PC: 0003  IR: 098007F4  CMD:    SW  A: 00000000  B: -000000C
TICK:     21  UPC:  7  PHASE: FETCH     PC: 0004  IR: A0000000  CMD:     J
TICK:     22  UPC:  0  PHASE: J_EX      PC: 0000  IR: A0000000  CMD:     J
TICK:     23  UPC:  3  PHASE: FETCH     PC: 0001  IR: 058007F0  CMD:    LW
TICK:     24  UPC:  4  PHASE: L_EX1     PC: 0001  IR: 058007F0  CMD:    LW  A: 00000000  B: -0000010  ALU: FFFFFFF0
TICK:     25  UPC: 17  PHASE: L_EX2     PC: 0001  IR: 058007F0  CMD:    LW  A: 00000000  B: -0000010  MDR: 0000006C
TICK:     26  UPC:  0  PHASE: L_EX3     PC: 0001  IR: 058007F0  CMD:    LW  A: 00000000  B: -0000010
TICK:     27  UPC:  6  PHASE: FETCH     PC: 0002  IR: 800C0002  CMD:   BEQ
TICK:     28  UPC:  0  PHASE: B_EX      PC: 0002  IR: 800C0002  CMD:   BEQ  A: 0000006C  B: 00000000
TICK:     29  UPC:  5  PHASE: FETCH     PC: 0003  IR: 098007F4  CMD:    SW
TICK:     30  UPC: 18  PHASE: S_EX1     PC: 0003  IR: 098007F4  CMD:    SW  A: 00000000  B: -000000C
TICK:     31  UPC:  0  PHASE: S_EX2     PC: 0003  IR: 098007F4  CMD:    SW  A: 00000000  B: -000000C
TICK:     32  UPC:  7  PHASE: FETCH     PC: 0004  IR: A0000000  CMD:     J
TICK:     33  UPC:  0  PHASE: J_EX      PC: 0000  IR: A0000000  CMD:     J
TICK:     34  UPC:  3  PHASE: FETCH     PC: 0001  IR: 058007F0  CMD:    LW
TICK:     35  UPC:  4  PHASE: L_EX1     PC: 0001  IR: 058007F0  CMD:    LW  A: 00000000  B: -0000010  ALU: FFFFFFF0
TICK:     36  UPC: 17  PHASE: L_EX2     PC: 0001  IR: 058007F0  CMD:    LW  A: 00000000  B: -0000010  MDR: 0000006C
TICK:     37  UPC:  0  PHASE: L_EX3     PC: 0001  IR: 058007F0  CMD:    LW  A: 00000000  B: -0000010
TICK:     38  UPC:  6  PHASE: FETCH     PC: 0002  IR: 800C0002  CMD:   BEQ
TICK:     39  UPC:  0  PHASE: B_EX      PC: 0002  IR: 800C0002  CMD:   BEQ  A: 0000006C  B: 00000000
TICK:     40  UPC:  5  PHASE: FETCH     PC: 0003  IR: 098007F4  CMD:    SW
TICK:     41  UPC: 18  PHASE: S_EX1     PC: 0003  IR: 098007F4  CMD:    SW  A: 00000000  B: -000000C
TICK:     42  UPC:  0  PHASE: S_EX2     PC: 0003  IR: 098007F4  CMD:    SW  A: 00000000  B: -000000C
TICK:     43  UPC:  7  PHASE: FETCH     PC: 0004  IR: A0000000  CMD:     J
TICK:     44  UPC:  0  PHASE: J_EX      PC: 0000  IR: A0000000  CMD:     J
TICK:     45  UPC:  3  PHASE: FETCH     PC: 0001  IR: 058007F0  CMD:    LW
TICK:     46  UPC:  4  PHASE: L_EX1     PC: 0001  IR: 058007F0  CMD:    LW  A: 00000000  B: -0000010  ALU: FFFFFFF0
TICK:     47  UPC: 17  PHASE: L_EX2     PC: 0001  IR: 058007F0  CMD:    LW  A: 00000000  B: -0000010  MDR: 0000006F
TICK:     48  UPC:  0  PHASE: L_EX3     PC: 0001  IR: 058007F0  CMD:    LW  A: 00000000  B: -0000010
TICK:     49  UPC:  6  PHASE: FETCH     PC: 0002  IR: 800C0002  CMD:   BEQ
TICK:     50  UPC:  0  PHASE: B_EX      PC: 0002  IR: 800C0002  CMD:   BEQ  A: 0000006F  B: 00000000
TICK:     51  UPC:  5  PHASE: FETCH     PC: 0003  IR: 098007F4  CMD:    SW
TICK:     52  UPC: 18  PHASE: S_EX1     PC: 0003  IR: 098007F4  CMD:    SW  A: 00000000  B: -000000C
TICK:     53  UPC:  0  PHASE: S_EX2     PC: 0003  IR: 098007F4  CMD:    SW  A: 00000000  B: -000000C
TICK:     54  UPC:  7  PHASE: FETCH     PC: 0004  IR: A0000000  CMD:     J
TICK:     55  UPC:  0  PHASE: J_EX      PC: 0000  IR: A0000000  CMD:     J
TICK:     56  UPC:  3  PHASE: FETCH     PC: 0001  IR: 058007F0  CMD:    LW
TICK:     57  UPC:  4  PHASE: L_EX1     PC: 0001  IR: 058007F0  CMD:    LW  A: 00000000  B: -0000010  ALU: FFFFFFF0
TICK:     58  UPC: 17  PHASE: L_EX2     PC: 0001  IR: 058007F0  CMD:    LW  A: 00000000  B: -0000010  MDR: 0000002C
TICK:     59  UPC:  0  PHASE: L_EX3     PC: 0001  IR: 058007F0  CMD:    LW  A: 00000000  B: -0000010
TICK:     60  UPC:  6  PHASE: FETCH     PC: 0002  IR: 800C0002  CMD:   BEQ
TICK:     61  UPC:  0  PHASE: B_EX      PC: 0002  IR: 800C0002  CMD:   BEQ  A: 0000002C  B: 00000000
TICK:     62  UPC:  5  PHASE: FETCH     PC: 0003  IR: 098007F4  CMD:    SW
TICK:     63  UPC: 18  PHASE: S_EX1     PC: 0003  IR: 098007F4  CMD:    SW  A: 00000000  B: -000000C
TICK:     64  UPC:  0  PHASE: S_EX2     PC: 0003  IR: 098007F4  CMD:    SW  A: 00000000  B: -000000C
TICK:     65  UPC:  7  PHASE: FETCH     PC: 0004  IR: A0000000  CMD:     J
TICK:     66  UPC:  0  PHASE: J_EX      PC: 0000  IR: A0000000  CMD:     J
TICK:     67  UPC:  3  PHASE: FETCH     PC: 0001  IR: 058007F0  CMD:    LW
TICK:     68  UPC:  4  PHASE: L_EX1     PC: 0001  IR: 058007F0  CMD:    LW  A: 00000000  B: -0000010  ALU: FFFFFFF0
TICK:     69  UPC: 17  PHASE: L_EX2     PC: 0001  IR: 058007F0  CMD:    LW  A: 00000000  B: -0000010  MDR: 00000020
TICK:     70  UPC:  0  PHASE: L_EX3     PC: 0001  IR: 058007F0  CMD:    LW  A: 00000000  B: -0000010
TICK:     71  UPC:  6  PHASE: FETCH     PC: 0002  IR: 800C0002  CMD:   BEQ
TICK:     72  UPC:  0  PHASE: B_EX      PC: 0002  IR: 800C0002  CMD:   BEQ  A: 00000020  B: 00000000
TICK:     73  UPC:  5  PHASE: FETCH     PC: 0003  IR: 098007F4  CMD:    SW
TICK:     74  UPC: 18  PHASE: S_EX1     PC: 0003  IR: 098007F4  CMD:    SW  A: 00000000  B: -000000C
TICK:     75  UPC:  0  PHASE: S_EX2     PC: 0003  IR: 098007F4  CMD:    SW  A: 00000000  B: -000000C
TICK:     76  UPC:  7  PHASE: FETCH     PC: 0004  IR: A0000000  CMD:     J
TICK:     77  UPC:  0  PHASE: J_EX      PC: 0000  IR: A0000000  CMD:     J
TICK:     78  UPC:  3  PHASE: FETCH     PC: 0001  IR: 058007F0  CMD:    LW
TICK:     79  UPC:  4  PHASE: L_EX1     PC: 0001  IR: 058007F0  CMD:    LW  A: 00000000  B: -0000010  ALU: FFFFFFF0
TICK:     80  UPC: 17  PHASE: L_EX2     PC: 0001  IR: 058007F0  CMD:    LW  A: 00000000  B: -0000010  MDR: 00000057
TICK:     81  UPC:  0  PHASE: L_EX3     PC: 0001  IR: 058007F0  CMD:    LW  A: 00000000  B: -0000010
TICK:     82  UPC:  6  PHASE: FETCH     PC: 0002  IR: 800C0002  CMD:   BEQ
TICK:     83  UPC:  0  PHASE: B_EX      PC: 0002  IR: 800C0002  CMD:   BEQ  A: 00000057  B: 00000000
TICK:     84  UPC:  5  PHASE: FETCH     PC: 0003  IR: 098007F4  CMD:    SW
TICK:     85  UPC: 18  PHASE: S_EX1     PC: 0003  IR: 098007F4  CMD:    SW  A: 00000000  B: -000000C
TICK:     86  UPC:  0  PHASE: S_EX2     PC: 0003  IR: 098007F4  CMD:    SW  A: 00000000  B: -000000C
TICK:     87  UPC:  7  PHASE: FETCH     PC: 0004  IR: A0000000  CMD:     J
TICK:     88  UPC:  0  PHASE: J_EX      PC: 0000  IR: A0000000  CMD:     J
TICK:     89  UPC:  3  PHASE: FETCH     PC: 0001  IR: 058007F0  CMD:    LW
TICK:     90  UPC:  4  PHASE: L_EX1     PC: 0001  IR: 058007F0  CMD:    LW  A: 00000000  B: -0000010  ALU: FFFFFFF0
TICK:     91  UPC: 17  PHASE: L_EX2     PC: 0001  IR: 058007F0  CMD:    LW  A: 00000000  B: -0000010  MDR: 0000006F
TICK:     92  UPC:  0  PHASE: L_EX3     PC: 0001  IR: 058007F0  CMD:    LW  A: 00000000  B: -0000010
TICK:     93  UPC:  6  PHASE: FETCH     PC: 0002  IR: 800C0002  CMD:   BEQ
TICK:     94  UPC:  0  PHASE: B_EX      PC: 0002  IR: 800C0002  CMD:   BEQ  A: 0000006F  B: 00000000
TICK:     95  UPC:  5  PHASE: FETCH     PC: 0003  IR: 098007F4  CMD:    SW
TICK:     96  UPC: 18  PHASE: S_EX1     PC: 0003  IR: 098007F4  CMD:    SW  A: 00000000  B: -000000C
TICK:     97  UPC:  0  PHASE: S_EX2     PC: 0003  IR: 098007F4  CMD:    SW  A: 00000000  B: -000000C
TICK:     98  UPC:  7  PHASE: FETCH     PC: 0004  IR: A0000000  CMD:     J
TICK:     99  UPC:  0  PHASE: J_EX      PC: 0000  IR: A0000000  CMD:     J
TICK:    100  UPC:  3  PHASE: FETCH     PC: 0001  IR: 058007F0  CMD:    LW
TICK:    101  UPC:  4  PHASE: L_EX1     PC: 0001  IR: 058007F0  CMD:    LW  A: 00000000  B: -0000010  ALU: FFFFFFF0
TICK:    102  UPC: 17  PHASE: L_EX2     PC: 0001  IR: 058007F0  CMD:    LW  A: 00000000  B: -0000010  MDR: 00000072
TICK:    103  UPC:  0  PHASE: L_EX3     PC: 0001  IR: 058007F0  CMD:    LW  A: 00000000  B: -0000010
TICK:    104  UPC:  6  PHASE: FETCH     PC: 0002  IR: 800C0002  CMD:   BEQ
TICK:    105  UPC:  0  PHASE: B_EX      PC: 0002  IR: 800C0002  CMD:   BEQ  A: 00000072  B: 00000000
TICK:    106  UPC:  5  PHASE: FETCH     PC: 0003  IR: 098007F4  CMD:    SW
TICK:    107  UPC: 18  PHASE: S_EX1     PC: 0003  IR: 098007F4  CMD:    SW  A: 00000000  B: -000000C
TICK:    108  UPC:  0  PHASE: S_EX2     PC: 0003  IR: 098007F4  CMD:    SW  A: 00000000  B: -000000C
TICK:    109  UPC:  7  PHASE: FETCH     PC: 0004  IR: A0000000  CMD:     J
TICK:    110  UPC:  0  PHASE: J_EX      PC: 0000  IR: A0000000  CMD:     J
TICK:    111  UPC:  3  PHASE: FETCH     PC: 0001  IR: 058007F0  CMD:    LW
TICK:    112  UPC:  4  PHASE: L_EX1     PC: 0001  IR: 058007F0  CMD:    LW  A: 00000000  B: -0000010  ALU: FFFFFFF0
TICK:    113  UPC: 17  PHASE: L_EX2     PC: 0001  IR: 058007F0  CMD:    LW  A: 00000000  B: -0000010  MDR: 0000006C
TICK:    114  UPC:  0  PHASE: L_EX3     PC: 0001  IR: 058007F0  CMD:    LW  A: 00000000  B: -0000010
TICK:    115  UPC:  6  PHASE: FETCH     PC: 0002  IR: 800C0002  CMD:   BEQ
TICK:    116  UPC:  0  PHASE: B_EX      PC: 0002  IR: 800C0002  CMD:   BEQ  A: 0000006C  B: 00000000
TICK:    117  UPC:  5  PHASE: FETCH     PC: 0003  IR: 098007F4  CMD:    SW
TICK:    118  UPC: 18  PHASE: S_EX1     PC: 0003  IR: 098007F4  CMD:    SW  A: 00000000  B: -000000C
TICK:    119  UPC:  0  PHASE: S_EX2     PC: 0003  IR: 098007F4  CMD:    SW  A: 00000000  B: -000000C
TICK:    120  UPC:  7  PHASE: FETCH     PC: 0004  IR: A0000000  CMD:     J
TICK:    121  UPC:  0  PHASE: J_EX      PC: 0000  IR: A0000000  CMD:     J
TICK:    122  UPC:  3  PHASE: FETCH     PC: 0001  IR: 058007F0  CMD:    LW
TICK:    123  UPC:  4  PHASE: L_EX1     PC: 0001  IR: 058007F0  CMD:    LW  A: 00000000  B: -0000010  ALU: FFFFFFF0
TICK:    124  UPC: 17  PHASE: L_EX2     PC: 0001  IR: 058007F0  CMD:    LW  A: 00000000  B: -0000010  MDR: 00000064
TICK:    125  UPC:  0  PHASE: L_EX3     PC: 0001  IR: 058007F0  CMD:    LW  A: 00000000  B: -0000010
TICK:    126  UPC:  6  PHASE: FETCH     PC: 0002  IR: 800C0002  CMD:   BEQ
TICK:    127  UPC:  0  PHASE: B_EX      PC: 0002  IR: 800C0002  CMD:   BEQ  A: 00000064  B: 00000000
TICK:    128  UPC:  5  PHASE: FETCH     PC: 0003  IR: 098007F4  CMD:    SW
TICK:    129  UPC: 18  PHASE: S_EX1     PC: 0003  IR: 098007F4  CMD:    SW  A: 00000000  B: -000000C
TICK:    130  UPC:  0  PHASE: S_EX2     PC: 0003  IR: 098007F4  CMD:    SW  A: 00000000  B: -000000C
TICK:    131  UPC:  7  PHASE: FETCH     PC: 0004  IR: A0000000  CMD:     J
TICK:    132  UPC:  0  PHASE: J_EX      PC: 0000  IR: A0000000  CMD:     J
TICK:    133  UPC:  3  PHASE: FETCH     PC: 0001  IR: 058007F0  CMD:    LW
TICK:    134  UPC:  4  PHASE: L_EX1     PC: 0001  IR: 058007F0  CMD:    LW  A: 00000000  B: -0000010  ALU: FFFFFFF0
TICK:    135  UPC: 17  PHASE: L_EX2     PC: 0001  IR: 058007F0  CMD:    LW  A: 00000000  B: -0000010  MDR: 00000021
TICK:    136  UPC:  0  PHASE: L_EX3     PC: 0001  IR: 058007F0  CMD:    LW  A: 00000000  B: -0000010
TICK:    137  UPC:  6  PHASE: FETCH     PC: 0002  IR: 800C0002  CMD:   BEQ
TICK:    138  UPC:  0  PHASE: B_EX      PC: 0002  IR: 800C0002  CMD:   BEQ  A: 00000021  B: 00000000
TICK:    139  UPC:  5  PHASE: FETCH     PC: 0003  IR: 098007F4  CMD:    SW
TICK:    140  UPC: 18  PHASE: S_EX1     PC: 0003  IR: 098007F4  CMD:    SW  A: 00000000  B: -000000C
TICK:    141  UPC:  0  PHASE: S_EX2     PC: 0003  IR: 098007F4  CMD:    SW  A: 00000000  B: -000000C
TICK:    142  UPC:  7  PHASE: FETCH     PC: 0004  IR: A0000000  CMD:     J
TICK:    143  UPC:  0  PHASE: J_EX      PC: 0000  IR: A0000000  CMD:     J
TICK:    144  UPC:  3  PHASE: FETCH     PC: 0001  IR: 058007F0  CMD:    LW
TICK:    145  UPC:  4  PHASE: L_EX1     PC: 0001  IR: 058007F0  CMD:    LW  A: 00000000  B: -0000010  ALU: FFFFFFF0
TICK:    146  UPC: 17  PHASE: L_EX2     PC: 0001  IR: 058007F0  CMD:    LW  A: 00000000  B: -0000010  MDR: 0000000A
TICK:    147  UPC:  0  PHASE: L_EX3     PC: 0001  IR: 058007F0  CMD:    LW  A: 00000000  B: -0000010
TICK:    148  UPC:  6  PHASE: FETCH     PC: 0002  IR: 800C0002  CMD:   BEQ
TICK:    149  UPC:  0  PHASE: B_EX      PC: 0002  IR: 800C0002  CMD:   BEQ  A: 0000000A  B: 00000000
TICK:    150  UPC:  5  PHASE: FETCH     PC: 0003  IR: 098007F4  CMD:    SW
TICK:    151  UPC: 18  PHASE: S_EX1     PC: 0003  IR: 098007F4  CMD:    SW  A: 00000000  B: -000000C
TICK:    152  UPC:  0  PHASE: S_EX2     PC: 0003  IR: 098007F4  CMD:    SW  A: 00000000  B: -000000C
TICK:    153  UPC:  7  PHASE: FETCH     PC: 0004  IR: A0000000  CMD:     J
TICK:    154  UPC:  0  PHASE: J_EX      PC: 0000  IR: A0000000  CMD:     J
TICK:    155  UPC:  3  PHASE: FETCH     PC: 0001  IR: 058007F0  CMD:    LW
TICK:    156  UPC:  4  PHASE: L_EX1     PC: 0001  IR: 058007F0  CMD:    LW  A: 00000000  B: -0000010  ALU: FFFFFFF0
TICK:    157  UPC: 17  PHASE: L_EX2     PC: 0001  IR: 058007F0  CMD:    LW  A: 00000000  B: -0000010  MDR: 00000000
TICK:    158  UPC:  0  PHASE: L_EX3     PC: 0001  IR: 058007F0  CMD:    LW  A: 00000000  B: -0000010
TICK:    159  UPC:  6  PHASE: FETCH     PC: 0002  IR: 800C0002  CMD:   BEQ
TICK:    160  UPC:  0  PHASE: B_EX      PC: 0004  IR: 800C0002  CMD:   BEQ  A: 00000000  B: 00000000
TICK:    161  UPC: 12  PHASE: FETCH     PC: 0005  IR: FC000000  CMD:  HALT
TICK:    162  UPC: 12  PHASE: HALT_EX   PC: 0005  IR: FC000000  CMD:  HALT

Total ticks: 162
