TICK:      1  UPC: 10  PHASE: FETCH     PC: 0001  IR: 165FFFFF  CMD:   LUI
TICK:      2  UPC:  0  PHASE: U_EX      PC: 0001  IR: 165FFFFF  CMD:   LUI  A: 00000000  B: 00000000
TICK:      3  UPC:  2  PHASE: FETCH     PC: 0002  IR: 524007FF  CMD:  ADDI
TICK:      4  UPC:  0  PHASE: I_EX      PC: 0002  IR: 524007FF  CMD:  ADDI  A: 00000000  B: -0000001  ALU: FFFFFFFF
TICK:      5  UPC:  2  PHASE: FETCH     PC: 0003  IR: 52600001  CMD:  ADDI
TICK:      6  UPC:  0  PHASE: I_EX      PC: 0003  IR: 52600001  CMD:  ADDI  A: 00000000  B: 00000001  ALU: 00000001
TICK:      7  UPC:  2  PHASE: FETCH     PC: 0004  IR: 52800002  CMD:  ADDI
TICK:      8  UPC:  0  PHASE: I_EX      PC: 0004  IR: 52800002  CMD:  ADDI  A: 00000000  B: 00000002  ALU: 00000002
TICK:      9  UPC:  2  PHASE: FETCH     PC: 0005  IR: 52A00000  CMD:  ADDI
TICK:     10  UPC:  0  PHASE: I_EX      PC: 0005  IR: 52A00000  CMD:  ADDI  A: 00000000  B: 00000000  ALU: 00000000
TICK:     11  UPC:  1  PHASE: FETCH     PC: 0006  IR: 1AD2A000  CMD:   ADD
TICK:     12  UPC:  0  PHASE: R_EX      PC: 0006  IR: 1AD2A000  CMD:   ADD  A: FFFFFFFF  B: 00000002  ALU: 00000001
TICK:     13  UPC:  2  PHASE: FETCH     PC: 0007  IR: 6D960000  CMD:  SLTI
TICK:     14  UPC:  0  PHASE: I_EX      PC: 0007  IR: 6D960000  CMD:  SLTI  A: 00000001  B: 00000000  ALU: 00000000
TICK:     15  UPC:  6  PHASE: FETCH     PC: 0008  IR: 9812B002  CMD:  BGTU
TICK:     16  UPC:  0  PHASE: B_EX      PC: 000A  IR: 9812B002  CMD:  BGTU  A: FFFFFFFF  B: 00000001
TICK:     17  UPC:  2  PHASE: FETCH     PC: 000B  IR: 51800001  CMD:  ADDI
TICK:     18  UPC:  0  PHASE: I_EX      PC: 000B  IR: 51800001  CMD:  ADDI  A: 00000000  B: 00000001  ALU: 00000001
TICK:     19  UPC:  1  PHASE: FETCH     PC: 000C  IR: 1AF3A800  CMD:   ADD
TICK:     20  UPC:  0  PHASE: R_EX      PC: 000C  IR: 1AF3A800  CMD:   ADD  A: 00000001  B: 00000000  ALU: 00000001
TICK:     21  UPC:  1  PHASE: FETCH     PC: 000D  IR: 1AF76000  CMD:   ADD
TICK:     22  UPC:  0  PHASE: R_EX      PC: 000D  IR: 1AF76000  CMD:   ADD  A: 00000001  B: 00000001  ALU: 00000002
TICK:     23  UPC:  2  PHASE: FETCH     PC: 000E  IR: 51970030  CMD:  ADDI
TICK:     24  UPC:  0  PHASE: I_EX      PC: 000E  IR: 51970030  CMD:  ADDI  A: 00000002  B: 00000030  ALU: 00000032
TICK:     25  UPC:  5  PHASE: FETCH     PC: 000F  IR: 098007F4  CMD:    SW
TICK:     26  UPC: 18  PHASE: S_EX1     PC: 000F  IR: 098007F4  CMD:    SW  A: 00000000  B: -000000C
TICK:     27  UPC:  0  PHASE: S_EX2     PC: 000F  IR: 098007F4  CMD:    SW  A: 00000000  B: -000000C
TICK:     28  UPC:  2  PHASE: FETCH     PC: 0010  IR: 5180003A  CMD:  ADDI
TICK:     29  UPC:  0  PHASE: I_EX      PC: 0010  IR: 5180003A  CMD:  ADDI  A: 00000000  B: 0000003A  ALU: 0000003A
TICK:     30  UPC:  5  PHASE: FETCH     PC: 0011  IR: 098007F4  CMD:    SW
TICK:     31  UPC: 18  PHASE: S_EX1     PC: 0011  IR: 098007F4  CMD:    SW  A: 00000000  B: -000000C
TICK:     32  UPC:  0  PHASE: S_EX2     PC: 0011  IR: 098007F4  CMD:    SW  A: 00000000  B: -000000C
TICK:     33  UPC:  2  PHASE: FETCH     PC: 0012  IR: 51960030  CMD:  ADDI
TICK:     34  UPC:  0  PHASE: I_EX      PC: 0012  IR: 51960030  CMD:  ADDI  A: 00000001  B: 00000030  ALU: 00000031
TICK:     35  UPC:  5  PHASE: FETCH     PC: 0013  IR: 098007F4  CMD:    SW
TICK:     36  UPC: 18  PHASE: S_EX1     PC: 0013  IR: 098007F4  CMD:    SW  A: 00000000  B: -000000C
TICK:     37  UPC:  0  PHASE: S_EX2     PC: 0013  IR: 098007F4  CMD:    SW  A: 00000000  B: -000000C
TICK:     38  UPC:  2  PHASE: FETCH     PC: 0014  IR: 5180000A  CMD:  ADDI
TICK:     39  UPC:  0  PHASE: I_EX      PC: 0014  IR: 5180000A  CMD:  ADDI  A: 00000000  B: 0000000A  ALU: 0000000A
TICK:     40  UPC:  5  PHASE: FETCH     PC: 0015  IR: 098007F4  CMD:    SW
TICK:     41  UPC: 18  PHASE: S_EX1     PC: 0015  IR: 098007F4  CMD:    SW  A: 00000000  B: -000000C
TICK:     42  UPC:  0  PHASE: S_EX2     PC: 0015  IR: 098007F4  CMD:    SW  A: 00000000  B: -000000C
TICK:     43  UPC: 12  PHASE: FETCH     PC: 0016  IR: FC000000  CMD:  HALT
TICK:     44  UPC: 12  PHASE: HALT_EX   PC: 0016  IR: FC000000  CMD:  HALT

Total ticks: 44
