        .org 0
0000 - 165FFFFF - LUI s0 0x1FFFFF
0001 - 524007FF - ADDI s0 zero -1
0002 - 52600001 - ADDI s1 zero 1
0003 - 52800002 - ADDI s2 zero 2
0004 - 52A00000 - ADDI s3 zero 0
0005 - 1AD2A000 - ADD s4 s0 s2
0006 - 6D960000 - SLTI t0 s4 0
0007 - 9812B002 - BGTU s0 s4 has_carry
0008 - 51800000 - ADDI t0 zero 0
0009 - A000000B - J no_carry
000A - 51800001 - ADDI t0 zero 1
000B - 1AF3A800 - ADD s5 s1 s3
000C - 1AF76000 - ADD s5 s5 t0
000D - 51970030 - ADDI t0 s5 48
000E - 098007F4 - SW t0 zero 0xFFF4
000F - 5180003A - ADDI t0 zero 58
0010 - 098007F4 - SW t0 zero 0xFFF4
0011 - 51960030 - ADDI t0 s4 48
0012 - 098007F4 - SW t0 zero 0xFFF4
0013 - 5180000A - ADDI t0 zero 10
0014 - 098007F4 - SW t0 zero 0xFFF4
0015 - FC000000 - HALT 