        .data 0
0000 - 0000000A - .WORD 10
0004 - 00000014 - .WORD 20
0008 - 0000001E - .WORD 30
000C - 00000028 - .WORD 40
0010 - 00000032 - .WORD 50
0014 - 00000000 - .WORD 0
        .text 0
0000 - A0000004 - J main
0004 - 50600000 - ADDI gp zero data_start
0008 - 08030014 - SW zero gp 20
000C - 05830014 - LW t0 gp 20
0010 - 51A00005 - ADDI t1 zero 5
0014 - 940C6834 - BGE t0 t1 en_2
0018 - 15C00000 - LUI t2 0
001C - 51CE0FF4 - ADDI t2 t2 -12
0020 - 05E30014 - LW t3 gp 20
0024 - 620F0002 - SLLI t4 t3 2
0028 - 52100000 - ADDI t4 t4 0
002C - 1A101800 - ADD t4 t4 gp
0030 - 06300000 - LW t5 t4 0
0034 - 53D10030 - ADDI t6 t5 48
0038 - 080EF000 - SW t6 t2 0
003C - 05830014 - LW t0 gp 20
0040 - 51AC0001 - ADDI t1 t0 1
0044 - 08036814 - SW t1 gp 20
0048 - A000000C - J wc_1
004C - 15C00000 - LUI t2 0
0050 - 51CE0FF4 - ADDI t2 t2 -12
0054 - 51E0000A - ADDI t3 zero 10
0058 - 080E7800 - SW t3 t2 0
005C - 52000063 - ADDI t4 zero 99
0060 - 62200002 - SLLI t5 zero 2
0064 - 52310000 - ADDI t5 t5 0
0068 - 1A311800 - ADD t5 t5 gp
006C - 08118000 - SW t4 t5 0
0070 - 17C00000 - LUI t6 0
0074 - 53DE0FF4 - ADDI t6 t6 -12
0078 - 61800002 - SLLI t0 zero 2
007C - 518C0000 - ADDI t0 t0 0
0080 - 198C1800 - ADD t0 t0 gp
0084 - 05AC0000 - LW t1 t0 0
0088 - 51CD0030 - ADDI t2 t1 48
008C - 081E7000 - SW t2 t6 0
0090 - 15E00000 - LUI t3 0
0094 - 51EF0FF4 - ADDI t3 t3 -12
0098 - 5200000A - ADDI t4 zero 10
009C - 080F8000 - SW t4 t3 0
00A0 - FC000000 - HALT 