        .data 0
0000 - 00000000 - .WORD 0
        .text 0
0000 - A0000004 - J main
0004 - 50600000 - ADDI gp zero data_start
0008 - 15A00000 - LUI t1 0
000C - 51AD0FF0 - ADDI t1 t1 -16
0010 - 058D0000 - LW t0 t1 0
0014 - 08036000 - SW t0 gp 0
0018 - 05C30000 - LW t2 gp 0
001C - 800E0024 - BEQ t2 zero en_2
0020 - 15E00000 - LUI t3 0
0024 - 51EF0FF4 - ADDI t3 t3 -12
0028 - 06030000 - LW t4 gp 0
002C - 080F8000 - SW t4 t3 0
0030 - 17C00000 - LUI t6 0
0034 - 53DE0FF0 - ADDI t6 t6 -16
0038 - 063E0000 - LW t5 t6 0
003C - 08038800 - SW t5 gp 0
0040 - A0000018 - J wc_1
0044 - FC000000 - HALT 