        .data 0
0000 - 00000000 - .WORD 0
        .text 0
0000 - A0000004 - J main
0004 - 50600000 - ADDI gp zero data_start
0008 - 08030000 - SW zero gp 0
000C - 05830000 - LW t0 gp 0
0010 - 51A0000A - ADDI t1 zero 10
0014 - 940C6824 - BGE t0 t1 en_2
0018 - 15C00000 - LUI t2 0
001C - 51CE0FF4 - ADDI t2 t2 -12
0020 - 05E30000 - LW t3 gp 0
0024 - 520F0030 - ADDI t4 t3 48
0028 - 080E8000 - SW t4 t2 0
002C - 06230000 - LW t5 gp 0
0030 - 53D10001 - ADDI t6 t5 1
0034 - 0803F000 - SW t6 gp 0
0038 - A000000C - J wc_1
003C - 15800000 - LUI t0 0
0040 - 518C0FF4 - ADDI t0 t0 -12
0044 - 51A0000A - ADDI t1 zero 10
0048 - 080C6800 - SW t1 t0 0
004C - FC000000 - HALT 