        .data 0
0000 - 00000000 - .WORD 0
        .text 0
0000 - A0000004 - J main
0004 - 50600000 - ADDI gp zero data_start
0008 - 15800000 - LUI t0 0
000C - 518C0FF4 - ADDI t0 t0 -12
0010 - 51A00032 - ADDI t1 zero 50
0014 - 080C6800 - SW t1 t0 0
0018 - 15C00000 - LUI t2 0
001C - 51CE0FF4 - ADDI t2 t2 -12
0020 - 51E0003A - ADDI t3 zero 58
0024 - 080E7800 - SW t3 t2 0
0028 - 16000000 - LUI t4 0
002C - 52100FF4 - ADDI t4 t4 -12
0030 - 52200031 - ADDI t5 zero 49
0034 - 08108800 - SW t5 t4 0
0038 - 17C00000 - LUI t6 0
003C - 53DE0FF4 - ADDI t6 t6 -12
0040 - 5180000A - ADDI t0 zero 10
0044 - 081E6000 - SW t0 t6 0
0048 - FC000000 - HALT 