        .data 0
0000 - 00000000 - .WORD 0
0004 - 00000000 - .WORD 0
0008 - 00000000 - .WORD 0
000C - 00000000 - .WORD 0
        .text 0
0000 - A0000004 - J main
0004 - 50600000 - ADDI gp zero data_start
0008 - 08030000 - SW zero gp 0
000C - 51800001 - ADDI t0 zero 1
0010 - 08036004 - SW t0 gp 4
0014 - 08030008 - SW zero gp 8
0018 - 05A30008 - LW t1 gp 8
001C - 51C0000A - ADDI t2 zero 10
0020 - 940D7054 - BGE t1 t2 en_2
0024 - 15E00000 - LUI t3 0
0028 - 51EF0FF4 - ADDI t3 t3 -12
002C - 06030000 - LW t4 gp 0
0030 - 52300030 - ADDI t5 t4 48
0034 - 080F8800 - SW t5 t3 0
0038 - 17C00000 - LUI t6 0
003C - 53DE0FF4 - ADDI t6 t6 -12
0040 - 51800020 - ADDI t0 zero 32
0044 - 081E6000 - SW t0 t6 0
0048 - 05A30000 - LW t1 gp 0
004C - 05C30004 - LW t2 gp 4
0050 - 19ED7000 - ADD t3 t1 t2
0054 - 0803780C - SW t3 gp 12
0058 - 06030004 - LW t4 gp 4
005C - 08038000 - SW t4 gp 0
0060 - 0623000C - LW t5 gp 12
0064 - 08038804 - SW t5 gp 4
0068 - 07C30008 - LW t6 gp 8
006C - 519E0001 - ADDI t0 t6 1
0070 - 08036008 - SW t0 gp 8
0074 - A0000018 - J wc_1
0078 - 15A00000 - LUI t1 0
007C - 51AD0FF4 - ADDI t1 t1 -12
0080 - 51C0000A - ADDI t2 zero 10
0084 - 080D7000 - SW t2 t1 0
0088 - FC000000 - HALT 