        .data 0
0000 - 00000000 - .WORD 0
0004 - 00000000 - .WORD 0
0008 - 00000000 - .WORD 0
000C - 00000000 - .WORD 0
        .text 0
0000 - A0000034 - J main
0004 - 50420FFC - ADDI sp sp -4
0008 - 08020800 - SW ra sp 0
000C - 08032000 - SW a0 gp 0
0010 - 05830000 - LW t0 gp 0
0014 - 51C00002 - ADDI t2 zero 2
0018 - 21EC7000 - MUL t3 t0 t2
001C - 08037804 - SW t3 gp 4
0020 - 06030004 - LW t4 gp 4
0024 - 18900000 - ADD a0 t4 zero
0028 - 04220000 - LW ra sp 0
002C - 50420004 - ADDI sp sp 4
0030 - A8010000 - JR ra
0034 - 50600000 - ADDI gp zero data_start
0038 - 52200015 - ADDI t5 zero 21
003C - 08038808 - SW t5 gp 8
0040 - 07C30008 - LW t6 gp 8
0044 - 189E0000 - ADD a0 t6 zero
0048 - A4200004 - JAL ra double
004C - 19840000 - ADD t0 a0 zero
0050 - 0803600C - SW t0 gp 12
0054 - 05A3000C - LW t1 gp 12
0058 - 19CD0000 - ADD t2 t1 zero
005C - 17C00000 - LUI t6 0
0060 - 53DE0FF4 - ADDI t6 t6 -12
0064 - 5220000A - ADDI t5 zero 10
0068 - 51E00001 - ADDI t3 zero 1
006C - 260E7800 - DIV t4 t2 t3
0070 - 88108808 - BLT t4 t5 pn2_2
0074 - 21EF8800 - MUL t3 t3 t5
0078 - A000006C - J pnl_1
007C - 260E7800 - DIV t4 t2 t3
0080 - 29CE7800 - REM t2 t2 t3
0084 - 52100030 - ADDI t4 t4 48
0088 - 081E8000 - SW t4 t6 0
008C - 25EF8800 - DIV t3 t3 t5
0090 - 840F07E8 - BNE t3 zero pn3_3
0094 - 15800000 - LUI t0 0
0098 - 518C0FF4 - ADDI t0 t0 -12
009C - 51A0000A - ADDI t1 zero 10
00A0 - 080C6800 - SW t1 t0 0
00A4 - FC000000 - HALT 