        .data 0
0000 - 0000000E - .STRING_LEN 14
0004 - 48 - .CHAR 'H'
0005 - 65 - .CHAR 'e'
0006 - 6C - .CHAR 'l'
0007 - 6C - .CHAR 'l'
0008 - 6F - .CHAR 'o'
0009 - 2C - .CHAR ','
000A - 20 - .CHAR ' '
000B - 57 - .CHAR 'W'
000C - 6F - .CHAR 'o'
000D - 72 - .CHAR 'r'
000E - 6C - .CHAR 'l'
000F - 64 - .CHAR 'd'
0010 - 21 - .CHAR '!'
0011 - 0A - .CHAR '\n'
        .text 0
0000 - A0000004 - J main
0004 - 50600000 - ADDI gp zero data_start
0008 - 16000000 - LUI t4 0
000C - 52100FF4 - ADDI t4 t4 -12
0010 - 51830000 - ADDI t0 gp 0
0014 - 05AC0000 - LW t1 t0 0
0018 - 518C0004 - ADDI t0 t0 4
001C - 51C00000 - ADDI t2 zero 0
0020 - 940E6814 - BGE t2 t1 pe_2
0024 - 19EC7000 - ADD t3 t0 t2
0028 - 0DEF0000 - LB t3 t3 0
002C - 08107800 - SW t3 t4 0
0030 - 51CE0001 - ADDI t2 t2 1
0034 - A0000020 - J ps_1
0038 - FC000000 - HALT 