        .data 0
0000 - 00000000 - .WORD 0
0004 - 00000000 - .WORD 0
0008 - 00000000 - .WORD 0
000C - 00000000 - .WORD 0
0010 - 00000000 - .WORD 0
0014 - 00000000 - .WORD 0
0018 - 00000000 - .WORD 0
001C - 00000000 - .WORD 0
0020 - 00000000 - .WORD 0
0024 - 00000000 - .WORD 0
0028 - 00000000 - .WORD 0
002C - 00000000 - .WORD 0
0030 - 00000000 - .WORD 0
0034 - 00000000 - .WORD 0
0038 - 00000000 - .WORD 0
003C - 00000000 - .WORD 0
0040 - 00000000 - .WORD 0
0044 - 00000000 - .WORD 0
0048 - 00000000 - .WORD 0
004C - 00000000 - .WORD 0
0050 - 00000000 - .WORD 0
0054 - 00000000 - .WORD 0
0058 - 00000000 - .WORD 0
005C - 00000000 - .WORD 0
0060 - 00000000 - .WORD 0
0064 - 00000000 - .WORD 0
0068 - 00000000 - .WORD 0
006C - 00000000 - .WORD 0
0070 - 00000000 - .WORD 0
0074 - 00000000 - .WORD 0
0078 - 00000000 - .WORD 0
007C - 00000000 - .WORD 0
0080 - 00000000 - .WORD 0
0084 - 00000000 - .WORD 0
0088 - 00000000 - .WORD 0
008C - 00000000 - .WORD 0
0090 - 00000000 - .WORD 0
0094 - 00000000 - .WORD 0
0098 - 00000000 - .WORD 0
009C - 00000000 - .WORD 0
00A0 - 00000000 - .WORD 0
00A4 - 00000000 - .WORD 0
00A8 - 00000000 - .WORD 0
00AC - 00000000 - .WORD 0
00B0 - 00000000 - .WORD 0
00B4 - 00000000 - .WORD 0
00B8 - 00000000 - .WORD 0
00BC - 00000000 - .WORD 0
00C0 - 00000000 - .WORD 0
00C4 - 00000000 - .WORD 0
00C8 - 00000000 - .WORD 0
00CC - 00000000 - .WORD 0
00D0 - 00000000 - .WORD 0
00D4 - 00000000 - .WORD 0
00D8 - 00000000 - .WORD 0
00DC - 00000000 - .WORD 0
00E0 - 00000000 - .WORD 0
00E4 - 00000000 - .WORD 0
00E8 - 00000000 - .WORD 0
00EC - 00000000 - .WORD 0
00F0 - 00000000 - .WORD 0
00F4 - 00000000 - .WORD 0
00F8 - 00000000 - .WORD 0
00FC - 00000000 - .WORD 0
0100 - 00000000 - .WORD 0
0104 - 00000000 - .WORD 0
0108 - 00000000 - .WORD 0
010C - 00000000 - .WORD 0
0110 - 00000000 - .WORD 0
0114 - 00000000 - .WORD 0
0118 - 00000000 - .WORD 0
011C - 00000000 - .WORD 0
0120 - 00000000 - .WORD 0
0124 - 00000000 - .WORD 0
0128 - 00000000 - .WORD 0
012C - 00000000 - .WORD 0
0130 - 00000000 - .WORD 0
0134 - 00000000 - .WORD 0
0138 - 00000000 - .WORD 0
013C - 00000000 - .WORD 0
0140 - 00000000 - .WORD 0
0144 - 00000000 - .WORD 0
0148 - 00000000 - .WORD 0
014C - 00000000 - .WORD 0
0150 - 00000000 - .WORD 0
0154 - 00000000 - .WORD 0
0158 - 00000000 - .WORD 0
015C - 00000000 - .WORD 0
0160 - 00000000 - .WORD 0
0164 - 00000000 - .WORD 0
0168 - 00000000 - .WORD 0
016C - 00000000 - .WORD 0
0170 - 00000000 - .WORD 0
0174 - 00000000 - .WORD 0
0178 - 00000000 - .WORD 0
017C - 00000000 - .WORD 0
0180 - 00000000 - .WORD 0
0184 - 00000000 - .WORD 0
0188 - 00000000 - .WORD 0
018C - 00000000 - .WORD 0
0190 - 00000000 - .WORD 0
0194 - 00000000 - .WORD 0
0198 - 00000000 - .WORD 0
019C - 00000000 - .WORD 0
01A0 - 00000000 - .WORD 0
01A4 - 00000000 - .WORD 0
01A8 - 00000000 - .WORD 0
01AC - 00000000 - .WORD 0
01B0 - 00000000 - .WORD 0
01B4 - 00000000 - .WORD 0
01B8 - 00000000 - .WORD 0
01BC - 00000000 - .WORD 0
01C0 - 00000000 - .WORD 0
01C4 - 00000000 - .WORD 0
01C8 - 00000000 - .WORD 0
01CC - 00000000 - .WORD 0
01D0 - 00000000 - .WORD 0
01D4 - 00000000 - .WORD 0
01D8 - 00000000 - .WORD 0
01DC - 00000000 - .WORD 0
01E0 - 00000000 - .WORD 0
01E4 - 00000000 - .WORD 0
01E8 - 00000000 - .WORD 0
01EC - 00000000 - .WORD 0
01F0 - 00000000 - .WORD 0
01F4 - 00000000 - .WORD 0
01F8 - 00000000 - .WORD 0
01FC - 00000000 - .WORD 0
0200 - 00000000 - .WORD 0
0204 - 00000000 - .WORD 0
0208 - 00000000 - .WORD 0
020C - 00000000 - .WORD 0
0210 - 00000000 - .WORD 0
0214 - 00000000 - .WORD 0
0218 - 00000000 - .WORD 0
021C - 00000000 - .WORD 0
0220 - 00000000 - .WORD 0
0224 - 00000000 - .WORD 0
0228 - 00000000 - .WORD 0
022C - 00000000 - .WORD 0
0230 - 00000000 - .WORD 0
0234 - 00000000 - .WORD 0
0238 - 00000000 - .WORD 0
023C - 00000000 - .WORD 0
0240 - 00000000 - .WORD 0
0244 - 00000000 - .WORD 0
0248 - 00000000 - .WORD 0
024C - 00000000 - .WORD 0
0250 - 00000000 - .WORD 0
0254 - 00000000 - .WORD 0
0258 - 00000000 - .WORD 0
025C - 00000000 - .WORD 0
0260 - 00000000 - .WORD 0
0264 - 00000000 - .WORD 0
0268 - 00000000 - .WORD 0
026C - 00000000 - .WORD 0
0270 - 00000000 - .WORD 0
0274 - 00000000 - .WORD 0
0278 - 00000000 - .WORD 0
027C - 00000000 - .WORD 0
0280 - 00000000 - .WORD 0
0284 - 00000000 - .WORD 0
0288 - 00000000 - .WORD 0
028C - 00000000 - .WORD 0
0290 - 00000000 - .WORD 0
0294 - 00000000 - .WORD 0
0298 - 00000000 - .WORD 0
029C - 00000000 - .WORD 0
02A0 - 00000000 - .WORD 0
02A4 - 00000000 - .WORD 0
02A8 - 00000000 - .WORD 0
02AC - 00000000 - .WORD 0
02B0 - 00000000 - .WORD 0
02B4 - 00000000 - .WORD 0
02B8 - 00000000 - .WORD 0
02BC - 00000000 - .WORD 0
02C0 - 00000000 - .WORD 0
02C4 - 00000000 - .WORD 0
02C8 - 00000000 - .WORD 0
02CC - 00000000 - .WORD 0
02D0 - 00000000 - .WORD 0
02D4 - 00000000 - .WORD 0
02D8 - 00000000 - .WORD 0
02DC - 00000000 - .WORD 0
02E0 - 00000000 - .WORD 0
02E4 - 00000000 - .WORD 0
02E8 - 00000000 - .WORD 0
02EC - 00000000 - .WORD 0
02F0 - 00000000 - .WORD 0
02F4 - 00000000 - .WORD 0
02F8 - 00000000 - .WORD 0
02FC - 00000000 - .WORD 0
0300 - 00000000 - .WORD 0
0304 - 00000000 - .WORD 0
0308 - 00000000 - .WORD 0
030C - 00000000 - .WORD 0
0310 - 00000000 - .WORD 0
0314 - 00000000 - .WORD 0
0318 - 00000000 - .WORD 0
031C - 00000000 - .WORD 0
0320 - 00000000 - .WORD 0
0324 - 00000000 - .WORD 0
0328 - 00000000 - .WORD 0
032C - 00000000 - .WORD 0
0330 - 00000000 - .WORD 0
0334 - 00000000 - .WORD 0
0338 - 00000000 - .WORD 0
033C - 00000000 - .WORD 0
0340 - 00000000 - .WORD 0
0344 - 00000000 - .WORD 0
0348 - 00000000 - .WORD 0
034C - 00000000 - .WORD 0
0350 - 00000000 - .WORD 0
0354 - 00000000 - .WORD 0
0358 - 00000000 - .WORD 0
035C - 00000000 - .WORD 0
0360 - 00000000 - .WORD 0
0364 - 00000000 - .WORD 0
0368 - 00000000 - .WORD 0
036C - 00000000 - .WORD 0
0370 - 00000000 - .WORD 0
0374 - 00000000 - .WORD 0
0378 - 00000000 - .WORD 0
037C - 00000000 - .WORD 0
0380 - 00000000 - .WORD 0
0384 - 00000000 - .WORD 0
0388 - 00000000 - .WORD 0
038C - 00000000 - .WORD 0
0390 - 00000000 - .WORD 0
0394 - 00000000 - .WORD 0
0398 - 00000000 - .WORD 0
039C - 00000000 - .WORD 0
03A0 - 00000000 - .WORD 0
03A4 - 00000000 - .WORD 0
03A8 - 00000000 - .WORD 0
03AC - 00000000 - .WORD 0
03B0 - 00000000 - .WORD 0
03B4 - 00000000 - .WORD 0
03B8 - 00000000 - .WORD 0
03BC - 00000000 - .WORD 0
03C0 - 00000000 - .WORD 0
03C4 - 00000000 - .WORD 0
03C8 - 00000000 - .WORD 0
03CC - 00000000 - .WORD 0
03D0 - 00000000 - .WORD 0
03D4 - 00000000 - .WORD 0
03D8 - 00000000 - .WORD 0
03DC - 00000000 - .WORD 0
03E0 - 00000000 - .WORD 0
03E4 - 00000000 - .WORD 0
03E8 - 00000000 - .WORD 0
03EC - 00000000 - .WORD 0
03F0 - 00000000 - .WORD 0
03F4 - 00000000 - .WORD 0
03F8 - 00000000 - .WORD 0
03FC - 00000000 - .WORD 0
0400 - 00000000 - .WORD 0
0404 - 00000000 - .WORD 0
0408 - 00000013 - .STRING_LEN 19
040C - 57 - .CHAR 'W'
040D - 68 - .CHAR 'h'
040E - 61 - .CHAR 'a'
040F - 74 - .CHAR 't'
0410 - 20 - .CHAR ' '
0411 - 69 - .CHAR 'i'
0412 - 73 - .CHAR 's'
0413 - 20 - .CHAR ' '
0414 - 79 - .CHAR 'y'
0415 - 6F - .CHAR 'o'
0416 - 75 - .CHAR 'u'
0417 - 72 - .CHAR 'r'
0418 - 20 - .CHAR ' '
0419 - 6E - .CHAR 'n'
041A - 61 - .CHAR 'a'
041B - 6D - .CHAR 'm'
041C - 65 - .CHAR 'e'
041D - 3F - .CHAR '?'
041E - 20 - .CHAR ' '
041F - 00000000 - .WORD 0
0423 - 00000007 - .STRING_LEN 7
0427 - 48 - .CHAR 'H'
0428 - 65 - .CHAR 'e'
0429 - 6C - .CHAR 'l'
042A - 6C - .CHAR 'l'
042B - 6F - .CHAR 'o'
042C - 2C - .CHAR ','
042D - 20 - .CHAR ' '
042E - 00000000 - .WORD 0
0432 - 00000002 - .STRING_LEN 2
0436 - 21 - .CHAR '!'
0437 - 0A - .CHAR '\n'
        .text 0
0000 - A0000004 - J main
0004 - 50600000 - ADDI gp zero data_start
0008 - 51800400 - ADDI t0 zero 1024
000C - 19836000 - ADD t0 gp t0
0010 - 080C0000 - SW zero t0 0
0014 - 51A00001 - ADDI t1 zero 1
0018 - 51C00404 - ADDI t2 zero 1028
001C - 19C37000 - ADD t2 gp t2
0020 - 080E6800 - SW t1 t2 0
0024 - 15800000 - LUI t0 0
0028 - 518C0FF4 - ADDI t0 t0 -12
002C - 51E30408 - ADDI t3 gp 1032
0030 - 060F0000 - LW t4 t3 0
0034 - 51EF0004 - ADDI t3 t3 4
0038 - 52200000 - ADDI t5 zero 0
003C - 94118014 - BGE t5 t4 pe_2
0040 - 1BCF8800 - ADD t6 t3 t5
0044 - 0FDE0000 - LB t6 t6 0
0048 - 080CF000 - SW t6 t0 0
004C - 52310001 - ADDI t5 t5 1
0050 - A000003C - J ps_1
0054 - 05A30404 - LW t1 gp 1028
0058 - 800D007C - BEQ t1 zero en_4
005C - 15E00000 - LUI t3 0
0060 - 51EF0FF0 - ADDI t3 t3 -16
0064 - 05CF0000 - LW t2 t3 0
0068 - 5200041F - ADDI t4 zero 1055
006C - 1A038000 - ADD t4 gp t4
0070 - 08107000 - SW t2 t4 0
0074 - 0623041F - LW t5 gp 1055
0078 - 8411000C - BNE t5 zero el_5
007C - 53C00404 - ADDI t6 zero 1028
0080 - 1BC3F000 - ADD t6 gp t6
0084 - 081E0000 - SW zero t6 0
0088 - 0583041F - LW t0 gp 1055
008C - 51A0000A - ADDI t1 zero 10
0090 - 840C680C - BNE t0 t1 el_7
0094 - 51C00404 - ADDI t2 zero 1028
0098 - 19C37000 - ADD t2 gp t2
009C - 080E0000 - SW zero t2 0
00A0 - 05E30404 - LW t3 gp 1028
00A4 - 800F002C - BEQ t3 zero el_9
00A8 - 0603041F - LW t4 gp 1055
00AC - 06230400 - LW t5 gp 1024
00B0 - 63D10002 - SLLI t6 t5 2
00B4 - 53DE0000 - ADDI t6 t6 0
00B8 - 1BDE1800 - ADD t6 t6 gp
00BC - 081E8000 - SW t4 t6 0
00C0 - 05830400 - LW t0 gp 1024
00C4 - 51AC0001 - ADDI t1 t0 1
00C8 - 51C00400 - ADDI t2 zero 1024
00CC - 19C37000 - ADD t2 gp t2
00D0 - 080E6800 - SW t1 t2 0
00D4 - A0000054 - J wc_3
00D8 - 15800000 - LUI t0 0
00DC - 518C0FF4 - ADDI t0 t0 -12
00E0 - 51E30423 - ADDI t3 gp 1059
00E4 - 060F0000 - LW t4 t3 0
00E8 - 51EF0004 - ADDI t3 t3 4
00EC - 52200000 - ADDI t5 zero 0
00F0 - 94118014 - BGE t5 t4 pe_12
00F4 - 1BCF8800 - ADD t6 t3 t5
00F8 - 0FDE0000 - LB t6 t6 0
00FC - 080CF000 - SW t6 t0 0
0100 - 52310001 - ADDI t5 t5 1
0104 - A00000F0 - J ps_11
0108 - 51A0042E - ADDI t1 zero 1070
010C - 19A36800 - ADD t1 gp t1
0110 - 080D0000 - SW zero t1 0
0114 - 05C3042E - LW t2 gp 1070
0118 - 05E30400 - LW t3 gp 1024
011C - 940E7838 - BGE t2 t3 en_14
0120 - 16000000 - LUI t4 0
0124 - 52100FF4 - ADDI t4 t4 -12
0128 - 0623042E - LW t5 gp 1070
012C - 63D10002 - SLLI t6 t5 2
0130 - 53DE0000 - ADDI t6 t6 0
0134 - 1BDE1800 - ADD t6 t6 gp
0138 - 059E0000 - LW t0 t6 0
013C - 08106000 - SW t0 t4 0
0140 - 05A3042E - LW t1 gp 1070
0144 - 51CD0001 - ADDI t2 t1 1
0148 - 51E0042E - ADDI t3 zero 1070
014C - 19E37800 - ADD t3 gp t3
0150 - 080F7000 - SW t2 t3 0
0154 - A0000114 - J wc_13
0158 - 15A00000 - LUI t1 0
015C - 51AD0FF4 - ADDI t1 t1 -12
0160 - 52030432 - ADDI t4 gp 1074
0164 - 06300000 - LW t5 t4 0
0168 - 52100004 - ADDI t4 t4 4
016C - 53C00000 - ADDI t6 zero 0
0170 - 941E8814 - BGE t6 t5 pe_16
0174 - 1990F000 - ADD t0 t4 t6
0178 - 0D8C0000 - LB t0 t0 0
017C - 080D6000 - SW t0 t1 0
0180 - 53DE0001 - ADDI t6 t6 1
0184 - A0000170 - J ps_15
0188 - FC000000 - HALT 