        .data 0
0000 - 00000000 - .WORD 0
0004 - 00000000 - .WORD 0
0008 - 00000000 - .WORD 0
        .text 0
0000 - A0000004 - J main
0004 - 50600000 - ADDI gp zero data_start
0008 - 5180000A - ADDI t0 zero 10
000C - 08036000 - SW t0 gp 0
0010 - 51A00014 - ADDI t1 zero 20
0014 - 08036804 - SW t1 gp 4
0018 - 05C30000 - LW t2 gp 0
001C - 05E30004 - LW t3 gp 4
0020 - 1A0E7800 - ADD t4 t2 t3
0024 - 08038008 - SW t4 gp 8
0028 - 16200000 - LUI t5 0
002C - 52310FF4 - ADDI t5 t5 -12
0030 - 07C30008 - LW t6 gp 8
0034 - 519E0030 - ADDI t0 t6 48
0038 - 08116000 - SW t0 t5 0
003C - 15A00000 - LUI t1 0
0040 - 51AD0FF4 - ADDI t1 t1 -12
0044 - 51C0000A - ADDI t2 zero 10
0048 - 080D7000 - SW t2 t1 0
004C - FC000000 - HALT 