TICK:      1  UPC:  2  PHASE: FETCH     PC: 0001  IR: 5240012C  CMD:  ADDI
TICK:      2  UPC:  0  PHASE: I_EX      PC: 0001  IR: 5240012C  CMD:  ADDI  A: 00000000  B: 0000012C  ALU: 0000012C
TICK:      3  UPC:  2  PHASE: FETCH     PC: 0002  IR: 52600000  CMD:  ADDI
TICK:      4  UPC:  0  PHASE: I_EX      PC: 0002  IR: 52600000  CMD:  ADDI  A: 00000000  B: 00000000  ALU: 00000000
TICK:      5  UPC:  2  PHASE: FETCH     PC: 0003  IR: 52E00000  CMD:  ADDI
TICK:      6  UPC:  0  PHASE: I_EX      PC: 0003  IR: 52E00000  CMD:  ADDI  A: 00000000  B: 00000000  ALU: 00000000
TICK:      7  UPC:  2  PHASE: FETCH     PC: 0004  IR: 53000000  CMD:  ADDI
TICK:      8  UPC:  0  PHASE: I_EX      PC: 0004  IR: 53000000  CMD:  ADDI  A: 00000000  B: 00000000  ALU: 00000000
TICK:      9  UPC:  3  PHASE: FETCH     PC: 0005  IR: 058007F0  CMD:    LW
TICK:     10  UPC:  4  PHASE: L_EX1     PC: 0005  IR: 058007F0  CMD:    LW  A: 00000000  B: -0000010  ALU: FFFFFFF0
TICK:     11  UPC: 17  PHASE: L_EX2     PC: 0005  IR: 058007F0  CMD:    LW  A: 00000000  B: -0000010  MDR: 00000035
TICK:     12  UPC:  0  PHASE: L_EX3     PC: 0005  IR: 058007F0  CMD:    LW  A: 00000000  B: -0000010
TICK:     13  UPC:  6  PHASE: FETCH     PC: 0006  IR: 800C0012  CMD:   BEQ
TICK:     14  UPC:  0  PHASE: B_EX      PC: 0006  IR: 800C0012  CMD:   BEQ  A: 00000035  B: 00000000
TICK:     15  UPC:  2  PHASE: FETCH     PC: 0007  IR: 51A00020  CMD:  ADDI
TICK:     16  UPC:  0  PHASE: I_EX      PC: 0007  IR: 51A00020  CMD:  ADDI  A: 00000000  B: 00000020  ALU: 00000020
TICK:     17  UPC:  6  PHASE: FETCH     PC: 0008  IR: 800C6808  CMD:   BEQ
TICK:     18  UPC:  0  PHASE: B_EX      PC: 0008  IR: 800C6808  CMD:   BEQ  A: 00000035  B: 00000020
TICK:     19  UPC:  2  PHASE: FETCH     PC: 0009  IR: 51A0000A  CMD:  ADDI
TICK:     20  UPC:  0  PHASE: I_EX      PC: 0009  IR: 51A0000A  CMD:  ADDI  A: 00000000  B: 0000000A  ALU: 0000000A
TICK:     21  UPC:  6  PHASE: FETCH     PC: 000A  IR: 800C6806  CMD:   BEQ
TICK:     22  UPC:  0  PHASE: B_EX      PC: 000A  IR: 800C6806  CMD:   BEQ  A: 00000035  B: 0000000A
TICK:     23  UPC:  2  PHASE: FETCH     PC: 000B  IR: 51C0000A  CMD:  ADDI
TICK:     24  UPC:  0  PHASE: I_EX      PC: 000B  IR: 51C0000A  CMD:  ADDI  A: 00000000  B: 0000000A  ALU: 0000000A
TICK:     25  UPC:  1  PHASE: FETCH     PC: 000C  IR: 22F77000  CMD:   MUL
TICK:     26  UPC:  0  PHASE: R_EX      PC: 000C  IR: 22F77000  CMD:   MUL  A: 00000000  B: 0000000A  ALU: 00000000
TICK:     27  UPC:  2  PHASE: FETCH     PC: 000D  IR: 518C07D0  CMD:  ADDI
TICK:     28  UPC:  0  PHASE: I_EX      PC: 000D  IR: 518C07D0  CMD:  ADDI  A: 00000035  B: -0000030  ALU: 00000005
TICK:     29  UPC:  1  PHASE: FETCH     PC: 000E  IR: 1AF76000  CMD:   ADD
TICK:     30  UPC:  0  PHASE: R_EX      PC: 000E  IR: 1AF76000  CMD:   ADD  A: 00000000  B: 00000005  ALU: 00000005
TICK:     31  UPC:  2  PHASE: FETCH     PC: 000F  IR: 53000001  CMD:  ADDI
TICK:     32  UPC:  0  PHASE: I_EX      PC: 000F  IR: 53000001  CMD:  ADDI  A: 00000000  B: 00000001  ALU: 00000001
TICK:     33  UPC:  7  PHASE: FETCH     PC: 0010  IR: A0000004  CMD:     J
TICK:     34  UPC:  0  PHASE: J_EX      PC: 0004  IR: A0000004  CMD:     J
TICK:     35  UPC:  3  PHASE: FETCH     PC: 0005  IR: 058007F0  CMD:    LW
TICK:     36  UPC:  4  PHASE: L_EX1     PC: 0005  IR: 058007F0  CMD:    LW  A: 00000000  B: -0000010  ALU: FFFFFFF0
TICK:     37  UPC: 17  PHASE: L_EX2     PC: 0005  IR: 058007F0  CMD:    LW  A: 00000000  B: -0000010  MDR: 00000020
TICK:     38  UPC:  0  PHASE: L_EX3     PC: 0005  IR: 058007F0  CMD:    LW  A: 00000000  B: -0000010
TICK:     39  UPC:  6  PHASE: FETCH     PC: 0006  IR: 800C0012  CMD:   BEQ
TICK:     40  UPC:  0  PHASE: B_EX      PC: 0006  IR: 800C0012  CMD:   BEQ  A: 00000020  B: 00000000
TICK:     41  UPC:  2  PHASE: FETCH     PC: 0007  IR: 51A00020  CMD:  ADDI
TICK:     42  UPC:  0  PHASE: I_EX      PC: 0007  IR: 51A00020  CMD:  ADDI  A: 00000000  B: 00000020  ALU: 00000020
TICK:     43  UPC:  6  PHASE: FETCH     PC: 0008  IR: 800C6808  CMD:   BEQ
TICK:     44  UPC:  0  PHASE: B_EX      PC: 0010  IR: 800C6808  CMD:   BEQ  A: 00000020  B: 00000020
TICK:     45  UPC:  6  PHASE: FETCH     PC: 0011  IR: 801807F3  CMD:   BEQ
TICK:     46  UPC:  0  PHASE: B_EX      PC: 0011  IR: 801807F3  CMD:   BEQ  A: 00000001  B: 00000000
TICK:     47  UPC:  2  PHASE: FETCH     PC: 0012  IR: 51F20001  CMD:  ADDI
TICK:     48  UPC:  0  PHASE: I_EX      PC: 0012  IR: 51F20001  CMD:  ADDI  A: 0000012C  B: 00000001  ALU: 0000012D
TICK:     49  UPC:  1  PHASE: FETCH     PC: 0013  IR: 1A0F9800  CMD:   ADD
TICK:     50  UPC:  0  PHASE: R_EX      PC: 0013  IR: 1A0F9800  CMD:   ADD  A: 0000012D  B: 00000000  ALU: 0000012D
TICK:     51  UPC:  5  PHASE: FETCH     PC: 0014  IR: 0AF00000  CMD:    SW
TICK:     52  UPC: 18  PHASE: S_EX1     PC: 0014  IR: 0AF00000  CMD:    SW  A: 0000012D  B: 00000000
TICK:     53  UPC:  0  PHASE: S_EX2     PC: 0014  IR: 0AF00000  CMD:    SW  A: 0000012D  B: 00000000
TICK:     54  UPC:  2  PHASE: FETCH     PC: 0015  IR: 52730001  CMD:  ADDI
TICK:     55  UPC:  0  PHASE: I_EX      PC: 0015  IR: 52730001  CMD:  ADDI  A: 00000000  B: 00000001  ALU: 00000001
TICK:     56  UPC:  2  PHASE: FETCH     PC: 0016  IR: 52E00000  CMD:  ADDI
TICK:     57  UPC:  0  PHASE: I_EX      PC: 0016  IR: 52E00000  CMD:  ADDI  A: 00000000  B: 00000000  ALU: 00000000
TICK:     58  UPC:  2  PHASE: FETCH     PC: 0017  IR: 53000000  CMD:  ADDI
TICK:     59  UPC:  0  PHASE: I_EX      PC: 0017  IR: 53000000  CMD:  ADDI  A: 00000000  B: 00000000  ALU: 00000000
TICK:     60  UPC:  7  PHASE: FETCH     PC: 0018  IR: A0000004  CMD:     J
TICK:     61  UPC:  0  PHASE: J_EX      PC: 0004  IR: A0000004  CMD:     J
TICK:     62  UPC:  3  PHASE: FETCH     PC: 0005  IR: 058007F0  CMD:    LW
TICK:     63  UPC:  4  PHASE: L_EX1     PC: 0005  IR: 058007F0  CMD:    LW  A: 00000000  B: -0000010  ALU: FFFFFFF0
TICK:     64  UPC: 17  PHASE: L_EX2     PC: 0005  IR: 058007F0  CMD:    LW  A: 00000000  B: -0000010  MDR: 00000033
TICK:     65  UPC:  0  PHASE: L_EX3     PC: 0005  IR: 058007F0  CMD:    LW  A: 00000000  B: -0000010
TICK:     66  UPC:  6  PHASE: FETCH     PC: 0006  IR: 800C0012  CMD:   BEQ
TICK:     67  UPC:  0  PHASE: B_EX      PC: 0006  IR: 800C0012  CMD:   BEQ  A: 00000033  B: 00000000
TICK:     68  UPC:  2  PHASE: FETCH     PC: 0007  IR: 51A00020  CMD:  ADDI
TICK:     69  UPC:  0  PHASE: I_EX      PC: 0007  IR: 51A00020  CMD:  ADDI  A: 00000000  B: 00000020  ALU: 00000020
TICK:     70  UPC:  6  PHASE: FETCH     PC: 0008  IR: 800C6808  CMD:   BEQ
TICK:     71  UPC:  0  PHASE: B_EX      PC: 0008  IR: 800C6808  CMD:   BEQ  A: 00000033  B: 00000020
TICK:     72  UPC:  2  PHASE: FETCH     PC: 0009  IR: 51A0000A  CMD:  ADDI
TICK:     73  UPC:  0  PHASE: I_EX      PC: 0009  IR: 51A0000A  CMD:  ADDI  A: 00000000  B: 0000000A  ALU: 0000000A
TICK:     74  UPC:  6  PHASE: FETCH     PC: 000A  IR: 800C6806  CMD:   BEQ
TICK:     75  UPC:  0  PHASE: B_EX      PC: 000A  IR: 800C6806  CMD:   BEQ  A: 00000033  B: 0000000A
TICK:     76  UPC:  2  PHASE: FETCH     PC: 000B  IR: 51C0000A  CMD:  ADDI
TICK:     77  UPC:  0  PHASE: I_EX      PC: 000B  IR: 51C0000A  CMD:  ADDI  A: 00000000  B: 0000000A  ALU: 0000000A
TICK:     78  UPC:  1  PHASE: FETCH     PC: 000C  IR: 22F77000  CMD:   MUL
TICK:     79  UPC:  0  PHASE: R_EX      PC: 000C  IR: 22F77000  CMD:   MUL  A: 00000000  B: 0000000A  ALU: 00000000
TICK:     80  UPC:  2  PHASE: FETCH     PC: 000D  IR: 518C07D0  CMD:  ADDI
TICK:     81  UPC:  0  PHASE: I_EX      PC: 000D  IR: 518C07D0  CMD:  ADDI  A: 00000033  B: -0000030  ALU: 00000003
TICK:     82  UPC:  1  PHASE: FETCH     PC: 000E  IR: 1AF76000  CMD:   ADD
TICK:     83  UPC:  0  PHASE: R_EX      PC: 000E  IR: 1AF76000  CMD:   ADD  A: 00000000  B: 00000003  ALU: 00000003
TICK:     84  UPC:  2  PHASE: FETCH     PC: 000F  IR: 53000001  CMD:  ADDI
TICK:     85  UPC:  0  PHASE: I_EX      PC: 000F  IR: 53000001  CMD:  ADDI  A: 00000000  B: 00000001  ALU: 00000001
TICK:     86  UPC:  7  PHASE: FETCH     PC: 0010  IR: A0000004  CMD:     J
TICK:     87  UPC:  0  PHASE: J_EX      PC: 0004  IR: A0000004  CMD:     J
TICK:     88  UPC:  3  PHASE: FETCH     PC: 0005  IR: 058007F0  CMD:    LW
TICK:     89  UPC:  4  PHASE: L_EX1     PC: 0005  IR: 058007F0  CMD:    LW  A: 00000000  B: -0000010  ALU: FFFFFFF0
TICK:     90  UPC: 17  PHASE: L_EX2     PC: 0005  IR: 058007F0  CMD:    LW  A: 00000000  B: -0000010  MDR: 00000020
TICK:     91  UPC:  0  PHASE: L_EX3     PC: 0005  IR: 058007F0  CMD:    LW  A: 00000000  B: -0000010
TICK:     92  UPC:  6  PHASE: FETCH     PC: 0006  IR: 800C0012  CMD:   BEQ
TICK:     93  UPC:  0  PHASE: B_EX      PC: 0006  IR: 800C0012  CMD:   BEQ  A: 00000020  B: 00000000
TICK:     94  UPC:  2  PHASE: FETCH     PC: 0007  IR: 51A00020  CMD:  ADDI
TICK:     95  UPC:  0  PHASE: I_EX      PC: 0007  IR: 51A00020  CMD:  ADDI  A: 00000000  B: 00000020  ALU: 00000020
TICK:     96  UPC:  6  PHASE: FETCH     PC: 0008  IR: 800C6808  CMD:   BEQ
TICK:     97  UPC:  0  PHASE: B_EX      PC: 0010  IR: 800C6808  CMD:   BEQ  A: 00000020  B: 00000020
TICK:     98  UPC:  6  PHASE: FETCH     PC: 0011  IR: 801807F3  CMD:   BEQ
TICK:     99  UPC:  0  PHASE: B_EX      PC: 0011  IR: 801807F3  CMD:   BEQ  A: 00000001  B: 00000000
TICK:    100  UPC:  2  PHASE: FETCH     PC: 0012  IR: 51F20001  CMD:  ADDI
TICK:    101  UPC:  0  PHASE: I_EX      PC: 0012  IR: 51F20001  CMD:  ADDI  A: 0000012C  B: 00000001  ALU: 0000012D
TICK:    102  UPC:  1  PHASE: FETCH     PC: 0013  IR: 1A0F9800  CMD:   ADD
TICK:    103  UPC:  0  PHASE: R_EX      PC: 0013  IR: 1A0F9800  CMD:   ADD  A: 0000012D  B: 00000001  ALU: 0000012E
TICK:    104  UPC:  5  PHASE: FETCH     PC: 0014  IR: 0AF00000  CMD:    SW
TICK:    105  UPC: 18  PHASE: S_EX1     PC: 0014  IR: 0AF00000  CMD:    SW  A: 0000012E  B: 00000000
TICK:    106  UPC:  0  PHASE: S_EX2     PC: 0014  IR: 0AF00000  CMD:    SW  A: 0000012E  B: 00000000
TICK:    107  UPC:  2  PHASE: FETCH     PC: 0015  IR: 52730001  CMD:  ADDI
TICK:    108  UPC:  0  PHASE: I_EX      PC: 0015  IR: 52730001  CMD:  ADDI  A: 00000001  B: 00000001  ALU: 00000002
TICK:    109  UPC:  2  PHASE: FETCH     PC: 0016  IR: 52E00000  CMD:  ADDI
TICK:    110  UPC:  0  PHASE: I_EX      PC: 0016  IR: 52E00000  CMD:  ADDI  A: 00000000  B: 00000000  ALU: 00000000
TICK:    111  UPC:  2  PHASE: FETCH     PC: 0017  IR: 53000000  CMD:  ADDI
TICK:    112  UPC:  0  PHASE: I_EX      PC: 0017  IR: 53000000  CMD:  ADDI  A: 00000000  B: 00000000  ALU: 00000000
TICK:    113  UPC:  7  PHASE: FETCH     PC: 0018  IR: A0000004  CMD:     J
TICK:    114  UPC:  0  PHASE: J_EX      PC: 0004  IR: A0000004  CMD:     J
TICK:    115  UPC:  3  PHASE: FETCH     PC: 0005  IR: 058007F0  CMD:    LW
TICK:    116  UPC:  4  PHASE: L_EX1     PC: 0005  IR: 058007F0  CMD:    LW  A: 00000000  B: -0000010  ALU: FFFFFFF0
TICK:    117  UPC: 17  PHASE: L_EX2     PC: 0005  IR: 058007F0  CMD:    LW  A: 00000000  B: -0000010  MDR: 00000038
TICK:    118  UPC:  0  PHASE: L_EX3     PC: 0005  IR: 058007F0  CMD:    LW  A: 00000000  B: -0000010
TICK:    119  UPC:  6  PHASE: FETCH     PC: 0006  IR: 800C0012  CMD:   BEQ
TICK:    120  UPC:  0  PHASE: B_EX      PC: 0006  IR: 800C0012  CMD:   BEQ  A: 00000038  B: 00000000
TICK:    121  UPC:  2  PHASE: FETCH     PC: 0007  IR: 51A00020  CMD:  ADDI
TICK:    122  UPC:  0  PHASE: I_EX      PC: 0007  IR: 51A00020  CMD:  ADDI  A: 00000000  B: 00000020  ALU: 00000020
TICK:    123  UPC:  6  PHASE: FETCH     PC: 0008  IR: 800C6808  CMD:   BEQ
TICK:    124  UPC:  0  PHASE: B_EX      PC: 0008  IR: 800C6808  CMD:   BEQ  A: 00000038  B: 00000020
TICK:    125  UPC:  2  PHASE: FETCH     PC: 0009  IR: 51A0000A  CMD:  ADDI
TICK:    126  UPC:  0  PHASE: I_EX      PC: 0009  IR: 51A0000A  CMD:  ADDI  A: 00000000  B: 0000000A  ALU: 0000000A
TICK:    127  UPC:  6  PHASE: FETCH     PC: 000A  IR: 800C6806  CMD:   BEQ
TICK:    128  UPC:  0  PHASE: B_EX      PC: 000A  IR: 800C6806  CMD:   BEQ  A: 00000038  B: 0000000A
TICK:    129  UPC:  2  PHASE: FETCH     PC: 000B  IR: 51C0000A  CMD:  ADDI
TICK:    130  UPC:  0  PHASE: I_EX      PC: 000B  IR: 51C0000A  CMD:  ADDI  A: 00000000  B: 0000000A  ALU: 0000000A
TICK:    131  UPC:  1  PHASE: FETCH     PC: 000C  IR: 22F77000  CMD:   MUL
TICK:    132  UPC:  0  PHASE: R_EX      PC: 000C  IR: 22F77000  CMD:   MUL  A: 00000000  B: 0000000A  ALU: 00000000
TICK:    133  UPC:  2  PHASE: FETCH     PC: 000D  IR: 518C07D0  CMD:  ADDI
TICK:    134  UPC:  0  PHASE: I_EX      PC: 000D  IR: 518C07D0  CMD:  ADDI  A: 00000038  B: -0000030  ALU: 00000008
TICK:    135  UPC:  1  PHASE: FETCH     PC: 000E  IR: 1AF76000  CMD:   ADD
TICK:    136  UPC:  0  PHASE: R_EX      PC: 000E  IR: 1AF76000  CMD:   ADD  A: 00000000  B: 00000008  ALU: 00000008
TICK:    137  UPC:  2  PHASE: FETCH     PC: 000F  IR: 53000001  CMD:  ADDI
TICK:    138  UPC:  0  PHASE: I_EX      PC: 000F  IR: 53000001  CMD:  ADDI  A: 00000000  B: 00000001  ALU: 00000001
TICK:    139  UPC:  7  PHASE: FETCH     PC: 0010  IR: A0000004  CMD:     J
TICK:    140  UPC:  0  PHASE: J_EX      PC: 0004  IR: A0000004  CMD:     J
TICK:    141  UPC:  3  PHASE: FETCH     PC: 0005  IR: 058007F0  CMD:    LW
TICK:    142  UPC:  4  PHASE: L_EX1     PC: 0005  IR: 058007F0  CMD:    LW  A: 00000000  B: -0000010  ALU: FFFFFFF0
TICK:    143  UPC: 17  PHASE: L_EX2     PC: 0005  IR: 058007F0  CMD:    LW  A: 00000000  B: -0000010  MDR: 00000020
TICK:    144  UPC:  0  PHASE: L_EX3     PC: 0005  IR: 058007F0  CMD:    LW  A: 00000000  B: -0000010
TICK:    145  UPC:  6  PHASE: FETCH     PC: 0006  IR: 800C0012  CMD:   BEQ
TICK:    146  UPC:  0  PHASE: B_EX      PC: 0006  IR: 800C0012  CMD:   BEQ  A: 00000020  B: 00000000
TICK:    147  UPC:  2  PHASE: FETCH     PC: 0007  IR: 51A00020  CMD:  ADDI
TICK:    148  UPC:  0  PHASE: I_EX      PC: 0007  IR: 51A00020  CMD:  ADDI  A: 00000000  B: 00000020  ALU: 00000020
TICK:    149  UPC:  6  PHASE: FETCH     PC: 0008  IR: 800C6808  CMD:   BEQ
TICK:    150  UPC:  0  PHASE: B_EX      PC: 0010  IR: 800C6808  CMD:   BEQ  A: 00000020  B: 00000020
TICK:    151  UPC:  6  PHASE: FETCH     PC: 0011  IR: 801807F3  CMD:   BEQ
TICK:    152  UPC:  0  PHASE: B_EX      PC: 0011  IR: 801807F3  CMD:   BEQ  A: 00000001  B: 00000000
TICK:    153  UPC:  2  PHASE: FETCH     PC: 0012  IR: 51F20001  CMD:  ADDI
TICK:    154  UPC:  0  PHASE: I_EX      PC: 0012  IR: 51F20001  CMD:  ADDI  A: 0000012C  B: 00000001  ALU: 0000012D
TICK:    155  UPC:  1  PHASE: FETCH     PC: 0013  IR: 1A0F9800  CMD:   ADD
TICK:    156  UPC:  0  PHASE: R_EX      PC: 0013  IR: 1A0F9800  CMD:   ADD  A: 0000012D  B: 00000002  ALU: 0000012F
TICK:    157  UPC:  5  PHASE: FETCH     PC: 0014  IR: 0AF00000  CMD:    SW
TICK:    158  UPC: 18  PHASE: S_EX1     PC: 0014  IR: 0AF00000  CMD:    SW  A: 0000012F  B: 00000000
TICK:    159  UPC:  0  PHASE: S_EX2     PC: 0014  IR: 0AF00000  CMD:    SW  A: 0000012F  B: 00000000
TICK:    160  UPC:  2  PHASE: FETCH     PC: 0015  IR: 52730001  CMD:  ADDI
TICK:    161  UPC:  0  PHASE: I_EX      PC: 0015  IR: 52730001  CMD:  ADDI  A: 00000002  B: 00000001  ALU: 00000003
TICK:    162  UPC:  2  PHASE: FETCH     PC: 0016  IR: 52E00000  CMD:  ADDI
TICK:    163  UPC:  0  PHASE: I_EX      PC: 0016  IR: 52E00000  CMD:  ADDI  A: 00000000  B: 00000000  ALU: 00000000
TICK:    164  UPC:  2  PHASE: FETCH     PC: 0017  IR: 53000000  CMD:  ADDI
TICK:    165  UPC:  0  PHASE: I_EX      PC: 0017  IR: 53000000  CMD:  ADDI  A: 00000000  B: 00000000  ALU: 00000000
TICK:    166  UPC:  7  PHASE: FETCH     PC: 0018  IR: A0000004  CMD:     J
TICK:    167  UPC:  0  PHASE: J_EX      PC: 0004  IR: A0000004  CMD:     J
TICK:    168  UPC:  3  PHASE: FETCH     PC: 0005  IR: 058007F0  CMD:    LW
TICK:    169  UPC:  4  PHASE: L_EX1     PC: 0005  IR: 058007F0  CMD:    LW  A: 00000000  B: -0000010  ALU: FFFFFFF0
TICK:    170  UPC: 17  PHASE: L_EX2     PC: 0005  IR: 058007F0  CMD:    LW  A: 00000000  B: -0000010  MDR: 00000031
TICK:    171  UPC:  0  PHASE: L_EX3     PC: 0005  IR: 058007F0  CMD:    LW  A: 00000000  B: -0000010
TICK:    172  UPC:  6  PHASE: FETCH     PC: 0006  IR: 800C0012  CMD:   BEQ
TICK:    173  UPC:  0  PHASE: B_EX      PC: 0006  IR: 800C0012  CMD:   BEQ  A: 00000031  B: 00000000
TICK:    174  UPC:  2  PHASE: FETCH     PC: 0007  IR: 51A00020  CMD:  ADDI
TICK:    175  UPC:  0  PHASE: I_EX      PC: 0007  IR: 51A00020  CMD:  ADDI  A: 00000000  B: 00000020  ALU: 00000020
TICK:    176  UPC:  6  PHASE: FETCH     PC: 0008  IR: 800C6808  CMD:   BEQ
TICK:    177  UPC:  0  PHASE: B_EX      PC: 0008  IR: 800C6808  CMD:   BEQ  A: 00000031  B: 00000020
TICK:    178  UPC:  2  PHASE: FETCH     PC: 0009  IR: 51A0000A  CMD:  ADDI
TICK:    179  UPC:  0  PHASE: I_EX      PC: 0009  IR: 51A0000A  CMD:  ADDI  A: 00000000  B: 0000000A  ALU: 0000000A
TICK:    180  UPC:  6  PHASE: FETCH     PC: 000A  IR: 800C6806  CMD:   BEQ
TICK:    181  UPC:  0  PHASE: B_EX      PC: 000A  IR: 800C6806  CMD:   BEQ  A: 00000031  B: 0000000A
TICK:    182  UPC:  2  PHASE: FETCH     PC: 000B  IR: 51C0000A  CMD:  ADDI
TICK:    183  UPC:  0  PHASE: I_EX      PC: 000B  IR: 51C0000A  CMD:  ADDI  A: 00000000  B: 0000000A  ALU: 0000000A
TICK:    184  UPC:  1  PHASE: FETCH     PC: 000C  IR: 22F77000  CMD:   MUL
TICK:    185  UPC:  0  PHASE: R_EX      PC: 000C  IR: 22F77000  CMD:   MUL  A: 00000000  B: 0000000A  ALU: 00000000
TICK:    186  UPC:  2  PHASE: FETCH     PC: 000D  IR: 518C07D0  CMD:  ADDI
TICK:    187  UPC:  0  PHASE: I_EX      PC: 000D  IR: 518C07D0  CMD:  ADDI  A: 00000031  B: -0000030  ALU: 00000001
TICK:    188  UPC:  1  PHASE: FETCH     PC: 000E  IR: 1AF76000  CMD:   ADD
TICK:    189  UPC:  0  PHASE: R_EX      PC: 000E  IR: 1AF76000  CMD:   ADD  A: 00000000  B: 00000001  ALU: 00000001
TICK:    190  UPC:  2  PHASE: FETCH     PC: 000F  IR: 53000001  CMD:  ADDI
TICK:    191  UPC:  0  PHASE: I_EX      PC: 000F  IR: 53000001  CMD:  ADDI  A: 00000000  B: 00000001  ALU: 00000001
TICK:    192  UPC:  7  PHASE: FETCH     PC: 0010  IR: A0000004  CMD:     J
TICK:    193  UPC:  0  PHASE: J_EX      PC: 0004  IR: A0000004  CMD:     J
TICK:    194  UPC:  3  PHASE: FETCH     PC: 0005  IR: 058007F0  CMD:    LW
TICK:    195  UPC:  4  PHASE: L_EX1     PC: 0005  IR: 058007F0  CMD:    LW  A: 00000000  B: -0000010  ALU: FFFFFFF0
TICK:    196  UPC: 17  PHASE: L_EX2     PC: 0005  IR: 058007F0  CMD:    LW  A: 00000000  B: -0000010  MDR: 00000020
TICK:    197  UPC:  0  PHASE: L_EX3     PC: 0005  IR: 058007F0  CMD:    LW  A: 00000000  B: -0000010
TICK:    198  UPC:  6  PHASE: FETCH     PC: 0006  IR: 800C0012  CMD:   BEQ
TICK:    199  UPC:  0  PHASE: B_EX      PC: 0006  IR: 800C0012  CMD:   BEQ  A: 00000020  B: 00000000
TICK:    200  UPC:  2  PHASE: FETCH     PC: 0007  IR: 51A00020  CMD:  ADDI
TICK:    201  UPC:  0  PHASE: I_EX      PC: 0007  IR: 51A00020  CMD:  ADDI  A: 00000000  B: 00000020  ALU: 00000020
TICK:    202  UPC:  6  PHASE: FETCH     PC: 0008  IR: 800C6808  CMD:   BEQ
TICK:    203  UPC:  0  PHASE: B_EX      PC: 0010  IR: 800C6808  CMD:   BEQ  A: 00000020  B: 00000020
TICK:    204  UPC:  6  PHASE: FETCH     PC: 0011  IR: 801807F3  CMD:   BEQ
TICK:    205  UPC:  0  PHASE: B_EX      PC: 0011  IR: 801807F3  CMD:   BEQ  A: 00000001  B: 00000000
TICK:    206  UPC:  2  PHASE: FETCH     PC: 0012  IR: 51F20001  CMD:  ADDI
TICK:    207  UPC:  0  PHASE: I_EX      PC: 0012  IR: 51F20001  CMD:  ADDI  A: 0000012C  B: 00000001  ALU: 0000012D
TICK:    208  UPC:  1  PHASE: FETCH     PC: 0013  IR: 1A0F9800  CMD:   ADD
TICK:    209  UPC:  0  PHASE: R_EX      PC: 0013  IR: 1A0F9800  CMD:   ADD  A: 0000012D  B: 00000003  ALU: 00000130
TICK:    210  UPC:  5  PHASE: FETCH     PC: 0014  IR: 0AF00000  CMD:    SW
TICK:    211  UPC: 18  PHASE: S_EX1     PC: 0014  IR: 0AF00000  CMD:    SW  A: 00000130  B: 00000000
TICK:    212  UPC:  0  PHASE: S_EX2     PC: 0014  IR: 0AF00000  CMD:    SW  A: 00000130  B: 00000000
TICK:    213  UPC:  2  PHASE: FETCH     PC: 0015  IR: 52730001  CMD:  ADDI
TICK:    214  UPC:  0  PHASE: I_EX      PC: 0015  IR: 52730001  CMD:  ADDI  A: 00000003  B: 00000001  ALU: 00000004
TICK:    215  UPC:  2  PHASE: FETCH     PC: 0016  IR: 52E00000  CMD:  ADDI
TICK:    216  UPC:  0  PHASE: I_EX      PC: 0016  IR: 52E00000  CMD:  ADDI  A: 00000000  B: 00000000  ALU: 00000000
TICK:    217  UPC:  2  PHASE: FETCH     PC: 0017  IR: 53000000  CMD:  ADDI
TICK:    218  UPC:  0  PHASE: I_EX      PC: 0017  IR: 53000000  CMD:  ADDI  A: 00000000  B: 00000000  ALU: 00000000
TICK:    219  UPC:  7  PHASE: FETCH     PC: 0018  IR: A0000004  CMD:     J
TICK:    220  UPC:  0  PHASE: J_EX      PC: 0004  IR: A0000004  CMD:     J
TICK:    221  UPC:  3  PHASE: FETCH     PC: 0005  IR: 058007F0  CMD:    LW
TICK:    222  UPC:  4  PHASE: L_EX1     PC: 0005  IR: 058007F0  CMD:    LW  A: 00000000  B: -0000010  ALU: FFFFFFF0
TICK:    223  UPC: 17  PHASE: L_EX2     PC: 0005  IR: 058007F0  CMD:    LW  A: 00000000  B: -0000010  MDR: 00000034
TICK:    224  UPC:  0  PHASE: L_EX3     PC: 0005  IR: 058007F0  CMD:    LW  A: 00000000  B: -0000010
TICK:    225  UPC:  6  PHASE: FETCH     PC: 0006  IR: 800C0012  CMD:   BEQ
TICK:    226  UPC:  0  PHASE: B_EX      PC: 0006  IR: 800C0012  CMD:   BEQ  A: 00000034  B: 00000000
TICK:    227  UPC:  2  PHASE: FETCH     PC: 0007  IR: 51A00020  CMD:  ADDI
TICK:    228  UPC:  0  PHASE: I_EX      PC: 0007  IR: 51A00020  CMD:  ADDI  A: 00000000  B: 00000020  ALU: 00000020
TICK:    229  UPC:  6  PHASE: FETCH     PC: 0008  IR: 800C6808  CMD:   BEQ
TICK:    230  UPC:  0  PHASE: B_EX      PC: 0008  IR: 800C6808  CMD:   BEQ  A: 00000034  B: 00000020
TICK:    231  UPC:  2  PHASE: FETCH     PC: 0009  IR: 51A0000A  CMD:  ADDI
TICK:    232  UPC:  0  PHASE: I_EX      PC: 0009  IR: 51A0000A  CMD:  ADDI  A: 00000000  B: 0000000A  ALU: 0000000A
TICK:    233  UPC:  6  PHASE: FETCH     PC: 000A  IR: 800C6806  CMD:   BEQ
TICK:    234  UPC:  0  PHASE: B_EX      PC: 000A  IR: 800C6806  CMD:   BEQ  A: 00000034  B: 0000000A
TICK:    235  UPC:  2  PHASE: FETCH     PC: 000B  IR: 51C0000A  CMD:  ADDI
TICK:    236  UPC:  0  PHASE: I_EX      PC: 000B  IR: 51C0000A  CMD:  ADDI  A: 00000000  B: 0000000A  ALU: 0000000A
TICK:    237  UPC:  1  PHASE: FETCH     PC: 000C  IR: 22F77000  CMD:   MUL
TICK:    238  UPC:  0  PHASE: R_EX      PC: 000C  IR: 22F77000  CMD:   MUL  A: 00000000  B: 0000000A  ALU: 00000000
TICK:    239  UPC:  2  PHASE: FETCH     PC: 000D  IR: 518C07D0  CMD:  ADDI
TICK:    240  UPC:  0  PHASE: I_EX      PC: 000D  IR: 518C07D0  CMD:  ADDI  A: 00000034  B: -0000030  ALU: 00000004
TICK:    241  UPC:  1  PHASE: FETCH     PC: 000E  IR: 1AF76000  CMD:   ADD
TICK:    242  UPC:  0  PHASE: R_EX      PC: 000E  IR: 1AF76000  CMD:   ADD  A: 00000000  B: 00000004  ALU: 00000004
TICK:    243  UPC:  2  PHASE: FETCH     PC: 000F  IR: 53000001  CMD:  ADDI
TICK:    244  UPC:  0  PHASE: I_EX      PC: 000F  IR: 53000001  CMD:  ADDI  A: 00000000  B: 00000001  ALU: 00000001
TICK:    245  UPC:  7  PHASE: FETCH     PC: 0010  IR: A0000004  CMD:     J
TICK:    246  UPC:  0  PHASE: J_EX      PC: 0004  IR: A0000004  CMD:     J
TICK:    247  UPC:  3  PHASE: FETCH     PC: 0005  IR: 058007F0  CMD:    LW
TICK:    248  UPC:  4  PHASE: L_EX1     PC: 0005  IR: 058007F0  CMD:    LW  A: 00000000  B: -0000010  ALU: FFFFFFF0
TICK:    249  UPC: 17  PHASE: L_EX2     PC: 0005  IR: 058007F0  CMD:    LW  A: 00000000  B: -0000010  MDR: 0000000A
TICK:    250  UPC:  0  PHASE: L_EX3     PC: 0005  IR: 058007F0  CMD:    LW  A: 00000000  B: -0000010
TICK:    251  UPC:  6  PHASE: FETCH     PC: 0006  IR: 800C0012  CMD:   BEQ
TICK:    252  UPC:  0  PHASE: B_EX      PC: 0006  IR: 800C0012  CMD:   BEQ  A: 0000000A  B: 00000000
TICK:    253  UPC:  2  PHASE: FETCH     PC: 0007  IR: 51A00020  CMD:  ADDI
TICK:    254  UPC:  0  PHASE: I_EX      PC: 0007  IR: 51A00020  CMD:  ADDI  A: 00000000  B: 00000020  ALU: 00000020
TICK:    255  UPC:  6  PHASE: FETCH     PC: 0008  IR: 800C6808  CMD:   BEQ
TICK:    256  UPC:  0  PHASE: B_EX      PC: 0008  IR: 800C6808  CMD:   BEQ  A: 0000000A  B: 00000020
TICK:    257  UPC:  2  PHASE: FETCH     PC: 0009  IR: 51A0000A  CMD:  ADDI
TICK:    258  UPC:  0  PHASE: I_EX      PC: 0009  IR: 51A0000A  CMD:  ADDI  A: 00000000  B: 0000000A  ALU: 0000000A
TICK:    259  UPC:  6  PHASE: FETCH     PC: 000A  IR: 800C6806  CMD:   BEQ
TICK:    260  UPC:  0  PHASE: B_EX      PC: 0010  IR: 800C6806  CMD:   BEQ  A: 0000000A  B: 0000000A
TICK:    261  UPC:  6  PHASE: FETCH     PC: 0011  IR: 801807F3  CMD:   BEQ
TICK:    262  UPC:  0  PHASE: B_EX      PC: 0011  IR: 801807F3  CMD:   BEQ  A: 00000001  B: 00000000
TICK:    263  UPC:  2  PHASE: FETCH     PC: 0012  IR: 51F20001  CMD:  ADDI
TICK:    264  UPC:  0  PHASE: I_EX      PC: 0012  IR: 51F20001  CMD:  ADDI  A: 0000012C  B: 00000001  ALU: 0000012D
TICK:    265  UPC:  1  PHASE: FETCH     PC: 0013  IR: 1A0F9800  CMD:   ADD
TICK:    266  UPC:  0  PHASE: R_EX      PC: 0013  IR: 1A0F9800  CMD:   ADD  A: 0000012D  B: 00000004  ALU: 00000131
TICK:    267  UPC:  5  PHASE: FETCH     PC: 0014  IR: 0AF00000  CMD:    SW
TICK:    268  UPC: 18  PHASE: S_EX1     PC: 0014  IR: 0AF00000  CMD:    SW  A: 00000131  B: 00000000
TICK:    269  UPC:  0  PHASE: S_EX2     PC: 0014  IR: 0AF00000  CMD:    SW  A: 00000131  B: 00000000
TICK:    270  UPC:  2  PHASE: FETCH     PC: 0015  IR: 52730001  CMD:  ADDI
TICK:    271  UPC:  0  PHASE: I_EX      PC: 0015  IR: 52730001  CMD:  ADDI  A: 00000004  B: 00000001  ALU: 00000005
TICK:    272  UPC:  2  PHASE: FETCH     PC: 0016  IR: 52E00000  CMD:  ADDI
TICK:    273  UPC:  0  PHASE: I_EX      PC: 0016  IR: 52E00000  CMD:  ADDI  A: 00000000  B: 00000000  ALU: 00000000
TICK:    274  UPC:  2  PHASE: FETCH     PC: 0017  IR: 53000000  CMD:  ADDI
TICK:    275  UPC:  0  PHASE: I_EX      PC: 0017  IR: 53000000  CMD:  ADDI  A: 00000000  B: 00000000  ALU: 00000000
TICK:    276  UPC:  7  PHASE: FETCH     PC: 0018  IR: A0000004  CMD:     J
TICK:    277  UPC:  0  PHASE: J_EX      PC: 0004  IR: A0000004  CMD:     J
TICK:    278  UPC:  3  PHASE: FETCH     PC: 0005  IR: 058007F0  CMD:    LW
TICK:    279  UPC:  4  PHASE: L_EX1     PC: 0005  IR: 058007F0  CMD:    LW  A: 00000000  B: -0000010  ALU: FFFFFFF0
TICK:    280  UPC: 17  PHASE: L_EX2     PC: 0005  IR: 058007F0  CMD:    LW  A: 00000000  B: -0000010  MDR: 00000000
TICK:    281  UPC:  0  PHASE: L_EX3     PC: 0005  IR: 058007F0  CMD:    LW  A: 00000000  B: -0000010
TICK:    282  UPC:  6  PHASE: FETCH     PC: 0006  IR: 800C0012  CMD:   BEQ
TICK:    283  UPC:  0  PHASE: B_EX      PC: 0018  IR: 800C0012  CMD:   BEQ  A: 00000000  B: 00000000
TICK:    284  UPC:  6  PHASE: FETCH     PC: 0019  IR: 80180004  CMD:   BEQ
TICK:    285  UPC:  0  PHASE: B_EX      PC: 001D  IR: 80180004  CMD:   BEQ  A: 00000000  B: 00000000
TICK:    286  UPC:  5  PHASE: FETCH     PC: 001E  IR: 0A720000  CMD:    SW
TICK:    287  UPC: 18  PHASE: S_EX1     PC: 001E  IR: 0A720000  CMD:    SW  A: 0000012C  B: 00000000
TICK:    288  UPC:  0  PHASE: S_EX2     PC: 001E  IR: 0A720000  CMD:    SW  A: 0000012C  B: 00000000
TICK:    289  UPC:  2  PHASE: FETCH     PC: 001F  IR: 52800000  CMD:  ADDI
TICK:    290  UPC:  0  PHASE: I_EX      PC: 001F  IR: 52800000  CMD:  ADDI  A: 00000000  B: 00000000  ALU: 00000000
TICK:    291  UPC:  2  PHASE: FETCH     PC: 0020  IR: 519307FF  CMD:  ADDI
TICK:    292  UPC:  0  PHASE: I_EX      PC: 0020  IR: 519307FF  CMD:  ADDI  A: 00000005  B: -0000001  ALU: 00000004
TICK:    293  UPC:  6  PHASE: FETCH     PC: 0021  IR: 9414600E  CMD:   BGE
TICK:    294  UPC:  0  PHASE: B_EX      PC: 0021  IR: 9414600E  CMD:   BGE  A: 00000000  B: 00000004
TICK:    295  UPC:  2  PHASE: FETCH     PC: 0022  IR: 52A00000  CMD:  ADDI
TICK:    296  UPC:  0  PHASE: I_EX      PC: 0022  IR: 52A00000  CMD:  ADDI  A: 00000000  B: 00000000  ALU: 00000000
TICK:    297  UPC:  1  PHASE: FETCH     PC: 0023  IR: 1ECCA000  CMD:   SUB
TICK:    298  UPC:  0  PHASE: R_EX      PC: 0023  IR: 1ECCA000  CMD:   SUB  A: 00000004  B: 00000000  ALU: 00000004
TICK:    299  UPC:  6  PHASE: FETCH     PC: 0024  IR: 9415B009  CMD:   BGE
TICK:    300  UPC:  0  PHASE: B_EX      PC: 0024  IR: 9415B009  CMD:   BGE  A: 00000000  B: 00000004
TICK:    301  UPC:  2  PHASE: FETCH     PC: 0025  IR: 51920001  CMD:  ADDI
TICK:    302  UPC:  0  PHASE: I_EX      PC: 0025  IR: 51920001  CMD:  ADDI  A: 0000012C  B: 00000001  ALU: 0000012D
TICK:    303  UPC:  1  PHASE: FETCH     PC: 0026  IR: 19ACA800  CMD:   ADD
TICK:    304  UPC:  0  PHASE: R_EX      PC: 0026  IR: 19ACA800  CMD:   ADD  A: 0000012D  B: 00000000  ALU: 0000012D
TICK:    305  UPC:  3  PHASE: FETCH     PC: 0027  IR: 05CD0000  CMD:    LW
TICK:    306  UPC:  4  PHASE: L_EX1     PC: 0027  IR: 05CD0000  CMD:    LW  A: 0000012D  B: 00000000  ALU: 0000012D
TICK:    307  UPC: 17  PHASE: L_EX2     PC: 0027  IR: 05CD0000  CMD:    LW  A: 0000012D  B: 00000000  MDR: 00000005
TICK:    308  UPC:  0  PHASE: L_EX3     PC: 0027  IR: 05CD0000  CMD:    LW  A: 0000012D  B: 00000000
TICK:    309  UPC:  3  PHASE: FETCH     PC: 0028  IR: 05ED0001  CMD:    LW
TICK:    310  UPC:  4  PHASE: L_EX1     PC: 0028  IR: 05ED0001  CMD:    LW  A: 0000012D  B: 00000001  ALU: 0000012E
TICK:    311  UPC: 17  PHASE: L_EX2     PC: 0028  IR: 05ED0001  CMD:    LW  A: 0000012D  B: 00000001  MDR: 00000003
TICK:    312  UPC:  0  PHASE: L_EX3     PC: 0028  IR: 05ED0001  CMD:    LW  A: 0000012D  B: 00000001
TICK:    313  UPC:  6  PHASE: FETCH     PC: 0029  IR: 8C0E7802  CMD:   BLE
TICK:    314  UPC:  0  PHASE: B_EX      PC: 0029  IR: 8C0E7802  CMD:   BLE  A: 00000005  B: 00000003
TICK:    315  UPC:  5  PHASE: FETCH     PC: 002A  IR: 09ED0000  CMD:    SW
TICK:    316  UPC: 18  PHASE: S_EX1     PC: 002A  IR: 09ED0000  CMD:    SW  A: 0000012D  B: 00000000
TICK:    317  UPC:  0  PHASE: S_EX2     PC: 002A  IR: 09ED0000  CMD:    SW  A: 0000012D  B: 00000000
TICK:    318  UPC:  5  PHASE: FETCH     PC: 002B  IR: 09CD0001  CMD:    SW
TICK:    319  UPC: 18  PHASE: S_EX1     PC: 002B  IR: 09CD0001  CMD:    SW  A: 0000012D  B: 00000001
TICK:    320  UPC:  0  PHASE: S_EX2     PC: 002B  IR: 09CD0001  CMD:    SW  A: 0000012D  B: 00000001
TICK:    321  UPC:  2  PHASE: FETCH     PC: 002C  IR: 52B50001  CMD:  ADDI
TICK:    322  UPC:  0  PHASE: I_EX      PC: 002C  IR: 52B50001  CMD:  ADDI  A: 00000000  B: 00000001  ALU: 00000001
TICK:    323  UPC:  7  PHASE: FETCH     PC: 002D  IR: A0000023  CMD:     J
TICK:    324  UPC:  0  PHASE: J_EX      PC: 0023  IR: A0000023  CMD:     J
TICK:    325  UPC:  6  PHASE: FETCH     PC: 0024  IR: 9415B009  CMD:   BGE
TICK:    326  UPC:  0  PHASE: B_EX      PC: 0024  IR: 9415B009  CMD:   BGE  A: 00000001  B: 00000004
TICK:    327  UPC:  2  PHASE: FETCH     PC: 0025  IR: 51920001  CMD:  ADDI
TICK:    328  UPC:  0  PHASE: I_EX      PC: 0025  IR: 51920001  CMD:  ADDI  A: 0000012C  B: 00000001  ALU: 0000012D
TICK:    329  UPC:  1  PHASE: FETCH     PC: 0026  IR: 19ACA800  CMD:   ADD
TICK:    330  UPC:  0  PHASE: R_EX      PC: 0026  IR: 19ACA800  CMD:   ADD  A: 0000012D  B: 00000001  ALU: 0000012E
TICK:    331  UPC:  3  PHASE: FETCH     PC: 0027  IR: 05CD0000  CMD:    LW
TICK:    332  UPC:  4  PHASE: L_EX1     PC: 0027  IR: 05CD0000  CMD:    LW  A: 0000012E  B: 00000000  ALU: 0000012E
TICK:    333  UPC: 17  PHASE: L_EX2     PC: 0027  IR: 05CD0000  CMD:    LW  A: 0000012E  B: 00000000  MDR: 00000005
TICK:    334  UPC:  0  PHASE: L_EX3     PC: 0027  IR: 05CD0000  CMD:    LW  A: 0000012E  B: 00000000
TICK:    335  UPC:  3  PHASE: FETCH     PC: 0028  IR: 05ED0001  CMD:    LW
TICK:    336  UPC:  4  PHASE: L_EX1     PC: 0028  IR: 05ED0001  CMD:    LW  A: 0000012E  B: 00000001  ALU: 0000012F
TICK:    337  UPC: 17  PHASE: L_EX2     PC: 0028  IR: 05ED0001  CMD:    LW  A: 0000012E  B: 00000001  MDR: 00000008
TICK:    338  UPC:  0  PHASE: L_EX3     PC: 0028  IR: 05ED0001  CMD:    LW  A: 0000012E  B: 00000001
TICK:    339  UPC:  6  PHASE: FETCH     PC: 0029  IR: 8C0E7802  CMD:   BLE
TICK:    340  UPC:  0  PHASE: B_EX      PC: 002B  IR: 8C0E7802  CMD:   BLE  A: 00000005  B: 00000008
TICK:    341  UPC:  2  PHASE: FETCH     PC: 002C  IR: 52B50001  CMD:  ADDI
TICK:    342  UPC:  0  PHASE: I_EX      PC: 002C  IR: 52B50001  CMD:  ADDI  A: 00000001  B: 00000001  ALU: 00000002
TICK:    343  UPC:  7  PHASE: FETCH     PC: 002D  IR: A0000023  CMD:     J
TICK:    344  UPC:  0  PHASE: J_EX      PC: 0023  IR: A0000023  CMD:     J
TICK:    345  UPC:  6  PHASE: FETCH     PC: 0024  IR: 9415B009  CMD:   BGE
TICK:    346  UPC:  0  PHASE: B_EX      PC: 0024  IR: 9415B009  CMD:   BGE  A: 00000002  B: 00000004
TICK:    347  UPC:  2  PHASE: FETCH     PC: 0025  IR: 51920001  CMD:  ADDI
TICK:    348  UPC:  0  PHASE: I_EX      PC: 0025  IR: 51920001  CMD:  ADDI  A: 0000012C  B: 00000001  ALU: 0000012D
TICK:    349  UPC:  1  PHASE: FETCH     PC: 0026  IR: 19ACA800  CMD:   ADD
TICK:    350  UPC:  0  PHASE: R_EX      PC: 0026  IR: 19ACA800  CMD:   ADD  A: 0000012D  B: 00000002  ALU: 0000012F
TICK:    351  UPC:  3  PHASE: FETCH     PC: 0027  IR: 05CD0000  CMD:    LW
TICK:    352  UPC:  4  PHASE: L_EX1     PC: 0027  IR: 05CD0000  CMD:    LW  A: 0000012F  B: 00000000  ALU: 0000012F
TICK:    353  UPC: 17  PHASE: L_EX2     PC: 0027  IR: 05CD0000  CMD:    LW  A: 0000012F  B: 00000000  MDR: 00000008
TICK:    354  UPC:  0  PHASE: L_EX3     PC: 0027  IR: 05CD0000  CMD:    LW  A: 0000012F  B: 00000000
TICK:    355  UPC:  3  PHASE: FETCH     PC: 0028  IR: 05ED0001  CMD:    LW
TICK:    356  UPC:  4  PHASE: L_EX1     PC: 0028  IR: 05ED0001  CMD:    LW  A: 0000012F  B: 00000001  ALU: 00000130
TICK:    357  UPC: 17  PHASE: L_EX2     PC: 0028  IR: 05ED0001  CMD:    LW  A: 0000012F  B: 00000001  MDR: 00000001
TICK:    358  UPC:  0  PHASE: L_EX3     PC: 0028  IR: 05ED0001  CMD:    LW  A: 0000012F  B: 00000001
TICK:    359  UPC:  6  PHASE: FETCH     PC: 0029  IR: 8C0E7802  CMD:   BLE
TICK:    360  UPC:  0  PHASE: B_EX      PC: 0029  IR: 8C0E7802  CMD:   BLE  A: 00000008  B: 00000001
TICK:    361  UPC:  5  PHASE: FETCH     PC: 002A  IR: 09ED0000  CMD:    SW
TICK:    362  UPC: 18  PHASE: S_EX1     PC: 002A  IR: 09ED0000  CMD:    SW  A: 0000012F  B: 00000000
TICK:    363  UPC:  0  PHASE: S_EX2     PC: 002A  IR: 09ED0000  CMD:    SW  A: 0000012F  B: 00000000
TICK:    364  UPC:  5  PHASE: FETCH     PC: 002B  IR: 09CD0001  CMD:    SW
TICK:    365  UPC: 18  PHASE: S_EX1     PC: 002B  IR: 09CD0001  CMD:    SW  A: 0000012F  B: 00000001
TICK:    366  UPC:  0  PHASE: S_EX2     PC: 002B  IR: 09CD0001  CMD:    SW  A: 0000012F  B: 00000001
TICK:    367  UPC:  2  PHASE: FETCH     PC: 002C  IR: 52B50001  CMD:  ADDI
TICK:    368  UPC:  0  PHASE: I_EX      PC: 002C  IR: 52B50001  CMD:  ADDI  A: 00000002  B: 00000001  ALU: 00000003
TICK:    369  UPC:  7  PHASE: FETCH     PC: 002D  IR: A0000023  CMD:     J
TICK:    370  UPC:  0  PHASE: J_EX      PC: 0023  IR: A0000023  CMD:     J
TICK:    371  UPC:  6  PHASE: FETCH     PC: 0024  IR: 9415B009  CMD:   BGE
TICK:    372  UPC:  0  PHASE: B_EX      PC: 0024  IR: 9415B009  CMD:   BGE  A: 00000003  B: 00000004
TICK:    373  UPC:  2  PHASE: FETCH     PC: 0025  IR: 51920001  CMD:  ADDI
TICK:    374  UPC:  0  PHASE: I_EX      PC: 0025  IR: 51920001  CMD:  ADDI  A: 0000012C  B: 00000001  ALU: 0000012D
TICK:    375  UPC:  1  PHASE: FETCH     PC: 0026  IR: 19ACA800  CMD:   ADD
TICK:    376  UPC:  0  PHASE: R_EX      PC: 0026  IR: 19ACA800  CMD:   ADD  A: 0000012D  B: 00000003  ALU: 00000130
TICK:    377  UPC:  3  PHASE: FETCH     PC: 0027  IR: 05CD0000  CMD:    LW
TICK:    378  UPC:  4  PHASE: L_EX1     PC: 0027  IR: 05CD0000  CMD:    LW  A: 00000130  B: 00000000  ALU: 00000130
TICK:    379  UPC: 17  PHASE: L_EX2     PC: 0027  IR: 05CD0000  CMD:    LW  A: 00000130  B: 00000000  MDR: 00000008
TICK:    380  UPC:  0  PHASE: L_EX3     PC: 0027  IR: 05CD0000  CMD:    LW  A: 00000130  B: 00000000
TICK:    381  UPC:  3  PHASE: FETCH     PC: 0028  IR: 05ED0001  CMD:    LW
TICK:    382  UPC:  4  PHASE: L_EX1     PC: 0028  IR: 05ED0001  CMD:    LW  A: 00000130  B: 00000001  ALU: 00000131
TICK:    383  UPC: 17  PHASE: L_EX2     PC: 0028  IR: 05ED0001  CMD:    LW  A: 00000130  B: 00000001  MDR: 00000004
TICK:    384  UPC:  0  PHASE: L_EX3     PC: 0028  IR: 05ED0001  CMD:    LW  A: 00000130  B: 00000001
TICK:    385  UPC:  6  PHASE: FETCH     PC: 0029  IR: 8C0E7802  CMD:   BLE
TICK:    386  UPC:  0  PHASE: B_EX      PC: 0029  IR: 8C0E7802  CMD:   BLE  A: 00000008  B: 00000004
TICK:    387  UPC:  5  PHASE: FETCH     PC: 002A  IR: 09ED0000  CMD:    SW
TICK:    388  UPC: 18  PHASE: S_EX1     PC: 002A  IR: 09ED0000  CMD:    SW  A: 00000130  B: 00000000
TICK:    389  UPC:  0  PHASE: S_EX2     PC: 002A  IR: 09ED0000  CMD:    SW  A: 00000130  B: 00000000
TICK:    390  UPC:  5  PHASE: FETCH     PC: 002B  IR: 09CD0001  CMD:    SW
TICK:    391  UPC: 18  PHASE: S_EX1     PC: 002B  IR: 09CD0001  CMD:    SW  A: 00000130  B: 00000001
TICK:    392  UPC:  0  PHASE: S_EX2     PC: 002B  IR: 09CD0001  CMD:    SW  A: 00000130  B: 00000001
TICK:    393  UPC:  2  PHASE: FETCH     PC: 002C  IR: 52B50001  CMD:  ADDI
TICK:    394  UPC:  0  PHASE: I_EX      PC: 002C  IR: 52B50001  CMD:  ADDI  A: 00000003  B: 00000001  ALU: 00000004
TICK:    395  UPC:  7  PHASE: FETCH     PC: 002D  IR: A0000023  CMD:     J
TICK:    396  UPC:  0  PHASE: J_EX      PC: 0023  IR: A0000023  CMD:     J
TICK:    397  UPC:  6  PHASE: FETCH     PC: 0024  IR: 9415B009  CMD:   BGE
TICK:    398  UPC:  0  PHASE: B_EX      PC: 002D  IR: 9415B009  CMD:   BGE  A: 00000004  B: 00000004
TICK:    399  UPC:  2  PHASE: FETCH     PC: 002E  IR: 52940001  CMD:  ADDI
TICK:    400  UPC:  0  PHASE: I_EX      PC: 002E  IR: 52940001  CMD:  ADDI  A: 00000000  B: 00000001  ALU: 00000001
TICK:    401  UPC:  7  PHASE: FETCH     PC: 002F  IR: A000001F  CMD:     J
TICK:    402  UPC:  0  PHASE: J_EX      PC: 001F  IR: A000001F  CMD:     J
TICK:    403  UPC:  2  PHASE: FETCH     PC: 0020  IR: 519307FF  CMD:  ADDI
TICK:    404  UPC:  0  PHASE: I_EX      PC: 0020  IR: 519307FF  CMD:  ADDI  A: 00000005  B: -0000001  ALU: 00000004
TICK:    405  UPC:  6  PHASE: FETCH     PC: 0021  IR: 9414600E  CMD:   BGE
TICK:    406  UPC:  0  PHASE: B_EX      PC: 0021  IR: 9414600E  CMD:   BGE  A: 00000001  B: 00000004
TICK:    407  UPC:  2  PHASE: FETCH     PC: 0022  IR: 52A00000  CMD:  ADDI
TICK:    408  UPC:  0  PHASE: I_EX      PC: 0022  IR: 52A00000  CMD:  ADDI  A: 00000000  B: 00000000  ALU: 00000000
TICK:    409  UPC:  1  PHASE: FETCH     PC: 0023  IR: 1ECCA000  CMD:   SUB
TICK:    410  UPC:  0  PHASE: R_EX      PC: 0023  IR: 1ECCA000  CMD:   SUB  A: 00000004  B: 00000001  ALU: 00000003
TICK:    411  UPC:  6  PHASE: FETCH     PC: 0024  IR: 9415B009  CMD:   BGE
TICK:    412  UPC:  0  PHASE: B_EX      PC: 0024  IR: 9415B009  CMD:   BGE  A: 00000000  B: 00000003
TICK:    413  UPC:  2  PHASE: FETCH     PC: 0025  IR: 51920001  CMD:  ADDI
TICK:    414  UPC:  0  PHASE: I_EX      PC: 0025  IR: 51920001  CMD:  ADDI  A: 0000012C  B: 00000001  ALU: 0000012D
TICK:    415  UPC:  1  PHASE: FETCH     PC: 0026  IR: 19ACA800  CMD:   ADD
TICK:    416  UPC:  0  PHASE: R_EX      PC: 0026  IR: 19ACA800  CMD:   ADD  A: 0000012D  B: 00000000  ALU: 0000012D
TICK:    417  UPC:  3  PHASE: FETCH     PC: 0027  IR: 05CD0000  CMD:    LW
TICK:    418  UPC:  4  PHASE: L_EX1     PC: 0027  IR: 05CD0000  CMD:    LW  A: 0000012D  B: 00000000  ALU: 0000012D
TICK:    419  UPC: 17  PHASE: L_EX2     PC: 0027  IR: 05CD0000  CMD:    LW  A: 0000012D  B: 00000000  MDR: 00000003
TICK:    420  UPC:  0  PHASE: L_EX3     PC: 0027  IR: 05CD0000  CMD:    LW  A: 0000012D  B: 00000000
TICK:    421  UPC:  3  PHASE: FETCH     PC: 0028  IR: 05ED0001  CMD:    LW
TICK:    422  UPC:  4  PHASE: L_EX1     PC: 0028  IR: 05ED0001  CMD:    LW  A: 0000012D  B: 00000001  ALU: 0000012E
TICK:    423  UPC: 17  PHASE: L_EX2     PC: 0028  IR: 05ED0001  CMD:    LW  A: 0000012D  B: 00000001  MDR: 00000005
TICK:    424  UPC:  0  PHASE: L_EX3     PC: 0028  IR: 05ED0001  CMD:    LW  A: 0000012D  B: 00000001
TICK:    425  UPC:  6  PHASE: FETCH     PC: 0029  IR: 8C0E7802  CMD:   BLE
TICK:    426  UPC:  0  PHASE: B_EX      PC: 002B  IR: 8C0E7802  CMD:   BLE  A: 00000003  B: 00000005
TICK:    427  UPC:  2  PHASE: FETCH     PC: 002C  IR: 52B50001  CMD:  ADDI
TICK:    428  UPC:  0  PHASE: I_EX      PC: 002C  IR: 52B50001  CMD:  ADDI  A: 00000000  B: 00000001  ALU: 00000001
TICK:    429  UPC:  7  PHASE: FETCH     PC: 002D  IR: A0000023  CMD:     J
TICK:    430  UPC:  0  PHASE: J_EX      PC: 0023  IR: A0000023  CMD:     J
TICK:    431  UPC:  6  PHASE: FETCH     PC: 0024  IR: 9415B009  CMD:   BGE
TICK:    432  UPC:  0  PHASE: B_EX      PC: 0024  IR: 9415B009  CMD:   BGE  A: 00000001  B: 00000003
TICK:    433  UPC:  2  PHASE: FETCH     PC: 0025  IR: 51920001  CMD:  ADDI
TICK:    434  UPC:  0  PHASE: I_EX      PC: 0025  IR: 51920001  CMD:  ADDI  A: 0000012C  B: 00000001  ALU: 0000012D
TICK:    435  UPC:  1  PHASE: FETCH     PC: 0026  IR: 19ACA800  CMD:   ADD
TICK:    436  UPC:  0  PHASE: R_EX      PC: 0026  IR: 19ACA800  CMD:   ADD  A: 0000012D  B: 00000001  ALU: 0000012E
TICK:    437  UPC:  3  PHASE: FETCH     PC: 0027  IR: 05CD0000  CMD:    LW
TICK:    438  UPC:  4  PHASE: L_EX1     PC: 0027  IR: 05CD0000  CMD:    LW  A: 0000012E  B: 00000000  ALU: 0000012E
TICK:    439  UPC: 17  PHASE: L_EX2     PC: 0027  IR: 05CD0000  CMD:    LW  A: 0000012E  B: 00000000  MDR: 00000005
TICK:    440  UPC:  0  PHASE: L_EX3     PC: 0027  IR: 05CD0000  CMD:    LW  A: 0000012E  B: 00000000
TICK:    441  UPC:  3  PHASE: FETCH     PC: 0028  IR: 05ED0001  CMD:    LW
TICK:    442  UPC:  4  PHASE: L_EX1     PC: 0028  IR: 05ED0001  CMD:    LW  A: 0000012E  B: 00000001  ALU: 0000012F
TICK:    443  UPC: 17  PHASE: L_EX2     PC: 0028  IR: 05ED0001  CMD:    LW  A: 0000012E  B: 00000001  MDR: 00000001
TICK:    444  UPC:  0  PHASE: L_EX3     PC: 0028  IR: 05ED0001  CMD:    LW  A: 0000012E  B: 00000001
TICK:    445  UPC:  6  PHASE: FETCH     PC: 0029  IR: 8C0E7802  CMD:   BLE
TICK:    446  UPC:  0  PHASE: B_EX      PC: 0029  IR: 8C0E7802  CMD:   BLE  A: 00000005  B: 00000001
TICK:    447  UPC:  5  PHASE: FETCH     PC: 002A  IR: 09ED0000  CMD:    SW
TICK:    448  UPC: 18  PHASE: S_EX1     PC: 002A  IR: 09ED0000  CMD:    SW  A: 0000012E  B: 00000000
TICK:    449  UPC:  0  PHASE: S_EX2     PC: 002A  IR: 09ED0000  CMD:    SW  A: 0000012E  B: 00000000
TICK:    450  UPC:  5  PHASE: FETCH     PC: 002B  IR: 09CD0001  CMD:    SW
TICK:    451  UPC: 18  PHASE: S_EX1     PC: 002B  IR: 09CD0001  CMD:    SW  A: 0000012E  B: 00000001
TICK:    452  UPC:  0  PHASE: S_EX2     PC: 002B  IR: 09CD0001  CMD:    SW  A: 0000012E  B: 00000001
TICK:    453  UPC:  2  PHASE: FETCH     PC: 002C  IR: 52B50001  CMD:  ADDI
TICK:    454  UPC:  0  PHASE: I_EX      PC: 002C  IR: 52B50001  CMD:  ADDI  A: 00000001  B: 00000001  ALU: 00000002
TICK:    455  UPC:  7  PHASE: FETCH     PC: 002D  IR: A0000023  CMD:     J
TICK:    456  UPC:  0  PHASE: J_EX      PC: 0023  IR: A0000023  CMD:     J
TICK:    457  UPC:  6  PHASE: FETCH     PC: 0024  IR: 9415B009  CMD:   BGE
TICK:    458  UPC:  0  PHASE: B_EX      PC: 0024  IR: 9415B009  CMD:   BGE  A: 00000002  B: 00000003
TICK:    459  UPC:  2  PHASE: FETCH     PC: 0025  IR: 51920001  CMD:  ADDI
TICK:    460  UPC:  0  PHASE: I_EX      PC: 0025  IR: 51920001  CMD:  ADDI  A: 0000012C  B: 00000001  ALU: 0000012D
TICK:    461  UPC:  1  PHASE: FETCH     PC: 0026  IR: 19ACA800  CMD:   ADD
TICK:    462  UPC:  0  PHASE: R_EX      PC: 0026  IR: 19ACA800  CMD:   ADD  A: 0000012D  B: 00000002  ALU: 0000012F
TICK:    463  UPC:  3  PHASE: FETCH     PC: 0027  IR: 05CD0000  CMD:    LW
TICK:    464  UPC:  4  PHASE: L_EX1     PC: 0027  IR: 05CD0000  CMD:    LW  A: 0000012F  B: 00000000  ALU: 0000012F
TICK:    465  UPC: 17  PHASE: L_EX2     PC: 0027  IR: 05CD0000  CMD:    LW  A: 0000012F  B: 00000000  MDR: 00000005
TICK:    466  UPC:  0  PHASE: L_EX3     PC: 0027  IR: 05CD0000  CMD:    LW  A: 0000012F  B: 00000000
TICK:    467  UPC:  3  PHASE: FETCH     PC: 0028  IR: 05ED0001  CMD:    LW
TICK:    468  UPC:  4  PHASE: L_EX1     PC: 0028  IR: 05ED0001  CMD:    LW  A: 0000012F  B: 00000001  ALU: 00000130
TICK:    469  UPC: 17  PHASE: L_EX2     PC: 0028  IR: 05ED0001  CMD:    LW  A: 0000012F  B: 00000001  MDR: 00000004
TICK:    470  UPC:  0  PHASE: L_EX3     PC: 0028  IR: 05ED0001  CMD:    LW  A: 0000012F  B: 00000001
TICK:    471  UPC:  6  PHASE: FETCH     PC: 0029  IR: 8C0E7802  CMD:   BLE
TICK:    472  UPC:  0  PHASE: B_EX      PC: 0029  IR: 8C0E7802  CMD:   BLE  A: 00000005  B: 00000004
TICK:    473  UPC:  5  PHASE: FETCH     PC: 002A  IR: 09ED0000  CMD:    SW
TICK:    474  UPC: 18  PHASE: S_EX1     PC: 002A  IR: 09ED0000  CMD:    SW  A: 0000012F  B: 00000000
TICK:    475  UPC:  0  PHASE: S_EX2     PC: 002A  IR: 09ED0000  CMD:    SW  A: 0000012F  B: 00000000
TICK:    476  UPC:  5  PHASE: FETCH     PC: 002B  IR: 09CD0001  CMD:    SW
TICK:    477  UPC: 18  PHASE: S_EX1     PC: 002B  IR: 09CD0001  CMD:    SW  A: 0000012F  B: 00000001
TICK:    478  UPC:  0  PHASE: S_EX2     PC: 002B  IR: 09CD0001  CMD:    SW  A: 0000012F  B: 00000001
TICK:    479  UPC:  2  PHASE: FETCH     PC: 002C  IR: 52B50001  CMD:  ADDI
TICK:    480  UPC:  0  PHASE: I_EX      PC: 002C  IR: 52B50001  CMD:  ADDI  A: 00000002  B: 00000001  ALU: 00000003
TICK:    481  UPC:  7  PHASE: FETCH     PC: 002D  IR: A0000023  CMD:     J
TICK:    482  UPC:  0  PHASE: J_EX      PC: 0023  IR: A0000023  CMD:     J
TICK:    483  UPC:  6  PHASE: FETCH     PC: 0024  IR: 9415B009  CMD:   BGE
TICK:    484  UPC:  0  PHASE: B_EX      PC: 002D  IR: 9415B009  CMD:   BGE  A: 00000003  B: 00000003
TICK:    485  UPC:  2  PHASE: FETCH     PC: 002E  IR: 52940001  CMD:  ADDI
TICK:    486  UPC:  0  PHASE: I_EX      PC: 002E  IR: 52940001  CMD:  ADDI  A: 00000001  B: 00000001  ALU: 00000002
TICK:    487  UPC:  7  PHASE: FETCH     PC: 002F  IR: A000001F  CMD:     J
TICK:    488  UPC:  0  PHASE: J_EX      PC: 001F  IR: A000001F  CMD:     J
TICK:    489  UPC:  2  PHASE: FETCH     PC: 0020  IR: 519307FF  CMD:  ADDI
TICK:    490  UPC:  0  PHASE: I_EX      PC: 0020  IR: 519307FF  CMD:  ADDI  A: 00000005  B: -0000001  ALU: 00000004
TICK:    491  UPC:  6  PHASE: FETCH     PC: 0021  IR: 9414600E  CMD:   BGE
TICK:    492  UPC:  0  PHASE: B_EX      PC: 0021  IR: 9414600E  CMD:   BGE  A: 00000002  B: 00000004
TICK:    493  UPC:  2  PHASE: FETCH     PC: 0022  IR: 52A00000  CMD:  ADDI
TICK:    494  UPC:  0  PHASE: I_EX      PC: 0022  IR: 52A00000  CMD:  ADDI  A: 00000000  B: 00000000  ALU: 00000000
TICK:    495  UPC:  1  PHASE: FETCH     PC: 0023  IR: 1ECCA000  CMD:   SUB
TICK:    496  UPC:  0  PHASE: R_EX      PC: 0023  IR: 1ECCA000  CMD:   SUB  A: 00000004  B: 00000002  ALU: 00000002
TICK:    497  UPC:  6  PHASE: FETCH     PC: 0024  IR: 9415B009  CMD:   BGE
TICK:    498  UPC:  0  PHASE: B_EX      PC: 0024  IR: 9415B009  CMD:   BGE  A: 00000000  B: 00000002
TICK:    499  UPC:  2  PHASE: FETCH     PC: 0025  IR: 51920001  CMD:  ADDI
TICK:    500  UPC:  0  PHASE: I_EX      PC: 0025  IR: 51920001  CMD:  ADDI  A: 0000012C  B: 00000001  ALU: 0000012D
TICK:    501  UPC:  1  PHASE: FETCH     PC: 0026  IR: 19ACA800  CMD:   ADD
TICK:    502  UPC:  0  PHASE: R_EX      PC: 0026  IR: 19ACA800  CMD:   ADD  A: 0000012D  B: 00000000  ALU: 0000012D
TICK:    503  UPC:  3  PHASE: FETCH     PC: 0027  IR: 05CD0000  CMD:    LW
TICK:    504  UPC:  4  PHASE: L_EX1     PC: 0027  IR: 05CD0000  CMD:    LW  A: 0000012D  B: 00000000  ALU: 0000012D
TICK:    505  UPC: 17  PHASE: L_EX2     PC: 0027  IR: 05CD0000  CMD:    LW  A: 0000012D  B: 00000000  MDR: 00000003
TICK:    506  UPC:  0  PHASE: L_EX3     PC: 0027  IR: 05CD0000  CMD:    LW  A: 0000012D  B: 00000000
TICK:    507  UPC:  3  PHASE: FETCH     PC: 0028  IR: 05ED0001  CMD:    LW
TICK:    508  UPC:  4  PHASE: L_EX1     PC: 0028  IR: 05ED0001  CMD:    LW  A: 0000012D  B: 00000001  ALU: 0000012E
TICK:    509  UPC: 17  PHASE: L_EX2     PC: 0028  IR: 05ED0001  CMD:    LW  A: 0000012D  B: 00000001  MDR: 00000001
TICK:    510  UPC:  0  PHASE: L_EX3     PC: 0028  IR: 05ED0001  CMD:    LW  A: 0000012D  B: 00000001
TICK:    511  UPC:  6  PHASE: FETCH     PC: 0029  IR: 8C0E7802  CMD:   BLE
TICK:    512  UPC:  0  PHASE: B_EX      PC: 0029  IR: 8C0E7802  CMD:   BLE  A: 00000003  B: 00000001
TICK:    513  UPC:  5  PHASE: FETCH     PC: 002A  IR: 09ED0000  CMD:    SW
TICK:    514  UPC: 18  PHASE: S_EX1     PC: 002A  IR: 09ED0000  CMD:    SW  A: 0000012D  B: 00000000
TICK:    515  UPC:  0  PHASE: S_EX2     PC: 002A  IR: 09ED0000  CMD:    SW  A: 0000012D  B: 00000000
TICK:    516  UPC:  5  PHASE: FETCH     PC: 002B  IR: 09CD0001  CMD:    SW
TICK:    517  UPC: 18  PHASE: S_EX1     PC: 002B  IR: 09CD0001  CMD:    SW  A: 0000012D  B: 00000001
TICK:    518  UPC:  0  PHASE: S_EX2     PC: 002B  IR: 09CD0001  CMD:    SW  A: 0000012D  B: 00000001
TICK:    519  UPC:  2  PHASE: FETCH     PC: 002C  IR: 52B50001  CMD:  ADDI
TICK:    520  UPC:  0  PHASE: I_EX      PC: 002C  IR: 52B50001  CMD:  ADDI  A: 00000000  B: 00000001  ALU: 00000001
TICK:    521  UPC:  7  PHASE: FETCH     PC: 002D  IR: A0000023  CMD:     J
TICK:    522  UPC:  0  PHASE: J_EX      PC: 0023  IR: A0000023  CMD:     J
TICK:    523  UPC:  6  PHASE: FETCH     PC: 0024  IR: 9415B009  CMD:   BGE
TICK:    524  UPC:  0  PHASE: B_EX      PC: 0024  IR: 9415B009  CMD:   BGE  A: 00000001  B: 00000002
TICK:    525  UPC:  2  PHASE: FETCH     PC: 0025  IR: 51920001  CMD:  ADDI
TICK:    526  UPC:  0  PHASE: I_EX      PC: 0025  IR: 51920001  CMD:  ADDI  A: 0000012C  B: 00000001  ALU: 0000012D
TICK:    527  UPC:  1  PHASE: FETCH     PC: 0026  IR: 19ACA800  CMD:   ADD
TICK:    528  UPC:  0  PHASE: R_EX      PC: 0026  IR: 19ACA800  CMD:   ADD  A: 0000012D  B: 00000001  ALU: 0000012E
TICK:    529  UPC:  3  PHASE: FETCH     PC: 0027  IR: 05CD0000  CMD:    LW
TICK:    530  UPC:  4  PHASE: L_EX1     PC: 0027  IR: 05CD0000  CMD:    LW  A: 0000012E  B: 00000000  ALU: 0000012E
TICK:    531  UPC: 17  PHASE: L_EX2     PC: 0027  IR: 05CD0000  CMD:    LW  A: 0000012E  B: 00000000  MDR: 00000003
TICK:    532  UPC:  0  PHASE: L_EX3     PC: 0027  IR: 05CD0000  CMD:    LW  A: 0000012E  B: 00000000
TICK:    533  UPC:  3  PHASE: FETCH     PC: 0028  IR: 05ED0001  CMD:    LW
TICK:    534  UPC:  4  PHASE: L_EX1     PC: 0028  IR: 05ED0001  CMD:    LW  A: 0000012E  B: 00000001  ALU: 0000012F
TICK:    535  UPC: 17  PHASE: L_EX2     PC: 0028  IR: 05ED0001  CMD:    LW  A: 0000012E  B: 00000001  MDR: 00000004
TICK:    536  UPC:  0  PHASE: L_EX3     PC: 0028  IR: 05ED0001  CMD:    LW  A: 0000012E  B: 00000001
TICK:    537  UPC:  6  PHASE: FETCH     PC: 0029  IR: 8C0E7802  CMD:   BLE
TICK:    538  UPC:  0  PHASE: B_EX      PC: 002B  IR: 8C0E7802  CMD:   BLE  A: 00000003  B: 00000004
TICK:    539  UPC:  2  PHASE: FETCH     PC: 002C  IR: 52B50001  CMD:  ADDI
TICK:    540  UPC:  0  PHASE: I_EX      PC: 002C  IR: 52B50001  CMD:  ADDI  A: 00000001  B: 00000001  ALU: 00000002
TICK:    541  UPC:  7  PHASE: FETCH     PC: 002D  IR: A0000023  CMD:     J
TICK:    542  UPC:  0  PHASE: J_EX      PC: 0023  IR: A0000023  CMD:     J
TICK:    543  UPC:  6  PHASE: FETCH     PC: 0024  IR: 9415B009  CMD:   BGE
TICK:    544  UPC:  0  PHASE: B_EX      PC: 002D  IR: 9415B009  CMD:   BGE  A: 00000002  B: 00000002
TICK:    545  UPC:  2  PHASE: FETCH     PC: 002E  IR: 52940001  CMD:  ADDI
TICK:    546  UPC:  0  PHASE: I_EX      PC: 002E  IR: 52940001  CMD:  ADDI  A: 00000002  B: 00000001  ALU: 00000003
TICK:    547  UPC:  7  PHASE: FETCH     PC: 002F  IR: A000001F  CMD:     J
TICK:    548  UPC:  0  PHASE: J_EX      PC: 001F  IR: A000001F  CMD:     J
TICK:    549  UPC:  2  PHASE: FETCH     PC: 0020  IR: 519307FF  CMD:  ADDI
TICK:    550  UPC:  0  PHASE: I_EX      PC: 0020  IR: 519307FF  CMD:  ADDI  A: 00000005  B: -0000001  ALU: 00000004
TICK:    551  UPC:  6  PHASE: FETCH     PC: 0021  IR: 9414600E  CMD:   BGE
TICK:    552  UPC:  0  PHASE: B_EX      PC: 0021  IR: 9414600E  CMD:   BGE  A: 00000003  B: 00000004
TICK:    553  UPC:  2  PHASE: FETCH     PC: 0022  IR: 52A00000  CMD:  ADDI
TICK:    554  UPC:  0  PHASE: I_EX      PC: 0022  IR: 52A00000  CMD:  ADDI  A: 00000000  B: 00000000  ALU: 00000000
TICK:    555  UPC:  1  PHASE: FETCH     PC: 0023  IR: 1ECCA000  CMD:   SUB
TICK:    556  UPC:  0  PHASE: R_EX      PC: 0023  IR: 1ECCA000  CMD:   SUB  A: 00000004  B: 00000003  ALU: 00000001
TICK:    557  UPC:  6  PHASE: FETCH     PC: 0024  IR: 9415B009  CMD:   BGE
TICK:    558  UPC:  0  PHASE: B_EX      PC: 0024  IR: 9415B009  CMD:   BGE  A: 00000000  B: 00000001
TICK:    559  UPC:  2  PHASE: FETCH     PC: 0025  IR: 51920001  CMD:  ADDI
TICK:    560  UPC:  0  PHASE: I_EX      PC: 0025  IR: 51920001  CMD:  ADDI  A: 0000012C  B: 00000001  ALU: 0000012D
TICK:    561  UPC:  1  PHASE: FETCH     PC: 0026  IR: 19ACA800  CMD:   ADD
TICK:    562  UPC:  0  PHASE: R_EX      PC: 0026  IR: 19ACA800  CMD:   ADD  A: 0000012D  B: 00000000  ALU: 0000012D
TICK:    563  UPC:  3  PHASE: FETCH     PC: 0027  IR: 05CD0000  CMD:    LW
TICK:    564  UPC:  4  PHASE: L_EX1     PC: 0027  IR: 05CD0000  CMD:    LW  A: 0000012D  B: 00000000  ALU: 0000012D
TICK:    565  UPC: 17  PHASE: L_EX2     PC: 0027  IR: 05CD0000  CMD:    LW  A: 0000012D  B: 00000000  MDR: 00000001
TICK:    566  UPC:  0  PHASE: L_EX3     PC: 0027  IR: 05CD0000  CMD:    LW  A: 0000012D  B: 00000000
TICK:    567  UPC:  3  PHASE: FETCH     PC: 0028  IR: 05ED0001  CMD:    LW
TICK:    568  UPC:  4  PHASE: L_EX1     PC: 0028  IR: 05ED0001  CMD:    LW  A: 0000012D  B: 00000001  ALU: 0000012E
TICK:    569  UPC: 17  PHASE: L_EX2     PC: 0028  IR: 05ED0001  CMD:    LW  A: 0000012D  B: 00000001  MDR: 00000003
TICK:    570  UPC:  0  PHASE: L_EX3     PC: 0028  IR: 05ED0001  CMD:    LW  A: 0000012D  B: 00000001
TICK:    571  UPC:  6  PHASE: FETCH     PC: 0029  IR: 8C0E7802  CMD:   BLE
TICK:    572  UPC:  0  PHASE: B_EX      PC: 002B  IR: 8C0E7802  CMD:   BLE  A: 00000001  B: 00000003
TICK:    573  UPC:  2  PHASE: FETCH     PC: 002C  IR: 52B50001  CMD:  ADDI
TICK:    574  UPC:  0  PHASE: I_EX      PC: 002C  IR: 52B50001  CMD:  ADDI  A: 00000000  B: 00000001  ALU: 00000001
TICK:    575  UPC:  7  PHASE: FETCH     PC: 002D  IR: A0000023  CMD:     J
TICK:    576  UPC:  0  PHASE: J_EX      PC: 0023  IR: A0000023  CMD:     J
TICK:    577  UPC:  6  PHASE: FETCH     PC: 0024  IR: 9415B009  CMD:   BGE
TICK:    578  UPC:  0  PHASE: B_EX      PC: 002D  IR: 9415B009  CMD:   BGE  A: 00000001  B: 00000001
TICK:    579  UPC:  2  PHASE: FETCH     PC: 002E  IR: 52940001  CMD:  ADDI
TICK:    580  UPC:  0  PHASE: I_EX      PC: 002E  IR: 52940001  CMD:  ADDI  A: 00000003  B: 00000001  ALU: 00000004
TICK:    581  UPC:  7  PHASE: FETCH     PC: 002F  IR: A000001F  CMD:     J
TICK:    582  UPC:  0  PHASE: J_EX      PC: 001F  IR: A000001F  CMD:     J
TICK:    583  UPC:  2  PHASE: FETCH     PC: 0020  IR: 519307FF  CMD:  ADDI
TICK:    584  UPC:  0  PHASE: I_EX      PC: 0020  IR: 519307FF  CMD:  ADDI  A: 00000005  B: -0000001  ALU: 00000004
TICK:    585  UPC:  6  PHASE: FETCH     PC: 0021  IR: 9414600E  CMD:   BGE
TICK:    586  UPC:  0  PHASE: B_EX      PC: 002F  IR: 9414600E  CMD:   BGE  A: 00000004  B: 00000004
TICK:    587  UPC:  2  PHASE: FETCH     PC: 0030  IR: 52800000  CMD:  ADDI
TICK:    588  UPC:  0  PHASE: I_EX      PC: 0030  IR: 52800000  CMD:  ADDI  A: 00000000  B: 00000000  ALU: 00000000
TICK:    589  UPC:  6  PHASE: FETCH     PC: 0031  IR: 9414981D  CMD:   BGE
TICK:    590  UPC:  0  PHASE: B_EX      PC: 0031  IR: 9414981D  CMD:   BGE  A: 00000000  B: 00000005
TICK:    591  UPC:  2  PHASE: FETCH     PC: 0032  IR: 51920001  CMD:  ADDI
TICK:    592  UPC:  0  PHASE: I_EX      PC: 0032  IR: 51920001  CMD:  ADDI  A: 0000012C  B: 00000001  ALU: 0000012D
TICK:    593  UPC:  1  PHASE: FETCH     PC: 0033  IR: 19ACA000  CMD:   ADD
TICK:    594  UPC:  0  PHASE: R_EX      PC: 0033  IR: 19ACA000  CMD:   ADD  A: 0000012D  B: 00000000  ALU: 0000012D
TICK:    595  UPC:  3  PHASE: FETCH     PC: 0034  IR: 06ED0000  CMD:    LW
TICK:    596  UPC:  4  PHASE: L_EX1     PC: 0034  IR: 06ED0000  CMD:    LW  A: 0000012D  B: 00000000  ALU: 0000012D
TICK:    597  UPC: 17  PHASE: L_EX2     PC: 0034  IR: 06ED0000  CMD:    LW  A: 0000012D  B: 00000000  MDR: 00000001
TICK:    598  UPC:  0  PHASE: L_EX3     PC: 0034  IR: 06ED0000  CMD:    LW  A: 0000012D  B: 00000000
TICK:    599  UPC:  2  PHASE: FETCH     PC: 0035  IR: 53000001  CMD:  ADDI
TICK:    600  UPC:  0  PHASE: I_EX      PC: 0035  IR: 53000001  CMD:  ADDI  A: 00000000  B: 00000001  ALU: 00000001
TICK:    601  UPC:  1  PHASE: FETCH     PC: 0036  IR: 1B370000  CMD:   ADD
TICK:    602  UPC:  0  PHASE: R_EX      PC: 0036  IR: 1B370000  CMD:   ADD  A: 00000001  B: 00000000  ALU: 00000001
TICK:    603  UPC:  2  PHASE: FETCH     PC: 0037  IR: 5180000A  CMD:  ADDI
TICK:    604  UPC:  0  PHASE: I_EX      PC: 0037  IR: 5180000A  CMD:  ADDI  A: 00000000  B: 0000000A  ALU: 0000000A
TICK:    605  UPC:  6  PHASE: FETCH     PC: 0038  IR: 9418C802  CMD:   BGE
TICK:    606  UPC:  0  PHASE: B_EX      PC: 003A  IR: 9418C802  CMD:   BGE  A: 00000001  B: 00000001
TICK:    607  UPC:  2  PHASE: FETCH     PC: 003B  IR: 5180000A  CMD:  ADDI
TICK:    608  UPC:  0  PHASE: I_EX      PC: 003B  IR: 5180000A  CMD:  ADDI  A: 00000000  B: 0000000A  ALU: 0000000A
TICK:    609  UPC:  1  PHASE: FETCH     PC: 003C  IR: 27186000  CMD:   DIV
TICK:    610  UPC:  0  PHASE: R_EX      PC: 003C  IR: 27186000  CMD:   DIV  A: 00000001  B: 0000000A  ALU: 00000000
TICK:    611  UPC:  6  PHASE: FETCH     PC: 003D  IR: 80180009  CMD:   BEQ
TICK:    612  UPC:  0  PHASE: B_EX      PC: 0046  IR: 80180009  CMD:   BEQ  A: 00000000  B: 00000000
TICK:    613  UPC:  2  PHASE: FETCH     PC: 0047  IR: 51800030  CMD:  ADDI
TICK:    614  UPC:  0  PHASE: I_EX      PC: 0047  IR: 51800030  CMD:  ADDI  A: 00000000  B: 00000030  ALU: 00000030
TICK:    615  UPC:  5  PHASE: FETCH     PC: 0048  IR: 098007F4  CMD:    SW
TICK:    616  UPC: 18  PHASE: S_EX1     PC: 0048  IR: 098007F4  CMD:    SW  A: 00000000  B: -000000C
TICK:    617  UPC:  0  PHASE: S_EX2     PC: 0048  IR: 098007F4  CMD:    SW  A: 00000000  B: -000000C
TICK:    618  UPC:  2  PHASE: FETCH     PC: 0049  IR: 51940001  CMD:  ADDI
TICK:    619  UPC:  0  PHASE: I_EX      PC: 0049  IR: 51940001  CMD:  ADDI  A: 00000000  B: 00000001  ALU: 00000001
TICK:    620  UPC:  6  PHASE: FETCH     PC: 004A  IR: 940C9802  CMD:   BGE
TICK:    621  UPC:  0  PHASE: B_EX      PC: 004A  IR: 940C9802  CMD:   BGE  A: 00000001  B: 00000005
TICK:    622  UPC:  2  PHASE: FETCH     PC: 004B  IR: 51800020  CMD:  ADDI
TICK:    623  UPC:  0  PHASE: I_EX      PC: 004B  IR: 51800020  CMD:  ADDI  A: 00000000  B: 00000020  ALU: 00000020
TICK:    624  UPC:  5  PHASE: FETCH     PC: 004C  IR: 098007F4  CMD:    SW
TICK:    625  UPC: 18  PHASE: S_EX1     PC: 004C  IR: 098007F4  CMD:    SW  A: 00000000  B: -000000C
TICK:    626  UPC:  0  PHASE: S_EX2     PC: 004C  IR: 098007F4  CMD:    SW  A: 00000000  B: -000000C
TICK:    627  UPC:  2  PHASE: FETCH     PC: 004D  IR: 52940001  CMD:  ADDI
TICK:    628  UPC:  0  PHASE: I_EX      PC: 004D  IR: 52940001  CMD:  ADDI  A: 00000000  B: 00000001  ALU: 00000001
TICK:    629  UPC:  7  PHASE: FETCH     PC: 004E  IR: A0000030  CMD:     J
TICK:    630  UPC:  0  PHASE: J_EX      PC: 0030  IR: A0000030  CMD:     J
TICK:    631  UPC:  6  PHASE: FETCH     PC: 0031  IR: 9414981D  CMD:   BGE
TICK:    632  UPC:  0  PHASE: B_EX      PC: 0031  IR: 9414981D  CMD:   BGE  A: 00000001  B: 00000005
TICK:    633  UPC:  2  PHASE: FETCH     PC: 0032  IR: 51920001  CMD:  ADDI
TICK:    634  UPC:  0  PHASE: I_EX      PC: 0032  IR: 51920001  CMD:  ADDI  A: 0000012C  B: 00000001  ALU: 0000012D
TICK:    635  UPC:  1  PHASE: FETCH     PC: 0033  IR: 19ACA000  CMD:   ADD
TICK:    636  UPC:  0  PHASE: R_EX      PC: 0033  IR: 19ACA000  CMD:   ADD  A: 0000012D  B: 00000001  ALU: 0000012E
TICK:    637  UPC:  3  PHASE: FETCH     PC: 0034  IR: 06ED0000  CMD:    LW
TICK:    638  UPC:  4  PHASE: L_EX1     PC: 0034  IR: 06ED0000  CMD:    LW  A: 0000012E  B: 00000000  ALU: 0000012E
TICK:    639  UPC: 17  PHASE: L_EX2     PC: 0034  IR: 06ED0000  CMD:    LW  A: 0000012E  B: 00000000  MDR: 00000003
TICK:    640  UPC:  0  PHASE: L_EX3     PC: 0034  IR: 06ED0000  CMD:    LW  A: 0000012E  B: 00000000
TICK:    641  UPC:  2  PHASE: FETCH     PC: 0035  IR: 53000001  CMD:  ADDI
TICK:    642  UPC:  0  PHASE: I_EX      PC: 0035  IR: 53000001  CMD:  ADDI  A: 00000000  B: 00000001  ALU: 00000001
TICK:    643  UPC:  1  PHASE: FETCH     PC: 0036  IR: 1B370000  CMD:   ADD
TICK:    644  UPC:  0  PHASE: R_EX      PC: 0036  IR: 1B370000  CMD:   ADD  A: 00000003  B: 00000000  ALU: 00000003
TICK:    645  UPC:  2  PHASE: FETCH     PC: 0037  IR: 5180000A  CMD:  ADDI
TICK:    646  UPC:  0  PHASE: I_EX      PC: 0037  IR: 5180000A  CMD:  ADDI  A: 00000000  B: 0000000A  ALU: 0000000A
TICK:    647  UPC:  6  PHASE: FETCH     PC: 0038  IR: 9418C802  CMD:   BGE
TICK:    648  UPC:  0  PHASE: B_EX      PC: 0038  IR: 9418C802  CMD:   BGE  A: 00000001  B: 00000003
TICK:    649  UPC:  1  PHASE: FETCH     PC: 0039  IR: 23186000  CMD:   MUL
TICK:    650  UPC:  0  PHASE: R_EX      PC: 0039  IR: 23186000  CMD:   MUL  A: 00000001  B: 0000000A  ALU: 0000000A
TICK:    651  UPC:  7  PHASE: FETCH     PC: 003A  IR: A0000036  CMD:     J
TICK:    652  UPC:  0  PHASE: J_EX      PC: 0036  IR: A0000036  CMD:     J
TICK:    653  UPC:  2  PHASE: FETCH     PC: 0037  IR: 5180000A  CMD:  ADDI
TICK:    654  UPC:  0  PHASE: I_EX      PC: 0037  IR: 5180000A  CMD:  ADDI  A: 00000000  B: 0000000A  ALU: 0000000A
TICK:    655  UPC:  6  PHASE: FETCH     PC: 0038  IR: 9418C802  CMD:   BGE
TICK:    656  UPC:  0  PHASE: B_EX      PC: 003A  IR: 9418C802  CMD:   BGE  A: 0000000A  B: 00000003
TICK:    657  UPC:  2  PHASE: FETCH     PC: 003B  IR: 5180000A  CMD:  ADDI
TICK:    658  UPC:  0  PHASE: I_EX      PC: 003B  IR: 5180000A  CMD:  ADDI  A: 00000000  B: 0000000A  ALU: 0000000A
TICK:    659  UPC:  1  PHASE: FETCH     PC: 003C  IR: 27186000  CMD:   DIV
TICK:    660  UPC:  0  PHASE: R_EX      PC: 003C  IR: 27186000  CMD:   DIV  A: 0000000A  B: 0000000A  ALU: 00000001
TICK:    661  UPC:  6  PHASE: FETCH     PC: 003D  IR: 80180009  CMD:   BEQ
TICK:    662  UPC:  0  PHASE: B_EX      PC: 003D  IR: 80180009  CMD:   BEQ  A: 00000001  B: 00000000
TICK:    663  UPC:  6  PHASE: FETCH     PC: 003E  IR: 8018000A  CMD:   BEQ
TICK:    664  UPC:  0  PHASE: B_EX      PC: 003E  IR: 8018000A  CMD:   BEQ  A: 00000001  B: 00000000
TICK:    665  UPC:  1  PHASE: FETCH     PC: 003F  IR: 2597C000  CMD:   DIV
TICK:    666  UPC:  0  PHASE: R_EX      PC: 003F  IR: 2597C000  CMD:   DIV  A: 00000003  B: 00000001  ALU: 00000003
TICK:    667  UPC:  2  PHASE: FETCH     PC: 0040  IR: 51AC0030  CMD:  ADDI
TICK:    668  UPC:  0  PHASE: I_EX      PC: 0040  IR: 51AC0030  CMD:  ADDI  A: 00000003  B: 00000030  ALU: 00000033
TICK:    669  UPC:  5  PHASE: FETCH     PC: 0041  IR: 09A007F4  CMD:    SW
TICK:    670  UPC: 18  PHASE: S_EX1     PC: 0041  IR: 09A007F4  CMD:    SW  A: 00000000  B: -000000C
TICK:    671  UPC:  0  PHASE: S_EX2     PC: 0041  IR: 09A007F4  CMD:    SW  A: 00000000  B: -000000C
TICK:    672  UPC:  1  PHASE: FETCH     PC: 0042  IR: 21CCC000  CMD:   MUL
TICK:    673  UPC:  0  PHASE: R_EX      PC: 0042  IR: 21CCC000  CMD:   MUL  A: 00000003  B: 00000001  ALU: 00000003
TICK:    674  UPC:  1  PHASE: FETCH     PC: 0043  IR: 1EF77000  CMD:   SUB
TICK:    675  UPC:  0  PHASE: R_EX      PC: 0043  IR: 1EF77000  CMD:   SUB  A: 00000003  B: 00000003  ALU: 00000000
TICK:    676  UPC:  2  PHASE: FETCH     PC: 0044  IR: 5180000A  CMD:  ADDI
TICK:    677  UPC:  0  PHASE: I_EX      PC: 0044  IR: 5180000A  CMD:  ADDI  A: 00000000  B: 0000000A  ALU: 0000000A
TICK:    678  UPC:  1  PHASE: FETCH     PC: 0045  IR: 27186000  CMD:   DIV
TICK:    679  UPC:  0  PHASE: R_EX      PC: 0045  IR: 27186000  CMD:   DIV  A: 00000001  B: 0000000A  ALU: 00000000
TICK:    680  UPC:  7  PHASE: FETCH     PC: 0046  IR: A000003D  CMD:     J
TICK:    681  UPC:  0  PHASE: J_EX      PC: 003D  IR: A000003D  CMD:     J
TICK:    682  UPC:  6  PHASE: FETCH     PC: 003E  IR: 8018000A  CMD:   BEQ
TICK:    683  UPC:  0  PHASE: B_EX      PC: 0048  IR: 8018000A  CMD:   BEQ  A: 00000000  B: 00000000
TICK:    684  UPC:  2  PHASE: FETCH     PC: 0049  IR: 51940001  CMD:  ADDI
TICK:    685  UPC:  0  PHASE: I_EX      PC: 0049  IR: 51940001  CMD:  ADDI  A: 00000001  B: 00000001  ALU: 00000002
TICK:    686  UPC:  6  PHASE: FETCH     PC: 004A  IR: 940C9802  CMD:   BGE
TICK:    687  UPC:  0  PHASE: B_EX      PC: 004A  IR: 940C9802  CMD:   BGE  A: 00000002  B: 00000005
TICK:    688  UPC:  2  PHASE: FETCH     PC: 004B  IR: 51800020  CMD:  ADDI
TICK:    689  UPC:  0  PHASE: I_EX      PC: 004B  IR: 51800020  CMD:  ADDI  A: 00000000  B: 00000020  ALU: 00000020
TICK:    690  UPC:  5  PHASE: FETCH     PC: 004C  IR: 098007F4  CMD:    SW
TICK:    691  UPC: 18  PHASE: S_EX1     PC: 004C  IR: 098007F4  CMD:    SW  A: 00000000  B: -000000C
TICK:    692  UPC:  0  PHASE: S_EX2     PC: 004C  IR: 098007F4  CMD:    SW  A: 00000000  B: -000000C
TICK:    693  UPC:  2  PHASE: FETCH     PC: 004D  IR: 52940001  CMD:  ADDI
TICK:    694  UPC:  0  PHASE: I_EX      PC: 004D  IR: 52940001  CMD:  ADDI  A: 00000001  B: 00000001  ALU: 00000002
TICK:    695  UPC:  7  PHASE: FETCH     PC: 004E  IR: A0000030  CMD:     J
TICK:    696  UPC:  0  PHASE: J_EX      PC: 0030  IR: A0000030  CMD:     J
TICK:    697  UPC:  6  PHASE: FETCH     PC: 0031  IR: 9414981D  CMD:   BGE
TICK:    698  UPC:  0  PHASE: B_EX      PC: 0031  IR: 9414981D  CMD:   BGE  A: 00000002  B: 00000005
TICK:    699  UPC:  2  PHASE: FETCH     PC: 0032  IR: 51920001  CMD:  ADDI
TICK:    700  UPC:  0  PHASE: I_EX      PC: 0032  IR: 51920001  CMD:  ADDI  A: 0000012C  B: 00000001  ALU: 0000012D
TICK:    701  UPC:  1  PHASE: FETCH     PC: 0033  IR: 19ACA000  CMD:   ADD
TICK:    702  UPC:  0  PHASE: R_EX      PC: 0033  IR: 19ACA000  CMD:   ADD  A: 0000012D  B: 00000002  ALU: 0000012F
TICK:    703  UPC:  3  PHASE: FETCH     PC: 0034  IR: 06ED0000  CMD:    LW
TICK:    704  UPC:  4  PHASE: L_EX1     PC: 0034  IR: 06ED0000  CMD:    LW  A: 0000012F  B: 00000000  ALU: 0000012F
TICK:    705  UPC: 17  PHASE: L_EX2     PC: 0034  IR: 06ED0000  CMD:    LW  A: 0000012F  B: 00000000  MDR: 00000004
TICK:    706  UPC:  0  PHASE: L_EX3     PC: 0034  IR: 06ED0000  CMD:    LW  A: 0000012F  B: 00000000
TICK:    707  UPC:  2  PHASE: FETCH     PC: 0035  IR: 53000001  CMD:  ADDI
TICK:    708  UPC:  0  PHASE: I_EX      PC: 0035  IR: 53000001  CMD:  ADDI  A: 00000000  B: 00000001  ALU: 00000001
TICK:    709  UPC:  1  PHASE: FETCH     PC: 0036  IR: 1B370000  CMD:   ADD
TICK:    710  UPC:  0  PHASE: R_EX      PC: 0036  IR: 1B370000  CMD:   ADD  A: 00000004  B: 00000000  ALU: 00000004
TICK:    711  UPC:  2  PHASE: FETCH     PC: 0037  IR: 5180000A  CMD:  ADDI
TICK:    712  UPC:  0  PHASE: I_EX      PC: 0037  IR: 5180000A  CMD:  ADDI  A: 00000000  B: 0000000A  ALU: 0000000A
TICK:    713  UPC:  6  PHASE: FETCH     PC: 0038  IR: 9418C802  CMD:   BGE
TICK:    714  UPC:  0  PHASE: B_EX      PC: 0038  IR: 9418C802  CMD:   BGE  A: 00000001  B: 00000004
TICK:    715  UPC:  1  PHASE: FETCH     PC: 0039  IR: 23186000  CMD:   MUL
TICK:    716  UPC:  0  PHASE: R_EX      PC: 0039  IR: 23186000  CMD:   MUL  A: 00000001  B: 0000000A  ALU: 0000000A
TICK:    717  UPC:  7  PHASE: FETCH     PC: 003A  IR: A0000036  CMD:     J
TICK:    718  UPC:  0  PHASE: J_EX      PC: 0036  IR: A0000036  CMD:     J
TICK:    719  UPC:  2  PHASE: FETCH     PC: 0037  IR: 5180000A  CMD:  ADDI
TICK:    720  UPC:  0  PHASE: I_EX      PC: 0037  IR: 5180000A  CMD:  ADDI  A: 00000000  B: 0000000A  ALU: 0000000A
TICK:    721  UPC:  6  PHASE: FETCH     PC: 0038  IR: 9418C802  CMD:   BGE
TICK:    722  UPC:  0  PHASE: B_EX      PC: 003A  IR: 9418C802  CMD:   BGE  A: 0000000A  B: 00000004
TICK:    723  UPC:  2  PHASE: FETCH     PC: 003B  IR: 5180000A  CMD:  ADDI
TICK:    724  UPC:  0  PHASE: I_EX      PC: 003B  IR: 5180000A  CMD:  ADDI  A: 00000000  B: 0000000A  ALU: 0000000A
TICK:    725  UPC:  1  PHASE: FETCH     PC: 003C  IR: 27186000  CMD:   DIV
TICK:    726  UPC:  0  PHASE: R_EX      PC: 003C  IR: 27186000  CMD:   DIV  A: 0000000A  B: 0000000A  ALU: 00000001
TICK:    727  UPC:  6  PHASE: FETCH     PC: 003D  IR: 80180009  CMD:   BEQ
TICK:    728  UPC:  0  PHASE: B_EX      PC: 003D  IR: 80180009  CMD:   BEQ  A: 00000001  B: 00000000
TICK:    729  UPC:  6  PHASE: FETCH     PC: 003E  IR: 8018000A  CMD:   BEQ
TICK:    730  UPC:  0  PHASE: B_EX      PC: 003E  IR: 8018000A  CMD:   BEQ  A: 00000001  B: 00000000
TICK:    731  UPC:  1  PHASE: FETCH     PC: 003F  IR: 2597C000  CMD:   DIV
TICK:    732  UPC:  0  PHASE: R_EX      PC: 003F  IR: 2597C000  CMD:   DIV  A: 00000004  B: 00000001  ALU: 00000004
TICK:    733  UPC:  2  PHASE: FETCH     PC: 0040  IR: 51AC0030  CMD:  ADDI
TICK:    734  UPC:  0  PHASE: I_EX      PC: 0040  IR: 51AC0030  CMD:  ADDI  A: 00000004  B: 00000030  ALU: 00000034
TICK:    735  UPC:  5  PHASE: FETCH     PC: 0041  IR: 09A007F4  CMD:    SW
TICK:    736  UPC: 18  PHASE: S_EX1     PC: 0041  IR: 09A007F4  CMD:    SW  A: 00000000  B: -000000C
TICK:    737  UPC:  0  PHASE: S_EX2     PC: 0041  IR: 09A007F4  CMD:    SW  A: 00000000  B: -000000C
TICK:    738  UPC:  1  PHASE: FETCH     PC: 0042  IR: 21CCC000  CMD:   MUL
TICK:    739  UPC:  0  PHASE: R_EX      PC: 0042  IR: 21CCC000  CMD:   MUL  A: 00000004  B: 00000001  ALU: 00000004
TICK:    740  UPC:  1  PHASE: FETCH     PC: 0043  IR: 1EF77000  CMD:   SUB
TICK:    741  UPC:  0  PHASE: R_EX      PC: 0043  IR: 1EF77000  CMD:   SUB  A: 00000004  B: 00000004  ALU: 00000000
TICK:    742  UPC:  2  PHASE: FETCH     PC: 0044  IR: 5180000A  CMD:  ADDI
TICK:    743  UPC:  0  PHASE: I_EX      PC: 0044  IR: 5180000A  CMD:  ADDI  A: 00000000  B: 0000000A  ALU: 0000000A
TICK:    744  UPC:  1  PHASE: FETCH     PC: 0045  IR: 27186000  CMD:   DIV
TICK:    745  UPC:  0  PHASE: R_EX      PC: 0045  IR: 27186000  CMD:   DIV  A: 00000001  B: 0000000A  ALU: 00000000
TICK:    746  UPC:  7  PHASE: FETCH     PC: 0046  IR: A000003D  CMD:     J
TICK:    747  UPC:  0  PHASE: J_EX      PC: 003D  IR: A000003D  CMD:     J
TICK:    748  UPC:  6  PHASE: FETCH     PC: 003E  IR: 8018000A  CMD:   BEQ
TICK:    749  UPC:  0  PHASE: B_EX      PC: 0048  IR: 8018000A  CMD:   BEQ  A: 00000000  B: 00000000
TICK:    750  UPC:  2  PHASE: FETCH     PC: 0049  IR: 51940001  CMD:  ADDI
TICK:    751  UPC:  0  PHASE: I_EX      PC: 0049  IR: 51940001  CMD:  ADDI  A: 00000002  B: 00000001  ALU: 00000003
TICK:    752  UPC:  6  PHASE: FETCH     PC: 004A  IR: 940C9802  CMD:   BGE
TICK:    753  UPC:  0  PHASE: B_EX      PC: 004A  IR: 940C9802  CMD:   BGE  A: 00000003  B: 00000005
TICK:    754  UPC:  2  PHASE: FETCH     PC: 004B  IR: 51800020  CMD:  ADDI
TICK:    755  UPC:  0  PHASE: I_EX      PC: 004B  IR: 51800020  CMD:  ADDI  A: 00000000  B: 00000020  ALU: 00000020
TICK:    756  UPC:  5  PHASE: FETCH     PC: 004C  IR: 098007F4  CMD:    SW
TICK:    757  UPC: 18  PHASE: S_EX1     PC: 004C  IR: 098007F4  CMD:    SW  A: 00000000  B: -000000C
TICK:    758  UPC:  0  PHASE: S_EX2     PC: 004C  IR: 098007F4  CMD:    SW  A: 00000000  B: -000000C
TICK:    759  UPC:  2  PHASE: FETCH     PC: 004D  IR: 52940001  CMD:  ADDI
TICK:    760  UPC:  0  PHASE: I_EX      PC: 004D  IR: 52940001  CMD:  ADDI  A: 00000002  B: 00000001  ALU: 00000003
TICK:    761  UPC:  7  PHASE: FETCH     PC: 004E  IR: A0000030  CMD:     J
TICK:    762  UPC:  0  PHASE: J_EX      PC: 0030  IR: A0000030  CMD:     J
TICK:    763  UPC:  6  PHASE: FETCH     PC: 0031  IR: 9414981D  CMD:   BGE
TICK:    764  UPC:  0  PHASE: B_EX      PC: 0031  IR: 9414981D  CMD:   BGE  A: 00000003  B: 00000005
TICK:    765  UPC:  2  PHASE: FETCH     PC: 0032  IR: 51920001  CMD:  ADDI
TICK:    766  UPC:  0  PHASE: I_EX      PC: 0032  IR: 51920001  CMD:  ADDI  A: 0000012C  B: 00000001  ALU: 0000012D
TICK:    767  UPC:  1  PHASE: FETCH     PC: 0033  IR: 19ACA000  CMD:   ADD
TICK:    768  UPC:  0  PHASE: R_EX      PC: 0033  IR: 19ACA000  CMD:   ADD  A: 0000012D  B: 00000003  ALU: 00000130
TICK:    769  UPC:  3  PHASE: FETCH     PC: 0034  IR: 06ED0000  CMD:    LW
TICK:    770  UPC:  4  PHASE: L_EX1     PC: 0034  IR: 06ED0000  CMD:    LW  A: 00000130  B: 00000000  ALU: 00000130
TICK:    771  UPC: 17  PHASE: L_EX2     PC: 0034  IR: 06ED0000  CMD:    LW  A: 00000130  B: 00000000  MDR: 00000005
TICK:    772  UPC:  0  PHASE: L_EX3     PC: 0034  IR: 06ED0000  CMD:    LW  A: 00000130  B: 00000000
TICK:    773  UPC:  2  PHASE: FETCH     PC: 0035  IR: 53000001  CMD:  ADDI
TICK:    774  UPC:  0  PHASE: I_EX      PC: 0035  IR: 53000001  CMD:  ADDI  A: 00000000  B: 00000001  ALU: 00000001
TICK:    775  UPC:  1  PHASE: FETCH     PC: 0036  IR: 1B370000  CMD:   ADD
TICK:    776  UPC:  0  PHASE: R_EX      PC: 0036  IR: 1B370000  CMD:   ADD  A: 00000005  B: 00000000  ALU: 00000005
TICK:    777  UPC:  2  PHASE: FETCH     PC: 0037  IR: 5180000A  CMD:  ADDI
TICK:    778  UPC:  0  PHASE: I_EX      PC: 0037  IR: 5180000A  CMD:  ADDI  A: 00000000  B: 0000000A  ALU: 0000000A
TICK:    779  UPC:  6  PHASE: FETCH     PC: 0038  IR: 9418C802  CMD:   BGE
TICK:    780  UPC:  0  PHASE: B_EX      PC: 0038  IR: 9418C802  CMD:   BGE  A: 00000001  B: 00000005
TICK:    781  UPC:  1  PHASE: FETCH     PC: 0039  IR: 23186000  CMD:   MUL
TICK:    782  UPC:  0  PHASE: R_EX      PC: 0039  IR: 23186000  CMD:   MUL  A: 00000001  B: 0000000A  ALU: 0000000A
TICK:    783  UPC:  7  PHASE: FETCH     PC: 003A  IR: A0000036  CMD:     J
TICK:    784  UPC:  0  PHASE: J_EX      PC: 0036  IR: A0000036  CMD:     J
TICK:    785  UPC:  2  PHASE: FETCH     PC: 0037  IR: 5180000A  CMD:  ADDI
TICK:    786  UPC:  0  PHASE: I_EX      PC: 0037  IR: 5180000A  CMD:  ADDI  A: 00000000  B: 0000000A  ALU: 0000000A
TICK:    787  UPC:  6  PHASE: FETCH     PC: 0038  IR: 9418C802  CMD:   BGE
TICK:    788  UPC:  0  PHASE: B_EX      PC: 003A  IR: 9418C802  CMD:   BGE  A: 0000000A  B: 00000005
TICK:    789  UPC:  2  PHASE: FETCH     PC: 003B  IR: 5180000A  CMD:  ADDI
TICK:    790  UPC:  0  PHASE: I_EX      PC: 003B  IR: 5180000A  CMD:  ADDI  A: 00000000  B: 0000000A  ALU: 0000000A
TICK:    791  UPC:  1  PHASE: FETCH     PC: 003C  IR: 27186000  CMD:   DIV
TICK:    792  UPC:  0  PHASE: R_EX      PC: 003C  IR: 27186000  CMD:   DIV  A: 0000000A  B: 0000000A  ALU: 00000001
TICK:    793  UPC:  6  PHASE: FETCH     PC: 003D  IR: 80180009  CMD:   BEQ
TICK:    794  UPC:  0  PHASE: B_EX      PC: 003D  IR: 80180009  CMD:   BEQ  A: 00000001  B: 00000000
TICK:    795  UPC:  6  PHASE: FETCH     PC: 003E  IR: 8018000A  CMD:   BEQ
TICK:    796  UPC:  0  PHASE: B_EX      PC: 003E  IR: 8018000A  CMD:   BEQ  A: 00000001  B: 00000000
TICK:    797  UPC:  1  PHASE: FETCH     PC: 003F  IR: 2597C000  CMD:   DIV
TICK:    798  UPC:  0  PHASE: R_EX      PC: 003F  IR: 2597C000  CMD:   DIV  A: 00000005  B: 00000001  ALU: 00000005
TICK:    799  UPC:  2  PHASE: FETCH     PC: 0040  IR: 51AC0030  CMD:  ADDI
TICK:    800  UPC:  0  PHASE: I_EX      PC: 0040  IR: 51AC0030  CMD:  ADDI  A: 00000005  B: 00000030  ALU: 00000035
TICK:    801  UPC:  5  PHASE: FETCH     PC: 0041  IR: 09A007F4  CMD:    SW
TICK:    802  UPC: 18  PHASE: S_EX1     PC: 0041  IR: 09A007F4  CMD:    SW  A: 00000000  B: -000000C
TICK:    803  UPC:  0  PHASE: S_EX2     PC: 0041  IR: 09A007F4  CMD:    SW  A: 00000000  B: -000000C
TICK:    804  UPC:  1  PHASE: FETCH     PC: 0042  IR: 21CCC000  CMD:   MUL
TICK:    805  UPC:  0  PHASE: R_EX      PC: 0042  IR: 21CCC000  CMD:   MUL  A: 00000005  B: 00000001  ALU: 00000005
TICK:    806  UPC:  1  PHASE: FETCH     PC: 0043  IR: 1EF77000  CMD:   SUB
TICK:    807  UPC:  0  PHASE: R_EX      PC: 0043  IR: 1EF77000  CMD:   SUB  A: 00000005  B: 00000005  ALU: 00000000
TICK:    808  UPC:  2  PHASE: FETCH     PC: 0044  IR: 5180000A  CMD:  ADDI
TICK:    809  UPC:  0  PHASE: I_EX      PC: 0044  IR: 5180000A  CMD:  ADDI  A: 00000000  B: 0000000A  ALU: 0000000A
TICK:    810  UPC:  1  PHASE: FETCH     PC: 0045  IR: 27186000  CMD:   DIV
TICK:    811  UPC:  0  PHASE: R_EX      PC: 0045  IR: 27186000  CMD:   DIV  A: 00000001  B: 0000000A  ALU: 00000000
TICK:    812  UPC:  7  PHASE: FETCH     PC: 0046  IR: A000003D  CMD:     J
TICK:    813  UPC:  0  PHASE: J_EX      PC: 003D  IR: A000003D  CMD:     J
TICK:    814  UPC:  6  PHASE: FETCH     PC: 003E  IR: 8018000A  CMD:   BEQ
TICK:    815  UPC:  0  PHASE: B_EX      PC: 0048  IR: 8018000A  CMD:   BEQ  A: 00000000  B: 00000000
TICK:    816  UPC:  2  PHASE: FETCH     PC: 0049  IR: 51940001  CMD:  ADDI
TICK:    817  UPC:  0  PHASE: I_EX      PC: 0049  IR: 51940001  CMD:  ADDI  A: 00000003  B: 00000001  ALU: 00000004
TICK:    818  UPC:  6  PHASE: FETCH     PC: 004A  IR: 940C9802  CMD:   BGE
TICK:    819  UPC:  0  PHASE: B_EX      PC: 004A  IR: 940C9802  CMD:   BGE  A: 00000004  B: 00000005
TICK:    820  UPC:  2  PHASE: FETCH     PC: 004B  IR: 51800020  CMD:  ADDI
TICK:    821  UPC:  0  PHASE: I_EX      PC: 004B  IR: 51800020  CMD:  ADDI  A: 00000000  B: 00000020  ALU: 00000020
TICK:    822  UPC:  5  PHASE: FETCH     PC: 004C  IR: 098007F4  CMD:    SW
TICK:    823  UPC: 18  PHASE: S_EX1     PC: 004C  IR: 098007F4  CMD:    SW  A: 00000000  B: -000000C
TICK:    824  UPC:  0  PHASE: S_EX2     PC: 004C  IR: 098007F4  CMD:    SW  A: 00000000  B: -000000C
TICK:    825  UPC:  2  PHASE: FETCH     PC: 004D  IR: 52940001  CMD:  ADDI
TICK:    826  UPC:  0  PHASE: I_EX      PC: 004D  IR: 52940001  CMD:  ADDI  A: 00000003  B: 00000001  ALU: 00000004
TICK:    827  UPC:  7  PHASE: FETCH     PC: 004E  IR: A0000030  CMD:     J
TICK:    828  UPC:  0  PHASE: J_EX      PC: 0030  IR: A0000030  CMD:     J
TICK:    829  UPC:  6  PHASE: FETCH     PC: 0031  IR: 9414981D  CMD:   BGE
TICK:    830  UPC:  0  PHASE: B_EX      PC: 0031  IR: 9414981D  CMD:   BGE  A: 00000004  B: 00000005
TICK:    831  UPC:  2  PHASE: FETCH     PC: 0032  IR: 51920001  CMD:  ADDI
TICK:    832  UPC:  0  PHASE: I_EX      PC: 0032  IR: 51920001  CMD:  ADDI  A: 0000012C  B: 00000001  ALU: 0000012D
TICK:    833  UPC:  1  PHASE: FETCH     PC: 0033  IR: 19ACA000  CMD:   ADD
TICK:    834  UPC:  0  PHASE: R_EX      PC: 0033  IR: 19ACA000  CMD:   ADD  A: 0000012D  B: 00000004  ALU: 00000131
TICK:    835  UPC:  3  PHASE: FETCH     PC: 0034  IR: 06ED0000  CMD:    LW
TICK:    836  UPC:  4  PHASE: L_EX1     PC: 0034  IR: 06ED0000  CMD:    LW  A: 00000131  B: 00000000  ALU: 00000131
TICK:    837  UPC: 17  PHASE: L_EX2     PC: 0034  IR: 06ED0000  CMD:    LW  A: 00000131  B: 00000000  MDR: 00000008
TICK:    838  UPC:  0  PHASE: L_EX3     PC: 0034  IR: 06ED0000  CMD:    LW  A: 00000131  B: 00000000
TICK:    839  UPC:  2  PHASE: FETCH     PC: 0035  IR: 53000001  CMD:  ADDI
TICK:    840  UPC:  0  PHASE: I_EX      PC: 0035  IR: 53000001  CMD:  ADDI  A: 00000000  B: 00000001  ALU: 00000001
TICK:    841  UPC:  1  PHASE: FETCH     PC: 0036  IR: 1B370000  CMD:   ADD
TICK:    842  UPC:  0  PHASE: R_EX      PC: 0036  IR: 1B370000  CMD:   ADD  A: 00000008  B: 00000000  ALU: 00000008
TICK:    843  UPC:  2  PHASE: FETCH     PC: 0037  IR: 5180000A  CMD:  ADDI
TICK:    844  UPC:  0  PHASE: I_EX      PC: 0037  IR: 5180000A  CMD:  ADDI  A: 00000000  B: 0000000A  ALU: 0000000A
TICK:    845  UPC:  6  PHASE: FETCH     PC: 0038  IR: 9418C802  CMD:   BGE
TICK:    846  UPC:  0  PHASE: B_EX      PC: 0038  IR: 9418C802  CMD:   BGE  A: 00000001  B: 00000008
TICK:    847  UPC:  1  PHASE: FETCH     PC: 0039  IR: 23186000  CMD:   MUL
TICK:    848  UPC:  0  PHASE: R_EX      PC: 0039  IR: 23186000  CMD:   MUL  A: 00000001  B: 0000000A  ALU: 0000000A
TICK:    849  UPC:  7  PHASE: FETCH     PC: 003A  IR: A0000036  CMD:     J
TICK:    850  UPC:  0  PHASE: J_EX      PC: 0036  IR: A0000036  CMD:     J
TICK:    851  UPC:  2  PHASE: FETCH     PC: 0037  IR: 5180000A  CMD:  ADDI
TICK:    852  UPC:  0  PHASE: I_EX      PC: 0037  IR: 5180000A  CMD:  ADDI  A: 00000000  B: 0000000A  ALU: 0000000A
TICK:    853  UPC:  6  PHASE: FETCH     PC: 0038  IR: 9418C802  CMD:   BGE
TICK:    854  UPC:  0  PHASE: B_EX      PC: 003A  IR: 9418C802  CMD:   BGE  A: 0000000A  B: 00000008
TICK:    855  UPC:  2  PHASE: FETCH     PC: 003B  IR: 5180000A  CMD:  ADDI
TICK:    856  UPC:  0  PHASE: I_EX      PC: 003B  IR: 5180000A  CMD:  ADDI  A: 00000000  B: 0000000A  ALU: 0000000A
TICK:    857  UPC:  1  PHASE: FETCH     PC: 003C  IR: 27186000  CMD:   DIV
TICK:    858  UPC:  0  PHASE: R_EX      PC: 003C  IR: 27186000  CMD:   DIV  A: 0000000A  B: 0000000A  ALU: 00000001
TICK:    859  UPC:  6  PHASE: FETCH     PC: 003D  IR: 80180009  CMD:   BEQ
TICK:    860  UPC:  0  PHASE: B_EX      PC: 003D  IR: 80180009  CMD:   BEQ  A: 00000001  B: 00000000
TICK:    861  UPC:  6  PHASE: FETCH     PC: 003E  IR: 8018000A  CMD:   BEQ
TICK:    862  UPC:  0  PHASE: B_EX      PC: 003E  IR: 8018000A  CMD:   BEQ  A: 00000001  B: 00000000
TICK:    863  UPC:  1  PHASE: FETCH     PC: 003F  IR: 2597C000  CMD:   DIV
TICK:    864  UPC:  0  PHASE: R_EX      PC: 003F  IR: 2597C000  CMD:   DIV  A: 00000008  B: 00000001  ALU: 00000008
TICK:    865  UPC:  2  PHASE: FETCH     PC: 0040  IR: 51AC0030  CMD:  ADDI
TICK:    866  UPC:  0  PHASE: I_EX      PC: 0040  IR: 51AC0030  CMD:  ADDI  A: 00000008  B: 00000030  ALU: 00000038
TICK:    867  UPC:  5  PHASE: FETCH     PC: 0041  IR: 09A007F4  CMD:    SW
TICK:    868  UPC: 18  PHASE: S_EX1     PC: 0041  IR: 09A007F4  CMD:    SW  A: 00000000  B: -000000C
TICK:    869  UPC:  0  PHASE: S_EX2     PC: 0041  IR: 09A007F4  CMD:    SW  A: 00000000  B: -000000C
TICK:    870  UPC:  1  PHASE: FETCH     PC: 0042  IR: 21CCC000  CMD:   MUL
TICK:    871  UPC:  0  PHASE: R_EX      PC: 0042  IR: 21CCC000  CMD:   MUL  A: 00000008  B: 00000001  ALU: 00000008
TICK:    872  UPC:  1  PHASE: FETCH     PC: 0043  IR: 1EF77000  CMD:   SUB
TICK:    873  UPC:  0  PHASE: R_EX      PC: 0043  IR: 1EF77000  CMD:   SUB  A: 00000008  B: 00000008  ALU: 00000000
TICK:    874  UPC:  2  PHASE: FETCH     PC: 0044  IR: 5180000A  CMD:  ADDI
TICK:    875  UPC:  0  PHASE: I_EX      PC: 0044  IR: 5180000A  CMD:  ADDI  A: 00000000  B: 0000000A  ALU: 0000000A
TICK:    876  UPC:  1  PHASE: FETCH     PC: 0045  IR: 27186000  CMD:   DIV
TICK:    877  UPC:  0  PHASE: R_EX      PC: 0045  IR: 27186000  CMD:   DIV  A: 00000001  B: 0000000A  ALU: 00000000
TICK:    878  UPC:  7  PHASE: FETCH     PC: 0046  IR: A000003D  CMD:     J
TICK:    879  UPC:  0  PHASE: J_EX      PC: 003D  IR: A000003D  CMD:     J
TICK:    880  UPC:  6  PHASE: FETCH     PC: 003E  IR: 8018000A  CMD:   BEQ
TICK:    881  UPC:  0  PHASE: B_EX      PC: 0048  IR: 8018000A  CMD:   BEQ  A: 00000000  B: 00000000
TICK:    882  UPC:  2  PHASE: FETCH     PC: 0049  IR: 51940001  CMD:  ADDI
TICK:    883  UPC:  0  PHASE: I_EX      PC: 0049  IR: 51940001  CMD:  ADDI  A: 00000004  B: 00000001  ALU: 00000005
TICK:    884  UPC:  6  PHASE: FETCH     PC: 004A  IR: 940C9802  CMD:   BGE
TICK:    885  UPC:  0  PHASE: B_EX      PC: 004C  IR: 940C9802  CMD:   BGE  A: 00000005  B: 00000005
TICK:    886  UPC:  2  PHASE: FETCH     PC: 004D  IR: 52940001  CMD:  ADDI
TICK:    887  UPC:  0  PHASE: I_EX      PC: 004D  IR: 52940001  CMD:  ADDI  A: 00000004  B: 00000001  ALU: 00000005
TICK:    888  UPC:  7  PHASE: FETCH     PC: 004E  IR: A0000030  CMD:     J
TICK:    889  UPC:  0  PHASE: J_EX      PC: 0030  IR: A0000030  CMD:     J
TICK:    890  UPC:  6  PHASE: FETCH     PC: 0031  IR: 9414981D  CMD:   BGE
TICK:    891  UPC:  0  PHASE: B_EX      PC: 004E  IR: 9414981D  CMD:   BGE  A: 00000005  B: 00000005
TICK:    892  UPC:  2  PHASE: FETCH     PC: 004F  IR: 5180000A  CMD:  ADDI
TICK:    893  UPC:  0  PHASE: I_EX      PC: 004F  IR: 5180000A  CMD:  ADDI  A: 00000000  B: 0000000A  ALU: 0000000A
TICK:    894  UPC:  5  PHASE: FETCH     PC: 0050  IR: 098007F4  CMD:    SW
TICK:    895  UPC: 18  PHASE: S_EX1     PC: 0050  IR: 098007F4  CMD:    SW  A: 00000000  B: -000000C
TICK:    896  UPC:  0  PHASE: S_EX2     PC: 0050  IR: 098007F4  CMD:    SW  A: 00000000  B: -000000C
TICK:    897  UPC: 12  PHASE: FETCH     PC: 0051  IR: FC000000  CMD:  HALT
TICK:    898  UPC: 12  PHASE: HALT_EX   PC: 0051  IR: FC000000  CMD:  HALT

Total ticks: 898
