        .org 0
0000 - 524003E7 - ADDI s0 zero 999
0001 - 51800064 - ADDI t0 zero 100
0002 - 88126060 - BLT s0 t0 ew_2
0003 - 1A720000 - ADD s1 s0 zero
0004 - 51A00064 - ADDI t1 zero 100
0005 - 26736800 - DIV s1 s1 t1
0006 - 1A920000 - ADD s2 s0 zero
0007 - 51C0000A - ADDI t2 zero 10
0008 - 26947000 - DIV s2 s2 t2
0009 - 51E0000A - ADDI t3 zero 10
000A - 2A947800 - REM s2 s2 t3
000B - 1AB20000 - ADD s3 s0 zero
000C - 5200000A - ADDI t4 zero 10
000D - 2AB58000 - REM s3 s3 t4
000E - 1AD20000 - ADD s4 s0 zero
000F - 522003E8 - ADDI t5 zero 1000
0010 - 22D68800 - MUL s4 s4 t5
0011 - 51800064 - ADDI t0 zero 100
0012 - 21B56000 - MUL t1 s3 t0
0013 - 1AD66800 - ADD s4 s4 t1
0014 - 51E0000A - ADDI t3 zero 10
0015 - 22147800 - MUL t4 s2 t3
0016 - 1AD68000 - ADD s4 s4 t4
0017 - 1AD69800 - ADD s4 s4 s1
0018 - 52E003E7 - ADDI s5 zero 999
0019 - 52200064 - ADDI t5 zero 100
001A - 88178846 - BLT s5 t5 ew_4
001B - 23D7B800 - MUL t6 s5 s5
001C - 941EB002 - BGE t6 s4 el_5
001D - 1AE00000 - ADD s5 zero zero
001E - A0000060 - J en_6
001F - 2996B800 - REM t0 s4 s5
0020 - 840C003E - BNE t0 zero el_7
0021 - 1B160000 - ADD s6 s4 zero
0022 - 2718B800 - DIV s6 s6 s5
0023 - 51A00064 - ADDI t1 zero 100
0024 - 88186839 - BLT s6 t1 el_9
0025 - 51C003E7 - ADDI t2 zero 999
0026 - 90187036 - BGT s6 t2 el_11
0027 - 15E00031 - LUI t3 49
0028 - 51EF06A0 - ADDI t3 t3 -352
0029 - 26167800 - DIV t4 s4 t3
002A - 53C0000A - ADDI t6 zero 10
002B - 2990F000 - REM t0 t4 t6
002C - 51AC0030 - ADDI t1 t0 48
002D - 15C00000 - LUI t2 0
002E - 51CE07F4 - ADDI t2 t2 -12
002F - 09AE0000 - SW t1 t2 0
0030 - 15E00005 - LUI t3 5
0031 - 51EF0710 - ADDI t3 t3 -240
0032 - 26167800 - DIV t4 s4 t3
0033 - 53C0000A - ADDI t6 zero 10
0034 - 2990F000 - REM t0 t4 t6
0035 - 51AC0030 - ADDI t1 t0 48
0036 - 15C00000 - LUI t2 0
0037 - 51CE07F4 - ADDI t2 t2 -12
0038 - 09AE0000 - SW t1 t2 0
0039 - 520003E8 - ADDI t4 zero 1000
003A - 26368000 - DIV t5 s4 t4
003B - 5180000A - ADDI t0 zero 10
003C - 29B16000 - REM t1 t5 t0
003D - 51CD0030 - ADDI t2 t1 48
003E - 15E00000 - LUI t3 0
003F - 51EF07F4 - ADDI t3 t3 -12
0040 - 09CF0000 - SW t2 t3 0
0041 - 52200064 - ADDI t5 zero 100
0042 - 27D68800 - DIV t6 s4 t5
0043 - 51A0000A - ADDI t1 zero 10
0044 - 29DE6800 - REM t2 t6 t1
0045 - 51EE0030 - ADDI t3 t2 48
0046 - 16000000 - LUI t4 0
0047 - 521007F4 - ADDI t4 t4 -12
0048 - 09F00000 - SW t3 t4 0
0049 - 53C0000A - ADDI t6 zero 10
004A - 2596F000 - DIV t0 s4 t6
004B - 51C0000A - ADDI t2 zero 10
004C - 29EC7000 - REM t3 t0 t2
004D - 520F0030 - ADDI t4 t3 48
004E - 16200000 - LUI t5 0
004F - 523107F4 - ADDI t5 t5 -12
0050 - 0A110000 - SW t4 t5 0
0051 - 5180000A - ADDI t0 zero 10
0052 - 29B66000 - REM t1 s4 t0
0053 - 51CD0030 - ADDI t2 t1 48
0054 - 15E00000 - LUI t3 0
0055 - 51EF07F4 - ADDI t3 t3 -12
0056 - 09CF0000 - SW t2 t3 0
0057 - 5200000A - ADDI t4 zero 10
0058 - 16200000 - LUI t5 0
0059 - 523107F4 - ADDI t5 t5 -12
005A - 0A110000 - SW t4 t5 0
005B - FC000000 - HALT 
005C - A000005D - J en_12
005D - A000005E - J en_10
005E - A000005F - J en_8
005F - 52F707FF - ADDI s5 s5 -1
0060 - A0000019 - J w_3
0061 - 525207FF - ADDI s0 s0 -1
0062 - A0000001 - J w_1
0063 - FC000000 - HALT 
0064 - FC000000 - HALT 
        .org 100