        .org 0
0000 - 1A400000 - ADD s0 zero zero
0001 - 526003E7 - ADDI s1 zero 999
0002 - 1A800000 - ADD s2 zero zero
0003 - 1AA00000 - ADD s3 zero zero
0004 - 1AC00000 - ADD s4 zero zero
0005 - 1AE00000 - ADD s5 zero zero
0006 - 1B000000 - ADD s6 zero zero
0007 - 51800064 - ADDI t0 zero 100
0008 - 88136019 - BLT s1 t0 ew_2
0009 - 1A930000 - ADD s2 s1 zero
000A - 51A00064 - ADDI t1 zero 100
000B - 88146814 - BLT s2 t1 ew_4
000C - 1AB30000 - ADD s3 s1 zero
000D - 22B5A000 - MUL s3 s3 s2
000E - 8C15900F - BLE s3 s0 el_5
000F - 1AD50000 - ADD s4 s3 zero
0010 - 1AE00000 - ADD s5 zero zero
0011 - 8C160008 - BLE s4 zero ew_8
0012 - 51C0000A - ADDI t2 zero 10
0013 - 22F77000 - MUL s5 s5 t2
0014 - 5200000A - ADDI t4 zero 10
0015 - 2A368000 - REM t5 s4 t4
0016 - 1AF78800 - ADD s5 s5 t5
0017 - 53C0000A - ADDI t6 zero 10
0018 - 26D6F000 - DIV s4 s4 t6
0019 - A0000011 - J w_7
001A - 8417A802 - BNE s5 s3 el_9
001B - 1A550000 - ADD s0 s3 zero
001C - A000001D - J en_10
001D - A000001E - J en_6
001E - 529407FF - ADDI s2 s2 -1
001F - A000000A - J w_3
0020 - 527307FF - ADDI s1 s1 -1
0021 - A0000007 - J w_1
0022 - 15800031 - LUI t0 49
0023 - 518C06A0 - ADDI t0 t0 -352
0024 - 25B26000 - DIV t1 s0 t0
0025 - 51E0000A - ADDI t3 zero 10
0026 - 2A0D7800 - REM t4 t1 t3
0027 - 52300030 - ADDI t5 t4 48
0028 - 17C00000 - LUI t6 0
0029 - 53DE07F4 - ADDI t6 t6 -12
002A - 0A3E0000 - SW t5 t6 0
002B - 15800005 - LUI t0 5
002C - 518C0710 - ADDI t0 t0 -240
002D - 25B26000 - DIV t1 s0 t0
002E - 51E0000A - ADDI t3 zero 10
002F - 2A0D7800 - REM t4 t1 t3
0030 - 52300030 - ADDI t5 t4 48
0031 - 17C00000 - LUI t6 0
0032 - 53DE07F4 - ADDI t6 t6 -12
0033 - 0A3E0000 - SW t5 t6 0
0034 - 51A003E8 - ADDI t1 zero 1000
0035 - 25D26800 - DIV t2 s0 t1
0036 - 5200000A - ADDI t4 zero 10
0037 - 2A2E8000 - REM t5 t2 t4
0038 - 53D10030 - ADDI t6 t5 48
0039 - 15800000 - LUI t0 0
003A - 518C07F4 - ADDI t0 t0 -12
003B - 0BCC0000 - SW t6 t0 0
003C - 51C00064 - ADDI t2 zero 100
003D - 25F27000 - DIV t3 s0 t2
003E - 5220000A - ADDI t5 zero 10
003F - 2BCF8800 - REM t6 t3 t5
0040 - 519E0030 - ADDI t0 t6 48
0041 - 15A00000 - LUI t1 0
0042 - 51AD07F4 - ADDI t1 t1 -12
0043 - 098D0000 - SW t0 t1 0
0044 - 51E0000A - ADDI t3 zero 10
0045 - 26127800 - DIV t4 s0 t3
0046 - 53C0000A - ADDI t6 zero 10
0047 - 2990F000 - REM t0 t4 t6
0048 - 51AC0030 - ADDI t1 t0 48
0049 - 15C00000 - LUI t2 0
004A - 51CE07F4 - ADDI t2 t2 -12
004B - 09AE0000 - SW t1 t2 0
004C - 5200000A - ADDI t4 zero 10
004D - 2A328000 - REM t5 s0 t4
004E - 53D10030 - ADDI t6 t5 48
004F - 15800000 - LUI t0 0
0050 - 518C07F4 - ADDI t0 t0 -12
0051 - 0BCC0000 - SW t6 t0 0
0052 - 51A0000A - ADDI t1 zero 10
0053 - 15C00000 - LUI t2 0
0054 - 51CE07F4 - ADDI t2 t2 -12
0055 - 09AE0000 - SW t1 t2 0
0056 - FC000000 - HALT 
0057 - FC000000 - HALT 
        .org 100