        .org 0
0000 - 51800000 - ADDI t0 zero 0
0001 - 09830000 - SW t0 gp 0
0002 - 51A00064 - ADDI t1 zero 100
0003 - 09A30001 - SW t1 gp 1
0004 - 51C00000 - ADDI t2 zero 0
0005 - 09C30002 - SW t2 gp 2
0006 - 51E00000 - ADDI t3 zero 0
0007 - 09E30003 - SW t3 gp 3
0008 - 52000000 - ADDI t4 zero 0
0009 - 0A030004 - SW t4 gp 4
000A - 52200000 - ADDI t5 zero 0
000B - 0A230005 - SW t5 gp 5
000C - 53C00000 - ADDI t6 zero 0
000D - 0BC30006 - SW t6 gp 6
000E - 05830001 - LW t0 gp 1
000F - 51A003E8 - ADDI t1 zero 1000
0010 - 4DCC6800 - SLT t2 t0 t1
0011 - 800E003A - BEQ t2 zero ew_2
0012 - 51E00064 - ADDI t3 zero 100
0013 - 09E30002 - SW t3 gp 2
0014 - 06030002 - LW t4 gp 2
0015 - 522003E8 - ADDI t5 zero 1000
0016 - 4FD08800 - SLT t6 t4 t5
0017 - 801E002F - BEQ t6 zero ew_4
0018 - 05830001 - LW t0 gp 1
0019 - 05A30002 - LW t1 gp 2
001A - 21CC6800 - MUL t2 t0 t1
001B - 09C30003 - SW t2 gp 3
001C - 05E30003 - LW t3 gp 3
001D - 06030000 - LW t4 gp 0
001E - 4E307800 - SLT t5 t4 t3
001F - 80110022 - BEQ t5 zero el_5
0020 - 07C30003 - LW t6 gp 3
0021 - 0BC30004 - SW t6 gp 4
0022 - 51800000 - ADDI t0 zero 0
0023 - 09830005 - SW t0 gp 5
0024 - 05A30004 - LW t1 gp 4
0025 - 51C00000 - ADDI t2 zero 0
0026 - 4DEE6800 - SLT t3 t2 t1
0027 - 800F000F - BEQ t3 zero ew_8
0028 - 06030004 - LW t4 gp 4
0029 - 5220000A - ADDI t5 zero 10
002A - 2BD08800 - REM t6 t4 t5
002B - 0BC30006 - SW t6 gp 6
002C - 05830005 - LW t0 gp 5
002D - 51A0000A - ADDI t1 zero 10
002E - 21CC6800 - MUL t2 t0 t1
002F - 05E30006 - LW t3 gp 6
0030 - 1A0E7800 - ADD t4 t2 t3
0031 - 0A030005 - SW t4 gp 5
0032 - 06230004 - LW t5 gp 4
0033 - 53C0000A - ADDI t6 zero 10
0034 - 2591F000 - DIV t0 t5 t6
0035 - 09830004 - SW t0 gp 4
0036 - A0000024 - J w_7
0037 - 05A30005 - LW t1 gp 5
0038 - 05C30003 - LW t2 gp 3
0039 - 1DED7000 - SUB t3 t1 t2
003A - 800F0001 - BEQ t3 zero eq_9
003B - 51E00001 - ADDI t3 zero 1
003C - 51E00001 - ADDI t3 zero 1
003D - 800F0003 - BEQ t3 zero el_10
003E - 06030003 - LW t4 gp 3
003F - 0A030000 - SW t4 gp 0
0040 - A0000041 - J en_11
0041 - A0000042 - J en_6
0042 - 06230002 - LW t5 gp 2
0043 - 53C00001 - ADDI t6 zero 1
0044 - 1991F000 - ADD t0 t5 t6
0045 - 09830002 - SW t0 gp 2
0046 - A0000014 - J w_3
0047 - 05A30001 - LW t1 gp 1
0048 - 51C00001 - ADDI t2 zero 1
0049 - 19ED7000 - ADD t3 t1 t2
004A - 09E30001 - SW t3 gp 1
004B - A000000E - J w_1
004C - 06030000 - LW t4 gp 0
004D - 0A030007 - SW t4 gp 7
004E - 52200000 - ADDI t5 zero 0
004F - 0A230008 - SW t5 gp 8
0050 - 53C00001 - ADDI t6 zero 1
0051 - 0BC30009 - SW t6 gp 9
0052 - 05830007 - LW t0 gp 7
0053 - 51A00000 - ADDI t1 zero 0
0054 - 4DCD6000 - SLT t2 t1 t0
0055 - 800E000D - BEQ t2 zero ew_13
0056 - 05E30008 - LW t3 gp 8
0057 - 52000001 - ADDI t4 zero 1
0058 - 1A2F8000 - ADD t5 t3 t4
0059 - 0A230008 - SW t5 gp 8
005A - 07C30007 - LW t6 gp 7
005B - 5180000A - ADDI t0 zero 10
005C - 25BE6000 - DIV t1 t6 t0
005D - 09A30007 - SW t1 gp 7
005E - 05C30009 - LW t2 gp 9
005F - 51E0000A - ADDI t3 zero 10
0060 - 220E7800 - MUL t4 t2 t3
0061 - 0A030009 - SW t4 gp 9
0062 - A0000052 - J w_12
0063 - 06230009 - LW t5 gp 9
0064 - 53C0000A - ADDI t6 zero 10
0065 - 2591F000 - DIV t0 t5 t6
0066 - 09830009 - SW t0 gp 9
0067 - 05A30009 - LW t1 gp 9
0068 - 51C00000 - ADDI t2 zero 0
0069 - 4DEE6800 - SLT t3 t2 t1
006A - 800F0013 - BEQ t3 zero ew_15
006B - 06030000 - LW t4 gp 0
006C - 06230009 - LW t5 gp 9
006D - 27D08800 - DIV t6 t4 t5
006E - 0BC30006 - SW t6 gp 6
006F - 05830006 - LW t0 gp 6
0070 - 51A00030 - ADDI t1 zero 48
0071 - 19CC6800 - ADD t2 t0 t1
0072 - 09C007F4 - SW t2 zero 0xFFF4
0073 - 05E30000 - LW t3 gp 0
0074 - 06030006 - LW t4 gp 6
0075 - 06230009 - LW t5 gp 9
0076 - 23D08800 - MUL t6 t4 t5
0077 - 1D8FF000 - SUB t0 t3 t6
0078 - 09830000 - SW t0 gp 0
0079 - 05A30009 - LW t1 gp 9
007A - 51C0000A - ADDI t2 zero 10
007B - 25ED7000 - DIV t3 t1 t2
007C - 09E30009 - SW t3 gp 9
007D - A0000067 - J w_14
007E - 5200000A - ADDI t4 zero 10
007F - 0A0007F4 - SW t4 zero 0xFFF4
0080 - FC000000 - HALT 
0081 - FC000000 - HALT 
        .org 110
        .word 0
        .word 0
        .word 0
        .word 0
        .word 0
        .word 0
        .word 0
        .word 0
        .word 0
        .word 0